[2026-02-15 11:00:57Z INFO HostContext] No proxy settings were found based on environmental variables (http_proxy/https_proxy/HTTP_PROXY/HTTPS_PROXY)
[2026-02-15 11:00:57Z INFO HostContext] Well known directory 'Bin': 'C:\projects\bio-vanta-kube-local\actions-runner\actions-runner\bin'
[2026-02-15 11:00:57Z INFO HostContext] Well known directory 'Root': 'C:\projects\bio-vanta-kube-local\actions-runner\actions-runner'
[2026-02-15 11:00:57Z INFO HostContext] Well known config file 'Credentials': 'C:\projects\bio-vanta-kube-local\actions-runner\actions-runner\.credentials'
[2026-02-15 11:00:57Z INFO HostContext] Well known directory 'Bin': 'C:\projects\bio-vanta-kube-local\actions-runner\actions-runner\bin'
[2026-02-15 11:00:57Z INFO HostContext] Well known directory 'Root': 'C:\projects\bio-vanta-kube-local\actions-runner\actions-runner'
[2026-02-15 11:00:57Z INFO HostContext] Well known config file 'Runner': 'C:\projects\bio-vanta-kube-local\actions-runner\actions-runner\.runner'
[2026-02-15 11:00:57Z INFO Listener] Runner is built for Windows (X64) - win-x64.
[2026-02-15 11:00:57Z INFO Listener] RuntimeInformation: Microsoft Windows 10.0.26200.
[2026-02-15 11:00:57Z INFO Listener] Version: 2.331.0
[2026-02-15 11:00:57Z INFO Listener] Commit: 39f6c643d3032f8795fa71f1482731ca90c8e038
[2026-02-15 11:00:57Z INFO Listener] Culture: en-US
[2026-02-15 11:00:57Z INFO Listener] UI Culture: en-US
[2026-02-15 11:00:57Z INFO HostContext] Well known directory 'Bin': 'C:\projects\bio-vanta-kube-local\actions-runner\actions-runner\bin'
[2026-02-15 11:00:57Z INFO HostContext] Well known directory 'Root': 'C:\projects\bio-vanta-kube-local\actions-runner\actions-runner'
[2026-02-15 11:00:57Z INFO Listener] Validating directory permissions for: 'C:\projects\bio-vanta-kube-local\actions-runner\actions-runner'
[2026-02-15 11:00:57Z INFO CommandLineParser] Parse
[2026-02-15 11:00:57Z INFO CommandLineParser] Parsing 1 args
[2026-02-15 11:00:57Z INFO CommandLineParser] parsing argument
[2026-02-15 11:00:57Z INFO CommandLineParser] HasArgs: False
[2026-02-15 11:00:57Z INFO CommandLineParser] Adding Command: run
[2026-02-15 11:00:57Z INFO Listener] Arguments parsed
[2026-02-15 11:00:57Z INFO Runner] ExecuteCommand
[2026-02-15 11:00:57Z INFO ConfigurationStore] currentAssemblyLocation: C:\projects\bio-vanta-kube-local\actions-runner\actions-runner\bin\Runner.Listener.dll
[2026-02-15 11:00:57Z INFO HostContext] Well known directory 'Bin': 'C:\projects\bio-vanta-kube-local\actions-runner\actions-runner\bin'
[2026-02-15 11:00:57Z INFO ConfigurationStore] binPath: C:\projects\bio-vanta-kube-local\actions-runner\actions-runner\bin
[2026-02-15 11:00:57Z INFO HostContext] Well known directory 'Bin': 'C:\projects\bio-vanta-kube-local\actions-runner\actions-runner\bin'
[2026-02-15 11:00:57Z INFO HostContext] Well known directory 'Root': 'C:\projects\bio-vanta-kube-local\actions-runner\actions-runner'
[2026-02-15 11:00:57Z INFO ConfigurationStore] RootFolder: C:\projects\bio-vanta-kube-local\actions-runner\actions-runner
[2026-02-15 11:00:57Z INFO HostContext] Well known directory 'Bin': 'C:\projects\bio-vanta-kube-local\actions-runner\actions-runner\bin'
[2026-02-15 11:00:57Z INFO HostContext] Well known directory 'Root': 'C:\projects\bio-vanta-kube-local\actions-runner\actions-runner'
[2026-02-15 11:00:57Z INFO HostContext] Well known config file 'Runner': 'C:\projects\bio-vanta-kube-local\actions-runner\actions-runner\.runner'
[2026-02-15 11:00:57Z INFO ConfigurationStore] ConfigFilePath: C:\projects\bio-vanta-kube-local\actions-runner\actions-runner\.runner
[2026-02-15 11:00:57Z INFO HostContext] Well known directory 'Bin': 'C:\projects\bio-vanta-kube-local\actions-runner\actions-runner\bin'
[2026-02-15 11:00:57Z INFO HostContext] Well known directory 'Root': 'C:\projects\bio-vanta-kube-local\actions-runner\actions-runner'
[2026-02-15 11:00:57Z INFO HostContext] Well known config file 'MigratedRunner': 'C:\projects\bio-vanta-kube-local\actions-runner\actions-runner\.runner_migrated'
[2026-02-15 11:00:57Z INFO ConfigurationStore] MigratedConfigFilePath: C:\projects\bio-vanta-kube-local\actions-runner\actions-runner\.runner_migrated
[2026-02-15 11:00:57Z INFO HostContext] Well known directory 'Bin': 'C:\projects\bio-vanta-kube-local\actions-runner\actions-runner\bin'
[2026-02-15 11:00:57Z INFO HostContext] Well known directory 'Root': 'C:\projects\bio-vanta-kube-local\actions-runner\actions-runner'
[2026-02-15 11:00:57Z INFO HostContext] Well known config file 'Credentials': 'C:\projects\bio-vanta-kube-local\actions-runner\actions-runner\.credentials'
[2026-02-15 11:00:57Z INFO ConfigurationStore] CredFilePath: C:\projects\bio-vanta-kube-local\actions-runner\actions-runner\.credentials
[2026-02-15 11:00:57Z INFO HostContext] Well known directory 'Bin': 'C:\projects\bio-vanta-kube-local\actions-runner\actions-runner\bin'
[2026-02-15 11:00:57Z INFO HostContext] Well known directory 'Root': 'C:\projects\bio-vanta-kube-local\actions-runner\actions-runner'
[2026-02-15 11:00:57Z INFO HostContext] Well known config file 'MigratedCredentials': 'C:\projects\bio-vanta-kube-local\actions-runner\actions-runner\.credentials_migrated'
[2026-02-15 11:00:57Z INFO ConfigurationStore] MigratedCredFilePath: C:\projects\bio-vanta-kube-local\actions-runner\actions-runner\.credentials_migrated
[2026-02-15 11:00:57Z INFO HostContext] Well known directory 'Bin': 'C:\projects\bio-vanta-kube-local\actions-runner\actions-runner\bin'
[2026-02-15 11:00:57Z INFO HostContext] Well known directory 'Root': 'C:\projects\bio-vanta-kube-local\actions-runner\actions-runner'
[2026-02-15 11:00:57Z INFO HostContext] Well known config file 'Service': 'C:\projects\bio-vanta-kube-local\actions-runner\actions-runner\.service'
[2026-02-15 11:00:57Z INFO ConfigurationStore] ServiceConfigFilePath: C:\projects\bio-vanta-kube-local\actions-runner\actions-runner\.service
[2026-02-15 11:00:57Z INFO CommandSettings] Flag 'help': 'False'
[2026-02-15 11:00:57Z INFO CommandSettings] Flag 'version': 'False'
[2026-02-15 11:00:57Z INFO CommandSettings] Flag 'commit': 'False'
[2026-02-15 11:00:57Z INFO CommandSettings] Flag 'check': 'False'
[2026-02-15 11:00:57Z INFO CommandSettings] Command 'configure': 'False'
[2026-02-15 11:00:57Z INFO CommandSettings] Command 'remove': 'False'
[2026-02-15 11:00:57Z INFO CommandSettings] Command 'warmup': 'False'
[2026-02-15 11:00:57Z INFO ConfigurationManager] LoadSettings
[2026-02-15 11:00:57Z INFO ConfigurationStore] IsConfigured()
[2026-02-15 11:00:57Z INFO ConfigurationStore] IsConfigured: True
[2026-02-15 11:00:57Z INFO ConfigurationManager] Is configured: True
[2026-02-15 11:00:57Z INFO ConfigurationStore] Read setting file: 410 chars
[2026-02-15 11:00:57Z INFO ConfigurationManager] Settings Loaded
[2026-02-15 11:00:57Z INFO ConfigurationStore] IsServiceConfigured()
[2026-02-15 11:00:57Z INFO ConfigurationStore] IsServiceConfigured: False
[2026-02-15 11:00:57Z INFO CommandSettings] Command 'run': 'True'
[2026-02-15 11:00:57Z INFO ConfigurationStore] IsConfigured()
[2026-02-15 11:00:57Z INFO ConfigurationStore] IsConfigured: True
[2026-02-15 11:00:57Z INFO ConfigurationManager] Is configured: True
[2026-02-15 11:00:57Z INFO Runner] Could not parse the argument value '' for StartupType. Defaulting to Manual
[2026-02-15 11:00:57Z INFO Runner] Set runner startup type - Manual
[2026-02-15 11:00:57Z INFO CommandSettings] Flag 'once': 'False'
[2026-02-15 11:00:57Z INFO CommandSettings] Flag 'once': 'False'
[2026-02-15 11:00:57Z INFO Runner] RunAsync
[2026-02-15 11:00:57Z INFO ConfigurationManager] LoadMigratedSettings
[2026-02-15 11:00:57Z INFO ConfigurationStore] IsMigratedConfigured()
[2026-02-15 11:00:57Z INFO ConfigurationStore] IsMigratedConfigured: False
[2026-02-15 11:00:57Z INFO Runner] Failed to load migrated settings: No migrated configuration found.
[2026-02-15 11:00:57Z INFO Runner] Falling back to original .runner settings
[2026-02-15 11:00:57Z INFO Runner] Using BrokerMessageListener
[2026-02-15 11:00:57Z INFO BrokerMessageListener] Using provided settings
[2026-02-15 11:00:57Z INFO BrokerMessageListener] {
  "AgentId": 2,
  "AgentName": "JUTHATHIP",
  "PoolId": 1,
  "PoolName": "Default",
  "ServerUrl": "https://pipelinesghubeus2.actions.githubusercontent.com/jOqMsT0rv3hL313qWXUJUGGfGTig2Okb22GKS85K1NnuojTVms/",
  "GitHubUrl": "https://github.com/JuthathipMae/bio-vanta-kube-localeiei2",
  "WorkFolder": "_work",
  "UseV2Flow": true,
  "ServerUrlV2": "https://broker.actions.githubusercontent.com/"
}
[2026-02-15 11:00:57Z INFO BrokerMessageListener] Loading Credentials
[2026-02-15 11:00:57Z INFO ConfigurationStore] HasCredentials()
[2026-02-15 11:00:57Z INFO ConfigurationStore] stored True
[2026-02-15 11:00:57Z INFO CredentialManager] GetCredentialProvider
[2026-02-15 11:00:57Z INFO CredentialManager] Creating type OAuth
[2026-02-15 11:00:57Z INFO CredentialManager] Creating credential type: OAuth
[2026-02-15 11:00:57Z INFO HostContext] Well known directory 'Bin': 'C:\projects\bio-vanta-kube-local\actions-runner\actions-runner\bin'
[2026-02-15 11:00:57Z INFO HostContext] Well known directory 'Root': 'C:\projects\bio-vanta-kube-local\actions-runner\actions-runner'
[2026-02-15 11:00:57Z INFO HostContext] Well known config file 'RSACredentials': 'C:\projects\bio-vanta-kube-local\actions-runner\actions-runner\.credentials_rsaparams'
[2026-02-15 11:00:57Z INFO RSAEncryptedFileKeyManager] Loading RSA key parameters from file C:\projects\bio-vanta-kube-local\actions-runner\actions-runner\.credentials_rsaparams
[2026-02-15 11:00:57Z INFO BrokerMessageListener] Attempt to create session.
[2026-02-15 11:00:57Z INFO BrokerMessageListener] Connecting to the Broker Server...
[2026-02-15 11:00:57Z INFO ConfigurationStore] HasCredentials()
[2026-02-15 11:00:57Z INFO ConfigurationStore] stored True
[2026-02-15 11:00:57Z INFO CredentialManager] GetCredentialProvider
[2026-02-15 11:00:57Z INFO CredentialManager] Creating type OAuth
[2026-02-15 11:00:57Z INFO CredentialManager] Creating credential type: OAuth
[2026-02-15 11:00:57Z INFO RSAEncryptedFileKeyManager] Loading RSA key parameters from file C:\projects\bio-vanta-kube-local\actions-runner\actions-runner\.credentials_rsaparams
[2026-02-15 11:00:57Z INFO BrokerMessageListener] VssConnection created
[2026-02-15 11:00:57Z INFO BrokerMessageListener] Connecting to the Runner server...
[2026-02-15 11:00:57Z INFO RunnerServer] EstablishVssConnection
[2026-02-15 11:00:57Z INFO RunnerServer] Establish connection with 100 seconds timeout.
[2026-02-15 11:00:58Z INFO GitHubActionsService] Starting operation Location.GetConnectionData
[2026-02-15 11:00:58Z INFO RunnerServer] EstablishVssConnection
[2026-02-15 11:00:58Z INFO RunnerServer] Establish connection with 60 seconds timeout.
[2026-02-15 11:00:58Z INFO GitHubActionsService] Starting operation Location.GetConnectionData
[2026-02-15 11:00:58Z INFO RunnerServer] EstablishVssConnection
[2026-02-15 11:00:58Z INFO RunnerServer] Establish connection with 60 seconds timeout.
[2026-02-15 11:00:58Z INFO GitHubActionsService] Starting operation Location.GetConnectionData
[2026-02-15 11:00:59Z INFO GitHubActionsService] Finished operation Location.GetConnectionData
[2026-02-15 11:00:59Z INFO GitHubActionsService] Finished operation Location.GetConnectionData
[2026-02-15 11:00:59Z INFO GitHubActionsService] Finished operation Location.GetConnectionData
[2026-02-15 11:00:59Z INFO BrokerMessageListener] VssConnection created
[2026-02-15 11:00:59Z INFO Terminal] WRITE LINE: 
[2026-02-15 11:00:59Z INFO Terminal] WRITE LINE: 
[2026-02-15 11:00:59Z INFO RSAEncryptedFileKeyManager] Loading RSA key parameters from file C:\projects\bio-vanta-kube-local\actions-runner\actions-runner\.credentials_rsaparams
[2026-02-15 11:00:59Z INFO RSAEncryptedFileKeyManager] Loading RSA key parameters from file C:\projects\bio-vanta-kube-local\actions-runner\actions-runner\.credentials_rsaparams
[2026-02-15 11:01:00Z INFO GitHubActionsService] AAD Correlation ID for this token request: Unknown
[2026-02-15 11:01:01Z INFO BrokerMessageListener] Session created.
[2026-02-15 11:01:01Z INFO Terminal] WRITE LINE: Current runner version: '2.331.0'
[2026-02-15 11:01:01Z INFO Terminal] WRITE LINE: 2026-02-15 11:01:01Z: Listening for Jobs
[2026-02-15 11:01:01Z INFO JobDispatcher] Set runner/worker IPC timeout to 30 seconds.
[2026-02-15 11:01:02Z INFO BrokerMessageListener] Acknowledging runner request '34f2e389-d071-52ea-a4f7-78e3e6a43452'.
[2026-02-15 11:01:03Z INFO ConfigurationStore] HasCredentials()
[2026-02-15 11:01:03Z INFO ConfigurationStore] stored True
[2026-02-15 11:01:03Z INFO CredentialManager] GetCredentialProvider
[2026-02-15 11:01:03Z INFO CredentialManager] Creating type OAuth
[2026-02-15 11:01:03Z INFO CredentialManager] Creating credential type: OAuth
[2026-02-15 11:01:03Z INFO RSAEncryptedFileKeyManager] Loading RSA key parameters from file C:\projects\bio-vanta-kube-local\actions-runner\actions-runner\.credentials_rsaparams
[2026-02-15 11:01:03Z INFO RSAEncryptedFileKeyManager] Loading RSA key parameters from file C:\projects\bio-vanta-kube-local\actions-runner\actions-runner\.credentials_rsaparams
[2026-02-15 11:01:03Z INFO RSAEncryptedFileKeyManager] Loading RSA key parameters from file C:\projects\bio-vanta-kube-local\actions-runner\actions-runner\.credentials_rsaparams
[2026-02-15 11:01:04Z INFO GitHubActionsService] AAD Correlation ID for this token request: Unknown
[2026-02-15 11:01:05Z INFO JobDispatcher] Job request 0 for plan fb7e7a76-615c-4e25-8ef4-2a364fca70ee job 34f2e389-d071-52ea-a4f7-78e3e6a43452 received.
[2026-02-15 11:01:05Z INFO JobDispatcher] Pull OrchestrationId fb7e7a76-615c-4e25-8ef4-2a364fca70ee.deploy.__default from JWT claims
[2026-02-15 11:01:05Z INFO BrokerMessageListener] Received job status event. JobState: Busy
[2026-02-15 11:01:05Z INFO BrokerMessageListener] _getMessagesTokenSource is already disposed.
[2026-02-15 11:01:05Z INFO Terminal] WRITE LINE: 2026-02-15 11:01:05Z: Running job: deploy
[2026-02-15 11:01:05Z INFO JobDispatcher] Start renew job request 0 for job 34f2e389-d071-52ea-a4f7-78e3e6a43452.
[2026-02-15 11:01:06Z INFO JobDispatcher] Successfully renew job 34f2e389-d071-52ea-a4f7-78e3e6a43452, job is valid till 2/15/2026 11:11:06 AM
[2026-02-15 11:01:06Z INFO HostContext] Well known directory 'Bin': 'C:\projects\bio-vanta-kube-local\actions-runner\actions-runner\bin'
[2026-02-15 11:01:06Z INFO ProcessInvokerWrapper] Starting process:
[2026-02-15 11:01:06Z INFO ProcessInvokerWrapper]   File name: 'C:\projects\bio-vanta-kube-local\actions-runner\actions-runner\bin\Runner.Worker.exe'
[2026-02-15 11:01:06Z INFO ProcessInvokerWrapper]   Arguments: 'spawnclient 2296 2308'
[2026-02-15 11:01:06Z INFO ProcessInvokerWrapper]   Working directory: 'C:\projects\bio-vanta-kube-local\actions-runner\actions-runner\bin'
[2026-02-15 11:01:06Z INFO ProcessInvokerWrapper]   Require exit code zero: 'False'
[2026-02-15 11:01:06Z INFO ProcessInvokerWrapper]   Encoding web name:  ; code page: ''
[2026-02-15 11:01:06Z INFO ProcessInvokerWrapper]   Force kill process on cancellation: 'True'
[2026-02-15 11:01:06Z INFO ProcessInvokerWrapper]   Redirected STDIN: 'False'
[2026-02-15 11:01:06Z INFO ProcessInvokerWrapper]   Persist current code page: 'False'
[2026-02-15 11:01:06Z INFO ProcessInvokerWrapper]   Keep redirected STDIN open: 'False'
[2026-02-15 11:01:06Z INFO ProcessInvokerWrapper]   High priority process: 'True'
[2026-02-15 11:01:06Z INFO ProcessInvokerWrapper] Process started with process id 18136, waiting for process exit.
[2026-02-15 11:01:06Z INFO JobDispatcher] Send job request message to worker for job 34f2e389-d071-52ea-a4f7-78e3e6a43452.
[2026-02-15 11:01:06Z INFO ProcessChannel] Sending message of length 20388, with hash 'd1ccfdb13c1d73a9429616511263df25149447e07eb61a64b32c70ddc5b8a30c'
[2026-02-15 11:01:06Z INFO JobNotification] Entering JobStarted Notification
[2026-02-15 11:01:06Z INFO JobNotification] Entering StartMonitor
[2026-02-15 11:01:57Z INFO ProcessInvokerWrapper] STDOUT/STDERR stream read finished.
[2026-02-15 11:01:57Z INFO ProcessInvokerWrapper] STDOUT/STDERR stream read finished.
[2026-02-15 11:01:57Z INFO ProcessInvokerWrapper] Finished process 18136 with exit code 102, and elapsed time 00:00:50.5082695.
[2026-02-15 11:01:57Z INFO JobDispatcher] Worker finished for job 34f2e389-d071-52ea-a4f7-78e3e6a43452. Code: 102
[2026-02-15 11:01:57Z INFO JobDispatcher] finish job request for job 34f2e389-d071-52ea-a4f7-78e3e6a43452 with result: Failed
[2026-02-15 11:01:57Z INFO Terminal] WRITE LINE: 2026-02-15 11:01:57Z: Job deploy completed with result: Failed
[2026-02-15 11:01:57Z INFO JobDispatcher] Stop renew job request for job 34f2e389-d071-52ea-a4f7-78e3e6a43452.
[2026-02-15 11:01:57Z INFO JobDispatcher] job renew has been cancelled, stop renew job 34f2e389-d071-52ea-a4f7-78e3e6a43452.
[2026-02-15 11:01:57Z INFO JobNotification] Entering JobCompleted Notification
[2026-02-15 11:01:57Z INFO JobNotification] Entering EndMonitor
[2026-02-15 11:01:57Z INFO BrokerMessageListener] Received job status event. JobState: Online
[2026-02-15 11:01:57Z WARN GitHubActionsService] GET request to https://broker.actions.githubusercontent.com/message?sessionId=22fad165-2c52-4f77-90ce-a50233aa5990&status=Busy&runnerVersion=2.331.0&os=Windows&architecture=X64&disableUpdate=false has been cancelled.
[2026-02-15 11:01:57Z ERR  BrokerServer] Catch exception during request
[2026-02-15 11:01:57Z ERR  BrokerServer] System.Threading.Tasks.TaskCanceledException: The operation was canceled.
 ---> System.Threading.Tasks.TaskCanceledException: The operation was canceled.
 ---> System.IO.IOException: Unable to read data from the transport connection: The I/O operation has been aborted because of either a thread exit or an application request..
 ---> System.Net.Sockets.SocketException (995): The I/O operation has been aborted because of either a thread exit or an application request.
   --- End of inner exception stack trace ---
   at System.Net.Sockets.Socket.AwaitableSocketAsyncEventArgs.ThrowException(SocketError error, CancellationToken cancellationToken)
   at System.Net.Sockets.Socket.AwaitableSocketAsyncEventArgs.System.Threading.Tasks.Sources.IValueTaskSource<System.Int32>.GetResult(Int16 token)
   at System.Net.Security.SslStream.EnsureFullTlsFrameAsync[TIOAdapter](CancellationToken cancellationToken, Int32 estimatedSize)
   at System.Runtime.CompilerServices.PoolingAsyncValueTaskMethodBuilder`1.StateMachineBox`1.System.Threading.Tasks.Sources.IValueTaskSource<TResult>.GetResult(Int16 token)
   at System.Net.Security.SslStream.ReadAsyncInternal[TIOAdapter](Memory`1 buffer, CancellationToken cancellationToken)
   at System.Runtime.CompilerServices.PoolingAsyncValueTaskMethodBuilder`1.StateMachineBox`1.System.Threading.Tasks.Sources.IValueTaskSource<TResult>.GetResult(Int16 token)
   at System.Net.Http.HttpConnection.SendAsync(HttpRequestMessage request, Boolean async, CancellationToken cancellationToken)
   --- End of inner exception stack trace ---
   at System.Net.Http.HttpConnection.SendAsync(HttpRequestMessage request, Boolean async, CancellationToken cancellationToken)
   at System.Net.Http.AuthenticationHelper.SendWithNtAuthAsync(HttpRequestMessage request, Uri authUri, Boolean async, ICredentials credentials, Boolean isProxyAuth, HttpConnection connection, HttpConnectionPool connectionPool, CancellationToken cancellationToken)
   at System.Net.Http.HttpConnectionPool.SendWithVersionDetectionAndRetryAsync(HttpRequestMessage request, Boolean async, Boolean doRequestAuth, CancellationToken cancellationToken)
   at System.Net.Http.AuthenticationHelper.SendWithAuthAsync(HttpRequestMessage request, Uri authUri, Boolean async, ICredentials credentials, Boolean preAuthenticate, Boolean isProxyAuth, Boolean doRequestAuth, HttpConnectionPool pool, CancellationToken cancellationToken)
   at System.Net.Http.RedirectHandler.SendAsync(HttpRequestMessage request, Boolean async, CancellationToken cancellationToken)
   at GitHub.Services.Common.RawHttpMessageHandler.SendAsync(HttpRequestMessage request, CancellationToken cancellationToken)
   at GitHub.Services.Common.VssHttpRetryMessageHandler.SendAsync(HttpRequestMessage request, CancellationToken cancellationToken)
   at System.Net.Http.HttpClient.<SendAsync>g__Core|83_0(HttpRequestMessage request, HttpCompletionOption completionOption, CancellationTokenSource cts, Boolean disposeCts, CancellationTokenSource pendingRequestsCts, CancellationToken originalCancellationToken)
   --- End of inner exception stack trace ---
   at System.Net.Http.HttpClient.HandleFailure(Exception e, Boolean telemetryStarted, HttpResponseMessage response, CancellationTokenSource cts, CancellationToken cancellationToken, CancellationTokenSource pendingRequestsCts)
   at System.Net.Http.HttpClient.<SendAsync>g__Core|83_0(HttpRequestMessage request, HttpCompletionOption completionOption, CancellationTokenSource cts, Boolean disposeCts, CancellationTokenSource pendingRequestsCts, CancellationToken originalCancellationToken)
   at Sdk.WebApi.WebApi.RawHttpClientBase.SendAsync(HttpRequestMessage message, HttpCompletionOption completionOption, Object userState, CancellationToken cancellationToken)
   at Sdk.WebApi.WebApi.RawHttpClientBase.SendAsync[T](HttpRequestMessage message, Boolean readErrorBody, Object userState, CancellationToken cancellationToken)
   at Sdk.WebApi.WebApi.RawHttpClientBase.SendAsync[T](HttpMethod method, IEnumerable`1 additionalHeaders, Uri requestUri, HttpContent content, IEnumerable`1 queryParameters, Boolean readErrorBody, Object userState, CancellationToken cancellationToken)
   at GitHub.Actions.RunService.WebApi.BrokerHttpClient.GetRunnerMessageAsync(Nullable`1 sessionId, String runnerVersion, Nullable`1 status, String os, String architecture, Nullable`1 disableUpdate, CancellationToken cancellationToken)
   at GitHub.Runner.Common.BrokerServer.<>c__DisplayClass7_0.<<GetRunnerMessageAsync>b__0>d.MoveNext()
--- End of stack trace from previous location ---
   at GitHub.Runner.Common.RunnerService.RetryRequest[T](Func`1 func, CancellationToken cancellationToken, Int32 maxAttempts, Func`2 shouldRetry)
[2026-02-15 11:01:57Z ERR  BrokerServer] #####################################################
[2026-02-15 11:01:57Z ERR  BrokerServer] System.Threading.Tasks.TaskCanceledException: The operation was canceled.
 ---> System.IO.IOException: Unable to read data from the transport connection: The I/O operation has been aborted because of either a thread exit or an application request..
 ---> System.Net.Sockets.SocketException (995): The I/O operation has been aborted because of either a thread exit or an application request.
   --- End of inner exception stack trace ---
   at System.Net.Sockets.Socket.AwaitableSocketAsyncEventArgs.ThrowException(SocketError error, CancellationToken cancellationToken)
   at System.Net.Sockets.Socket.AwaitableSocketAsyncEventArgs.System.Threading.Tasks.Sources.IValueTaskSource<System.Int32>.GetResult(Int16 token)
   at System.Net.Security.SslStream.EnsureFullTlsFrameAsync[TIOAdapter](CancellationToken cancellationToken, Int32 estimatedSize)
   at System.Runtime.CompilerServices.PoolingAsyncValueTaskMethodBuilder`1.StateMachineBox`1.System.Threading.Tasks.Sources.IValueTaskSource<TResult>.GetResult(Int16 token)
   at System.Net.Security.SslStream.ReadAsyncInternal[TIOAdapter](Memory`1 buffer, CancellationToken cancellationToken)
   at System.Runtime.CompilerServices.PoolingAsyncValueTaskMethodBuilder`1.StateMachineBox`1.System.Threading.Tasks.Sources.IValueTaskSource<TResult>.GetResult(Int16 token)
   at System.Net.Http.HttpConnection.SendAsync(HttpRequestMessage request, Boolean async, CancellationToken cancellationToken)
   --- End of inner exception stack trace ---
   at System.Net.Http.HttpConnection.SendAsync(HttpRequestMessage request, Boolean async, CancellationToken cancellationToken)
   at System.Net.Http.AuthenticationHelper.SendWithNtAuthAsync(HttpRequestMessage request, Uri authUri, Boolean async, ICredentials credentials, Boolean isProxyAuth, HttpConnection connection, HttpConnectionPool connectionPool, CancellationToken cancellationToken)
   at System.Net.Http.HttpConnectionPool.SendWithVersionDetectionAndRetryAsync(HttpRequestMessage request, Boolean async, Boolean doRequestAuth, CancellationToken cancellationToken)
   at System.Net.Http.AuthenticationHelper.SendWithAuthAsync(HttpRequestMessage request, Uri authUri, Boolean async, ICredentials credentials, Boolean preAuthenticate, Boolean isProxyAuth, Boolean doRequestAuth, HttpConnectionPool pool, CancellationToken cancellationToken)
   at System.Net.Http.RedirectHandler.SendAsync(HttpRequestMessage request, Boolean async, CancellationToken cancellationToken)
   at GitHub.Services.Common.RawHttpMessageHandler.SendAsync(HttpRequestMessage request, CancellationToken cancellationToken)
   at GitHub.Services.Common.VssHttpRetryMessageHandler.SendAsync(HttpRequestMessage request, CancellationToken cancellationToken)
   at System.Net.Http.HttpClient.<SendAsync>g__Core|83_0(HttpRequestMessage request, HttpCompletionOption completionOption, CancellationTokenSource cts, Boolean disposeCts, CancellationTokenSource pendingRequestsCts, CancellationToken originalCancellationToken)
[2026-02-15 11:01:57Z ERR  BrokerServer] #####################################################
[2026-02-15 11:01:57Z ERR  BrokerServer] System.IO.IOException: Unable to read data from the transport connection: The I/O operation has been aborted because of either a thread exit or an application request..
 ---> System.Net.Sockets.SocketException (995): The I/O operation has been aborted because of either a thread exit or an application request.
   --- End of inner exception stack trace ---
   at System.Net.Sockets.Socket.AwaitableSocketAsyncEventArgs.ThrowException(SocketError error, CancellationToken cancellationToken)
   at System.Net.Sockets.Socket.AwaitableSocketAsyncEventArgs.System.Threading.Tasks.Sources.IValueTaskSource<System.Int32>.GetResult(Int16 token)
   at System.Net.Security.SslStream.EnsureFullTlsFrameAsync[TIOAdapter](CancellationToken cancellationToken, Int32 estimatedSize)
   at System.Runtime.CompilerServices.PoolingAsyncValueTaskMethodBuilder`1.StateMachineBox`1.System.Threading.Tasks.Sources.IValueTaskSource<TResult>.GetResult(Int16 token)
   at System.Net.Security.SslStream.ReadAsyncInternal[TIOAdapter](Memory`1 buffer, CancellationToken cancellationToken)
   at System.Runtime.CompilerServices.PoolingAsyncValueTaskMethodBuilder`1.StateMachineBox`1.System.Threading.Tasks.Sources.IValueTaskSource<TResult>.GetResult(Int16 token)
   at System.Net.Http.HttpConnection.SendAsync(HttpRequestMessage request, Boolean async, CancellationToken cancellationToken)
[2026-02-15 11:01:57Z ERR  BrokerServer] #####################################################
[2026-02-15 11:01:57Z ERR  BrokerServer] System.Net.Sockets.SocketException (995): The I/O operation has been aborted because of either a thread exit or an application request.
[2026-02-15 11:01:57Z WARN BrokerServer] Back off 14.453 seconds before next retry. 4 attempt left.
[2026-02-15 11:01:57Z INFO BrokerMessageListener] Get messages has been cancelled using local token source. Continue to get messages with new status.
[2026-02-15 11:04:03Z INFO BrokerMessageListener] Acknowledging runner request 'e7734320-e866-5e7a-a374-30f56877c1e0'.
[2026-02-15 11:04:03Z INFO ConfigurationStore] HasCredentials()
[2026-02-15 11:04:03Z INFO ConfigurationStore] stored True
[2026-02-15 11:04:03Z INFO CredentialManager] GetCredentialProvider
[2026-02-15 11:04:03Z INFO CredentialManager] Creating type OAuth
[2026-02-15 11:04:03Z INFO CredentialManager] Creating credential type: OAuth
[2026-02-15 11:04:03Z INFO RSAEncryptedFileKeyManager] Loading RSA key parameters from file C:\projects\bio-vanta-kube-local\actions-runner\actions-runner\.credentials_rsaparams
[2026-02-15 11:04:03Z INFO RSAEncryptedFileKeyManager] Loading RSA key parameters from file C:\projects\bio-vanta-kube-local\actions-runner\actions-runner\.credentials_rsaparams
[2026-02-15 11:04:03Z INFO RSAEncryptedFileKeyManager] Loading RSA key parameters from file C:\projects\bio-vanta-kube-local\actions-runner\actions-runner\.credentials_rsaparams
[2026-02-15 11:04:04Z INFO GitHubActionsService] AAD Correlation ID for this token request: Unknown
[2026-02-15 11:04:05Z INFO JobDispatcher] Job request 0 for plan 205adabf-ced5-4924-8225-d54f6f80fd15 job e7734320-e866-5e7a-a374-30f56877c1e0 received.
[2026-02-15 11:04:05Z INFO JobDispatcher] Pull OrchestrationId 205adabf-ced5-4924-8225-d54f6f80fd15.deploy.__default from JWT claims
[2026-02-15 11:04:05Z INFO BrokerMessageListener] Received job status event. JobState: Busy
[2026-02-15 11:04:05Z INFO BrokerMessageListener] _getMessagesTokenSource is already disposed.
[2026-02-15 11:04:05Z INFO JobDispatcher] Job request 34f2e389-d071-52ea-a4f7-78e3e6a43452 processed succeed.
[2026-02-15 11:04:05Z INFO Terminal] WRITE LINE: 2026-02-15 11:04:05Z: Running job: deploy
[2026-02-15 11:04:05Z INFO JobDispatcher] Start renew job request 0 for job e7734320-e866-5e7a-a374-30f56877c1e0.
[2026-02-15 11:04:06Z INFO JobDispatcher] Successfully renew job e7734320-e866-5e7a-a374-30f56877c1e0, job is valid till 2/15/2026 11:14:06 AM
[2026-02-15 11:04:06Z INFO HostContext] Well known directory 'Bin': 'C:\projects\bio-vanta-kube-local\actions-runner\actions-runner\bin'
[2026-02-15 11:04:06Z INFO ProcessInvokerWrapper] Starting process:
[2026-02-15 11:04:06Z INFO ProcessInvokerWrapper]   File name: 'C:\projects\bio-vanta-kube-local\actions-runner\actions-runner\bin\Runner.Worker.exe'
[2026-02-15 11:04:06Z INFO ProcessInvokerWrapper]   Arguments: 'spawnclient 1568 1428'
[2026-02-15 11:04:06Z INFO ProcessInvokerWrapper]   Working directory: 'C:\projects\bio-vanta-kube-local\actions-runner\actions-runner\bin'
[2026-02-15 11:04:06Z INFO ProcessInvokerWrapper]   Require exit code zero: 'False'
[2026-02-15 11:04:06Z INFO ProcessInvokerWrapper]   Encoding web name:  ; code page: ''
[2026-02-15 11:04:06Z INFO ProcessInvokerWrapper]   Force kill process on cancellation: 'True'
[2026-02-15 11:04:06Z INFO ProcessInvokerWrapper]   Redirected STDIN: 'False'
[2026-02-15 11:04:06Z INFO ProcessInvokerWrapper]   Persist current code page: 'False'
[2026-02-15 11:04:06Z INFO ProcessInvokerWrapper]   Keep redirected STDIN open: 'False'
[2026-02-15 11:04:06Z INFO ProcessInvokerWrapper]   High priority process: 'True'
[2026-02-15 11:04:06Z INFO ProcessInvokerWrapper] Process started with process id 3312, waiting for process exit.
[2026-02-15 11:04:06Z INFO JobDispatcher] Send job request message to worker for job e7734320-e866-5e7a-a374-30f56877c1e0.
[2026-02-15 11:04:06Z INFO ProcessChannel] Sending message of length 21040, with hash 'e90e66cf2f0d9713496c6cc44c3d137735b97f698a391de8c17169d06160b481'
[2026-02-15 11:04:07Z INFO JobNotification] Entering JobStarted Notification
[2026-02-15 11:04:07Z INFO JobNotification] Entering StartMonitor
[2026-02-15 11:04:52Z INFO ProcessInvokerWrapper] STDOUT/STDERR stream read finished.
[2026-02-15 11:04:52Z INFO ProcessInvokerWrapper] STDOUT/STDERR stream read finished.
[2026-02-15 11:04:52Z INFO ProcessInvokerWrapper] Finished process 3312 with exit code 102, and elapsed time 00:00:45.5928278.
[2026-02-15 11:04:52Z INFO JobDispatcher] Worker finished for job e7734320-e866-5e7a-a374-30f56877c1e0. Code: 102
[2026-02-15 11:04:52Z INFO JobDispatcher] finish job request for job e7734320-e866-5e7a-a374-30f56877c1e0 with result: Failed
[2026-02-15 11:04:52Z INFO Terminal] WRITE LINE: 2026-02-15 11:04:52Z: Job deploy completed with result: Failed
[2026-02-15 11:04:52Z INFO JobDispatcher] Stop renew job request for job e7734320-e866-5e7a-a374-30f56877c1e0.
[2026-02-15 11:04:52Z INFO JobDispatcher] job renew has been cancelled, stop renew job e7734320-e866-5e7a-a374-30f56877c1e0.
[2026-02-15 11:04:52Z INFO JobNotification] Entering JobCompleted Notification
[2026-02-15 11:04:52Z INFO JobNotification] Entering EndMonitor
[2026-02-15 11:04:52Z INFO BrokerMessageListener] Received job status event. JobState: Online
[2026-02-15 11:04:52Z WARN GitHubActionsService] GET request to https://broker.actions.githubusercontent.com/message?sessionId=22fad165-2c52-4f77-90ce-a50233aa5990&status=Busy&runnerVersion=2.331.0&os=Windows&architecture=X64&disableUpdate=false has been cancelled.
[2026-02-15 11:04:52Z ERR  BrokerServer] Catch exception during request
[2026-02-15 11:04:52Z ERR  BrokerServer] System.Threading.Tasks.TaskCanceledException: The operation was canceled.
 ---> System.Threading.Tasks.TaskCanceledException: The operation was canceled.
 ---> System.IO.IOException: Unable to read data from the transport connection: The I/O operation has been aborted because of either a thread exit or an application request..
 ---> System.Net.Sockets.SocketException (995): The I/O operation has been aborted because of either a thread exit or an application request.
   --- End of inner exception stack trace ---
   at System.Net.Sockets.Socket.AwaitableSocketAsyncEventArgs.ThrowException(SocketError error, CancellationToken cancellationToken)
   at System.Net.Sockets.Socket.AwaitableSocketAsyncEventArgs.System.Threading.Tasks.Sources.IValueTaskSource<System.Int32>.GetResult(Int16 token)
   at System.Net.Security.SslStream.EnsureFullTlsFrameAsync[TIOAdapter](CancellationToken cancellationToken, Int32 estimatedSize)
   at System.Runtime.CompilerServices.PoolingAsyncValueTaskMethodBuilder`1.StateMachineBox`1.System.Threading.Tasks.Sources.IValueTaskSource<TResult>.GetResult(Int16 token)
   at System.Net.Security.SslStream.ReadAsyncInternal[TIOAdapter](Memory`1 buffer, CancellationToken cancellationToken)
   at System.Runtime.CompilerServices.PoolingAsyncValueTaskMethodBuilder`1.StateMachineBox`1.System.Threading.Tasks.Sources.IValueTaskSource<TResult>.GetResult(Int16 token)
   at System.Net.Http.HttpConnection.SendAsync(HttpRequestMessage request, Boolean async, CancellationToken cancellationToken)
   --- End of inner exception stack trace ---
   at System.Net.Http.HttpConnection.SendAsync(HttpRequestMessage request, Boolean async, CancellationToken cancellationToken)
   at System.Net.Http.AuthenticationHelper.SendWithNtAuthAsync(HttpRequestMessage request, Uri authUri, Boolean async, ICredentials credentials, Boolean isProxyAuth, HttpConnection connection, HttpConnectionPool connectionPool, CancellationToken cancellationToken)
   at System.Net.Http.HttpConnectionPool.SendWithVersionDetectionAndRetryAsync(HttpRequestMessage request, Boolean async, Boolean doRequestAuth, CancellationToken cancellationToken)
   at System.Net.Http.AuthenticationHelper.SendWithAuthAsync(HttpRequestMessage request, Uri authUri, Boolean async, ICredentials credentials, Boolean preAuthenticate, Boolean isProxyAuth, Boolean doRequestAuth, HttpConnectionPool pool, CancellationToken cancellationToken)
   at System.Net.Http.RedirectHandler.SendAsync(HttpRequestMessage request, Boolean async, CancellationToken cancellationToken)
   at GitHub.Services.Common.RawHttpMessageHandler.SendAsync(HttpRequestMessage request, CancellationToken cancellationToken)
   at GitHub.Services.Common.VssHttpRetryMessageHandler.SendAsync(HttpRequestMessage request, CancellationToken cancellationToken)
   at System.Net.Http.HttpClient.<SendAsync>g__Core|83_0(HttpRequestMessage request, HttpCompletionOption completionOption, CancellationTokenSource cts, Boolean disposeCts, CancellationTokenSource pendingRequestsCts, CancellationToken originalCancellationToken)
   --- End of inner exception stack trace ---
   at System.Net.Http.HttpClient.HandleFailure(Exception e, Boolean telemetryStarted, HttpResponseMessage response, CancellationTokenSource cts, CancellationToken cancellationToken, CancellationTokenSource pendingRequestsCts)
   at System.Net.Http.HttpClient.<SendAsync>g__Core|83_0(HttpRequestMessage request, HttpCompletionOption completionOption, CancellationTokenSource cts, Boolean disposeCts, CancellationTokenSource pendingRequestsCts, CancellationToken originalCancellationToken)
   at Sdk.WebApi.WebApi.RawHttpClientBase.SendAsync(HttpRequestMessage message, HttpCompletionOption completionOption, Object userState, CancellationToken cancellationToken)
   at Sdk.WebApi.WebApi.RawHttpClientBase.SendAsync[T](HttpRequestMessage message, Boolean readErrorBody, Object userState, CancellationToken cancellationToken)
   at Sdk.WebApi.WebApi.RawHttpClientBase.SendAsync[T](HttpMethod method, IEnumerable`1 additionalHeaders, Uri requestUri, HttpContent content, IEnumerable`1 queryParameters, Boolean readErrorBody, Object userState, CancellationToken cancellationToken)
   at GitHub.Actions.RunService.WebApi.BrokerHttpClient.GetRunnerMessageAsync(Nullable`1 sessionId, String runnerVersion, Nullable`1 status, String os, String architecture, Nullable`1 disableUpdate, CancellationToken cancellationToken)
   at GitHub.Runner.Common.BrokerServer.<>c__DisplayClass7_0.<<GetRunnerMessageAsync>b__0>d.MoveNext()
--- End of stack trace from previous location ---
   at GitHub.Runner.Common.RunnerService.RetryRequest[T](Func`1 func, CancellationToken cancellationToken, Int32 maxAttempts, Func`2 shouldRetry)
[2026-02-15 11:04:52Z ERR  BrokerServer] #####################################################
[2026-02-15 11:04:52Z ERR  BrokerServer] System.Threading.Tasks.TaskCanceledException: The operation was canceled.
 ---> System.IO.IOException: Unable to read data from the transport connection: The I/O operation has been aborted because of either a thread exit or an application request..
 ---> System.Net.Sockets.SocketException (995): The I/O operation has been aborted because of either a thread exit or an application request.
   --- End of inner exception stack trace ---
   at System.Net.Sockets.Socket.AwaitableSocketAsyncEventArgs.ThrowException(SocketError error, CancellationToken cancellationToken)
   at System.Net.Sockets.Socket.AwaitableSocketAsyncEventArgs.System.Threading.Tasks.Sources.IValueTaskSource<System.Int32>.GetResult(Int16 token)
   at System.Net.Security.SslStream.EnsureFullTlsFrameAsync[TIOAdapter](CancellationToken cancellationToken, Int32 estimatedSize)
   at System.Runtime.CompilerServices.PoolingAsyncValueTaskMethodBuilder`1.StateMachineBox`1.System.Threading.Tasks.Sources.IValueTaskSource<TResult>.GetResult(Int16 token)
   at System.Net.Security.SslStream.ReadAsyncInternal[TIOAdapter](Memory`1 buffer, CancellationToken cancellationToken)
   at System.Runtime.CompilerServices.PoolingAsyncValueTaskMethodBuilder`1.StateMachineBox`1.System.Threading.Tasks.Sources.IValueTaskSource<TResult>.GetResult(Int16 token)
   at System.Net.Http.HttpConnection.SendAsync(HttpRequestMessage request, Boolean async, CancellationToken cancellationToken)
   --- End of inner exception stack trace ---
   at System.Net.Http.HttpConnection.SendAsync(HttpRequestMessage request, Boolean async, CancellationToken cancellationToken)
   at System.Net.Http.AuthenticationHelper.SendWithNtAuthAsync(HttpRequestMessage request, Uri authUri, Boolean async, ICredentials credentials, Boolean isProxyAuth, HttpConnection connection, HttpConnectionPool connectionPool, CancellationToken cancellationToken)
   at System.Net.Http.HttpConnectionPool.SendWithVersionDetectionAndRetryAsync(HttpRequestMessage request, Boolean async, Boolean doRequestAuth, CancellationToken cancellationToken)
   at System.Net.Http.AuthenticationHelper.SendWithAuthAsync(HttpRequestMessage request, Uri authUri, Boolean async, ICredentials credentials, Boolean preAuthenticate, Boolean isProxyAuth, Boolean doRequestAuth, HttpConnectionPool pool, CancellationToken cancellationToken)
   at System.Net.Http.RedirectHandler.SendAsync(HttpRequestMessage request, Boolean async, CancellationToken cancellationToken)
   at GitHub.Services.Common.RawHttpMessageHandler.SendAsync(HttpRequestMessage request, CancellationToken cancellationToken)
   at GitHub.Services.Common.VssHttpRetryMessageHandler.SendAsync(HttpRequestMessage request, CancellationToken cancellationToken)
   at System.Net.Http.HttpClient.<SendAsync>g__Core|83_0(HttpRequestMessage request, HttpCompletionOption completionOption, CancellationTokenSource cts, Boolean disposeCts, CancellationTokenSource pendingRequestsCts, CancellationToken originalCancellationToken)
[2026-02-15 11:04:52Z ERR  BrokerServer] #####################################################
[2026-02-15 11:04:52Z ERR  BrokerServer] System.IO.IOException: Unable to read data from the transport connection: The I/O operation has been aborted because of either a thread exit or an application request..
 ---> System.Net.Sockets.SocketException (995): The I/O operation has been aborted because of either a thread exit or an application request.
   --- End of inner exception stack trace ---
   at System.Net.Sockets.Socket.AwaitableSocketAsyncEventArgs.ThrowException(SocketError error, CancellationToken cancellationToken)
   at System.Net.Sockets.Socket.AwaitableSocketAsyncEventArgs.System.Threading.Tasks.Sources.IValueTaskSource<System.Int32>.GetResult(Int16 token)
   at System.Net.Security.SslStream.EnsureFullTlsFrameAsync[TIOAdapter](CancellationToken cancellationToken, Int32 estimatedSize)
   at System.Runtime.CompilerServices.PoolingAsyncValueTaskMethodBuilder`1.StateMachineBox`1.System.Threading.Tasks.Sources.IValueTaskSource<TResult>.GetResult(Int16 token)
   at System.Net.Security.SslStream.ReadAsyncInternal[TIOAdapter](Memory`1 buffer, CancellationToken cancellationToken)
   at System.Runtime.CompilerServices.PoolingAsyncValueTaskMethodBuilder`1.StateMachineBox`1.System.Threading.Tasks.Sources.IValueTaskSource<TResult>.GetResult(Int16 token)
   at System.Net.Http.HttpConnection.SendAsync(HttpRequestMessage request, Boolean async, CancellationToken cancellationToken)
[2026-02-15 11:04:52Z ERR  BrokerServer] #####################################################
[2026-02-15 11:04:52Z ERR  BrokerServer] System.Net.Sockets.SocketException (995): The I/O operation has been aborted because of either a thread exit or an application request.
[2026-02-15 11:04:52Z WARN BrokerServer] Back off 12.624 seconds before next retry. 4 attempt left.
[2026-02-15 11:04:52Z INFO BrokerMessageListener] Get messages has been cancelled using local token source. Continue to get messages with new status.
[2026-02-15 11:09:50Z INFO BrokerMessageListener] Acknowledging runner request '3971c454-7419-5be6-a5e4-c7851f0c8605'.
[2026-02-15 11:09:50Z INFO ConfigurationStore] HasCredentials()
[2026-02-15 11:09:50Z INFO ConfigurationStore] stored True
[2026-02-15 11:09:50Z INFO CredentialManager] GetCredentialProvider
[2026-02-15 11:09:50Z INFO CredentialManager] Creating type OAuth
[2026-02-15 11:09:50Z INFO CredentialManager] Creating credential type: OAuth
[2026-02-15 11:09:50Z INFO RSAEncryptedFileKeyManager] Loading RSA key parameters from file C:\projects\bio-vanta-kube-local\actions-runner\actions-runner\.credentials_rsaparams
[2026-02-15 11:09:50Z INFO RSAEncryptedFileKeyManager] Loading RSA key parameters from file C:\projects\bio-vanta-kube-local\actions-runner\actions-runner\.credentials_rsaparams
[2026-02-15 11:09:50Z INFO RSAEncryptedFileKeyManager] Loading RSA key parameters from file C:\projects\bio-vanta-kube-local\actions-runner\actions-runner\.credentials_rsaparams
[2026-02-15 11:09:52Z INFO GitHubActionsService] AAD Correlation ID for this token request: Unknown
[2026-02-15 11:09:53Z INFO JobDispatcher] Job request 0 for plan 33e86e25-be4b-4718-9dd6-f0f3ef954fa9 job 3971c454-7419-5be6-a5e4-c7851f0c8605 received.
[2026-02-15 11:09:53Z INFO JobDispatcher] Pull OrchestrationId 33e86e25-be4b-4718-9dd6-f0f3ef954fa9.deploy.__default from JWT claims
[2026-02-15 11:09:53Z INFO BrokerMessageListener] Received job status event. JobState: Busy
[2026-02-15 11:09:53Z INFO BrokerMessageListener] _getMessagesTokenSource is already disposed.
[2026-02-15 11:09:53Z INFO JobDispatcher] Job request e7734320-e866-5e7a-a374-30f56877c1e0 processed succeed.
[2026-02-15 11:09:53Z INFO Terminal] WRITE LINE: 2026-02-15 11:09:53Z: Running job: deploy
[2026-02-15 11:09:53Z INFO JobDispatcher] Start renew job request 0 for job 3971c454-7419-5be6-a5e4-c7851f0c8605.
[2026-02-15 11:09:54Z INFO JobDispatcher] Successfully renew job 3971c454-7419-5be6-a5e4-c7851f0c8605, job is valid till 2/15/2026 11:19:54 AM
[2026-02-15 11:09:54Z INFO HostContext] Well known directory 'Bin': 'C:\projects\bio-vanta-kube-local\actions-runner\actions-runner\bin'
[2026-02-15 11:09:54Z INFO ProcessInvokerWrapper] Starting process:
[2026-02-15 11:09:54Z INFO ProcessInvokerWrapper]   File name: 'C:\projects\bio-vanta-kube-local\actions-runner\actions-runner\bin\Runner.Worker.exe'
[2026-02-15 11:09:54Z INFO ProcessInvokerWrapper]   Arguments: 'spawnclient 2036 1892'
[2026-02-15 11:09:54Z INFO ProcessInvokerWrapper]   Working directory: 'C:\projects\bio-vanta-kube-local\actions-runner\actions-runner\bin'
[2026-02-15 11:09:54Z INFO ProcessInvokerWrapper]   Require exit code zero: 'False'
[2026-02-15 11:09:54Z INFO ProcessInvokerWrapper]   Encoding web name:  ; code page: ''
[2026-02-15 11:09:54Z INFO ProcessInvokerWrapper]   Force kill process on cancellation: 'True'
[2026-02-15 11:09:54Z INFO ProcessInvokerWrapper]   Redirected STDIN: 'False'
[2026-02-15 11:09:54Z INFO ProcessInvokerWrapper]   Persist current code page: 'False'
[2026-02-15 11:09:54Z INFO ProcessInvokerWrapper]   Keep redirected STDIN open: 'False'
[2026-02-15 11:09:54Z INFO ProcessInvokerWrapper]   High priority process: 'True'
[2026-02-15 11:09:54Z INFO ProcessInvokerWrapper] Process started with process id 12132, waiting for process exit.
[2026-02-15 11:09:54Z INFO JobDispatcher] Send job request message to worker for job 3971c454-7419-5be6-a5e4-c7851f0c8605.
[2026-02-15 11:09:54Z INFO ProcessChannel] Sending message of length 20385, with hash '145d04ccaf772da0806389a68f3606e5ee27893ee9670d5309e2d7b32a945f8b'
[2026-02-15 11:09:54Z INFO JobNotification] Entering JobStarted Notification
[2026-02-15 11:09:54Z INFO JobNotification] Entering StartMonitor
[2026-02-15 11:10:39Z INFO ProcessInvokerWrapper] STDOUT/STDERR stream read finished.
[2026-02-15 11:10:39Z INFO ProcessInvokerWrapper] STDOUT/STDERR stream read finished.
[2026-02-15 11:10:39Z INFO ProcessInvokerWrapper] Finished process 12132 with exit code 102, and elapsed time 00:00:45.3754489.
[2026-02-15 11:10:39Z INFO JobDispatcher] Worker finished for job 3971c454-7419-5be6-a5e4-c7851f0c8605. Code: 102
[2026-02-15 11:10:39Z INFO JobDispatcher] finish job request for job 3971c454-7419-5be6-a5e4-c7851f0c8605 with result: Failed
[2026-02-15 11:10:39Z INFO Terminal] WRITE LINE: 2026-02-15 11:10:39Z: Job deploy completed with result: Failed
[2026-02-15 11:10:39Z INFO JobDispatcher] Stop renew job request for job 3971c454-7419-5be6-a5e4-c7851f0c8605.
[2026-02-15 11:10:39Z INFO JobDispatcher] job renew has been cancelled, stop renew job 3971c454-7419-5be6-a5e4-c7851f0c8605.
[2026-02-15 11:10:39Z INFO JobNotification] Entering JobCompleted Notification
[2026-02-15 11:10:39Z INFO JobNotification] Entering EndMonitor
[2026-02-15 11:10:39Z INFO BrokerMessageListener] Received job status event. JobState: Online
[2026-02-15 11:10:39Z WARN GitHubActionsService] GET request to https://broker.actions.githubusercontent.com/message?sessionId=22fad165-2c52-4f77-90ce-a50233aa5990&status=Busy&runnerVersion=2.331.0&os=Windows&architecture=X64&disableUpdate=false has been cancelled.
[2026-02-15 11:10:39Z ERR  BrokerServer] Catch exception during request
[2026-02-15 11:10:39Z ERR  BrokerServer] System.Threading.Tasks.TaskCanceledException: The operation was canceled.
 ---> System.Threading.Tasks.TaskCanceledException: The operation was canceled.
 ---> System.IO.IOException: Unable to read data from the transport connection: The I/O operation has been aborted because of either a thread exit or an application request..
 ---> System.Net.Sockets.SocketException (995): The I/O operation has been aborted because of either a thread exit or an application request.
   --- End of inner exception stack trace ---
   at System.Net.Sockets.Socket.AwaitableSocketAsyncEventArgs.System.Threading.Tasks.Sources.IValueTaskSource<System.Int32>.GetResult(Int16 token)
   at System.Net.Security.SslStream.EnsureFullTlsFrameAsync[TIOAdapter](CancellationToken cancellationToken, Int32 estimatedSize)
   at System.Runtime.CompilerServices.PoolingAsyncValueTaskMethodBuilder`1.StateMachineBox`1.System.Threading.Tasks.Sources.IValueTaskSource<TResult>.GetResult(Int16 token)
   at System.Net.Security.SslStream.ReadAsyncInternal[TIOAdapter](Memory`1 buffer, CancellationToken cancellationToken)
   at System.Runtime.CompilerServices.PoolingAsyncValueTaskMethodBuilder`1.StateMachineBox`1.System.Threading.Tasks.Sources.IValueTaskSource<TResult>.GetResult(Int16 token)
   at System.Net.Http.HttpConnection.SendAsync(HttpRequestMessage request, Boolean async, CancellationToken cancellationToken)
   --- End of inner exception stack trace ---
   at System.Net.Http.HttpConnection.SendAsync(HttpRequestMessage request, Boolean async, CancellationToken cancellationToken)
   at System.Net.Http.AuthenticationHelper.SendWithNtAuthAsync(HttpRequestMessage request, Uri authUri, Boolean async, ICredentials credentials, Boolean isProxyAuth, HttpConnection connection, HttpConnectionPool connectionPool, CancellationToken cancellationToken)
   at System.Net.Http.HttpConnectionPool.SendWithVersionDetectionAndRetryAsync(HttpRequestMessage request, Boolean async, Boolean doRequestAuth, CancellationToken cancellationToken)
   at System.Net.Http.AuthenticationHelper.SendWithAuthAsync(HttpRequestMessage request, Uri authUri, Boolean async, ICredentials credentials, Boolean preAuthenticate, Boolean isProxyAuth, Boolean doRequestAuth, HttpConnectionPool pool, CancellationToken cancellationToken)
   at System.Net.Http.RedirectHandler.SendAsync(HttpRequestMessage request, Boolean async, CancellationToken cancellationToken)
   at GitHub.Services.Common.RawHttpMessageHandler.SendAsync(HttpRequestMessage request, CancellationToken cancellationToken)
   at GitHub.Services.Common.VssHttpRetryMessageHandler.SendAsync(HttpRequestMessage request, CancellationToken cancellationToken)
   at System.Net.Http.HttpClient.<SendAsync>g__Core|83_0(HttpRequestMessage request, HttpCompletionOption completionOption, CancellationTokenSource cts, Boolean disposeCts, CancellationTokenSource pendingRequestsCts, CancellationToken originalCancellationToken)
   --- End of inner exception stack trace ---
   at System.Net.Http.HttpClient.HandleFailure(Exception e, Boolean telemetryStarted, HttpResponseMessage response, CancellationTokenSource cts, CancellationToken cancellationToken, CancellationTokenSource pendingRequestsCts)
   at System.Net.Http.HttpClient.<SendAsync>g__Core|83_0(HttpRequestMessage request, HttpCompletionOption completionOption, CancellationTokenSource cts, Boolean disposeCts, CancellationTokenSource pendingRequestsCts, CancellationToken originalCancellationToken)
   at Sdk.WebApi.WebApi.RawHttpClientBase.SendAsync(HttpRequestMessage message, HttpCompletionOption completionOption, Object userState, CancellationToken cancellationToken)
   at Sdk.WebApi.WebApi.RawHttpClientBase.SendAsync[T](HttpRequestMessage message, Boolean readErrorBody, Object userState, CancellationToken cancellationToken)
   at Sdk.WebApi.WebApi.RawHttpClientBase.SendAsync[T](HttpMethod method, IEnumerable`1 additionalHeaders, Uri requestUri, HttpContent content, IEnumerable`1 queryParameters, Boolean readErrorBody, Object userState, CancellationToken cancellationToken)
   at GitHub.Actions.RunService.WebApi.BrokerHttpClient.GetRunnerMessageAsync(Nullable`1 sessionId, String runnerVersion, Nullable`1 status, String os, String architecture, Nullable`1 disableUpdate, CancellationToken cancellationToken)
   at GitHub.Runner.Common.BrokerServer.<>c__DisplayClass7_0.<<GetRunnerMessageAsync>b__0>d.MoveNext()
--- End of stack trace from previous location ---
   at GitHub.Runner.Common.RunnerService.RetryRequest[T](Func`1 func, CancellationToken cancellationToken, Int32 maxAttempts, Func`2 shouldRetry)
[2026-02-15 11:10:39Z ERR  BrokerServer] #####################################################
[2026-02-15 11:10:39Z ERR  BrokerServer] System.Threading.Tasks.TaskCanceledException: The operation was canceled.
 ---> System.IO.IOException: Unable to read data from the transport connection: The I/O operation has been aborted because of either a thread exit or an application request..
 ---> System.Net.Sockets.SocketException (995): The I/O operation has been aborted because of either a thread exit or an application request.
   --- End of inner exception stack trace ---
   at System.Net.Sockets.Socket.AwaitableSocketAsyncEventArgs.System.Threading.Tasks.Sources.IValueTaskSource<System.Int32>.GetResult(Int16 token)
   at System.Net.Security.SslStream.EnsureFullTlsFrameAsync[TIOAdapter](CancellationToken cancellationToken, Int32 estimatedSize)
   at System.Runtime.CompilerServices.PoolingAsyncValueTaskMethodBuilder`1.StateMachineBox`1.System.Threading.Tasks.Sources.IValueTaskSource<TResult>.GetResult(Int16 token)
   at System.Net.Security.SslStream.ReadAsyncInternal[TIOAdapter](Memory`1 buffer, CancellationToken cancellationToken)
   at System.Runtime.CompilerServices.PoolingAsyncValueTaskMethodBuilder`1.StateMachineBox`1.System.Threading.Tasks.Sources.IValueTaskSource<TResult>.GetResult(Int16 token)
   at System.Net.Http.HttpConnection.SendAsync(HttpRequestMessage request, Boolean async, CancellationToken cancellationToken)
   --- End of inner exception stack trace ---
   at System.Net.Http.HttpConnection.SendAsync(HttpRequestMessage request, Boolean async, CancellationToken cancellationToken)
   at System.Net.Http.AuthenticationHelper.SendWithNtAuthAsync(HttpRequestMessage request, Uri authUri, Boolean async, ICredentials credentials, Boolean isProxyAuth, HttpConnection connection, HttpConnectionPool connectionPool, CancellationToken cancellationToken)
   at System.Net.Http.HttpConnectionPool.SendWithVersionDetectionAndRetryAsync(HttpRequestMessage request, Boolean async, Boolean doRequestAuth, CancellationToken cancellationToken)
   at System.Net.Http.AuthenticationHelper.SendWithAuthAsync(HttpRequestMessage request, Uri authUri, Boolean async, ICredentials credentials, Boolean preAuthenticate, Boolean isProxyAuth, Boolean doRequestAuth, HttpConnectionPool pool, CancellationToken cancellationToken)
   at System.Net.Http.RedirectHandler.SendAsync(HttpRequestMessage request, Boolean async, CancellationToken cancellationToken)
   at GitHub.Services.Common.RawHttpMessageHandler.SendAsync(HttpRequestMessage request, CancellationToken cancellationToken)
   at GitHub.Services.Common.VssHttpRetryMessageHandler.SendAsync(HttpRequestMessage request, CancellationToken cancellationToken)
   at System.Net.Http.HttpClient.<SendAsync>g__Core|83_0(HttpRequestMessage request, HttpCompletionOption completionOption, CancellationTokenSource cts, Boolean disposeCts, CancellationTokenSource pendingRequestsCts, CancellationToken originalCancellationToken)
[2026-02-15 11:10:39Z ERR  BrokerServer] #####################################################
[2026-02-15 11:10:39Z ERR  BrokerServer] System.IO.IOException: Unable to read data from the transport connection: The I/O operation has been aborted because of either a thread exit or an application request..
 ---> System.Net.Sockets.SocketException (995): The I/O operation has been aborted because of either a thread exit or an application request.
   --- End of inner exception stack trace ---
   at System.Net.Sockets.Socket.AwaitableSocketAsyncEventArgs.System.Threading.Tasks.Sources.IValueTaskSource<System.Int32>.GetResult(Int16 token)
   at System.Net.Security.SslStream.EnsureFullTlsFrameAsync[TIOAdapter](CancellationToken cancellationToken, Int32 estimatedSize)
   at System.Runtime.CompilerServices.PoolingAsyncValueTaskMethodBuilder`1.StateMachineBox`1.System.Threading.Tasks.Sources.IValueTaskSource<TResult>.GetResult(Int16 token)
   at System.Net.Security.SslStream.ReadAsyncInternal[TIOAdapter](Memory`1 buffer, CancellationToken cancellationToken)
   at System.Runtime.CompilerServices.PoolingAsyncValueTaskMethodBuilder`1.StateMachineBox`1.System.Threading.Tasks.Sources.IValueTaskSource<TResult>.GetResult(Int16 token)
   at System.Net.Http.HttpConnection.SendAsync(HttpRequestMessage request, Boolean async, CancellationToken cancellationToken)
[2026-02-15 11:10:39Z ERR  BrokerServer] #####################################################
[2026-02-15 11:10:39Z ERR  BrokerServer] System.Net.Sockets.SocketException (995): The I/O operation has been aborted because of either a thread exit or an application request.
[2026-02-15 11:10:39Z WARN BrokerServer] Back off 6.282 seconds before next retry. 4 attempt left.
[2026-02-15 11:10:39Z INFO BrokerMessageListener] Get messages has been cancelled using local token source. Continue to get messages with new status.
[2026-02-15 11:14:45Z INFO BrokerMessageListener] Acknowledging runner request 'ae4c0823-03a2-5e0f-b0d4-9f8b1dcd89ab'.
[2026-02-15 11:14:46Z INFO ConfigurationStore] HasCredentials()
[2026-02-15 11:14:46Z INFO ConfigurationStore] stored True
[2026-02-15 11:14:46Z INFO CredentialManager] GetCredentialProvider
[2026-02-15 11:14:46Z INFO CredentialManager] Creating type OAuth
[2026-02-15 11:14:46Z INFO CredentialManager] Creating credential type: OAuth
[2026-02-15 11:14:46Z INFO RSAEncryptedFileKeyManager] Loading RSA key parameters from file C:\projects\bio-vanta-kube-local\actions-runner\actions-runner\.credentials_rsaparams
[2026-02-15 11:14:46Z INFO RSAEncryptedFileKeyManager] Loading RSA key parameters from file C:\projects\bio-vanta-kube-local\actions-runner\actions-runner\.credentials_rsaparams
[2026-02-15 11:14:46Z INFO RSAEncryptedFileKeyManager] Loading RSA key parameters from file C:\projects\bio-vanta-kube-local\actions-runner\actions-runner\.credentials_rsaparams
[2026-02-15 11:14:47Z INFO GitHubActionsService] AAD Correlation ID for this token request: Unknown
[2026-02-15 11:14:48Z INFO JobDispatcher] Job request 0 for plan 61f73358-918b-4ad6-af73-153f0388ab35 job ae4c0823-03a2-5e0f-b0d4-9f8b1dcd89ab received.
[2026-02-15 11:14:48Z INFO JobDispatcher] Pull OrchestrationId 61f73358-918b-4ad6-af73-153f0388ab35.deploy.__default from JWT claims
[2026-02-15 11:14:48Z INFO BrokerMessageListener] Received job status event. JobState: Busy
[2026-02-15 11:14:48Z INFO BrokerMessageListener] _getMessagesTokenSource is already disposed.
[2026-02-15 11:14:48Z INFO JobDispatcher] Job request 3971c454-7419-5be6-a5e4-c7851f0c8605 processed succeed.
[2026-02-15 11:14:48Z INFO Terminal] WRITE LINE: 2026-02-15 11:14:48Z: Running job: deploy
[2026-02-15 11:14:48Z INFO JobDispatcher] Start renew job request 0 for job ae4c0823-03a2-5e0f-b0d4-9f8b1dcd89ab.
[2026-02-15 11:14:49Z INFO JobDispatcher] Successfully renew job ae4c0823-03a2-5e0f-b0d4-9f8b1dcd89ab, job is valid till 2/15/2026 11:24:49 AM
[2026-02-15 11:14:49Z INFO HostContext] Well known directory 'Bin': 'C:\projects\bio-vanta-kube-local\actions-runner\actions-runner\bin'
[2026-02-15 11:14:49Z INFO ProcessInvokerWrapper] Starting process:
[2026-02-15 11:14:49Z INFO ProcessInvokerWrapper]   File name: 'C:\projects\bio-vanta-kube-local\actions-runner\actions-runner\bin\Runner.Worker.exe'
[2026-02-15 11:14:49Z INFO ProcessInvokerWrapper]   Arguments: 'spawnclient 980 1272'
[2026-02-15 11:14:49Z INFO ProcessInvokerWrapper]   Working directory: 'C:\projects\bio-vanta-kube-local\actions-runner\actions-runner\bin'
[2026-02-15 11:14:49Z INFO ProcessInvokerWrapper]   Require exit code zero: 'False'
[2026-02-15 11:14:49Z INFO ProcessInvokerWrapper]   Encoding web name:  ; code page: ''
[2026-02-15 11:14:49Z INFO ProcessInvokerWrapper]   Force kill process on cancellation: 'True'
[2026-02-15 11:14:49Z INFO ProcessInvokerWrapper]   Redirected STDIN: 'False'
[2026-02-15 11:14:49Z INFO ProcessInvokerWrapper]   Persist current code page: 'False'
[2026-02-15 11:14:49Z INFO ProcessInvokerWrapper]   Keep redirected STDIN open: 'False'
[2026-02-15 11:14:49Z INFO ProcessInvokerWrapper]   High priority process: 'True'
[2026-02-15 11:14:49Z INFO ProcessInvokerWrapper] Process started with process id 9572, waiting for process exit.
[2026-02-15 11:14:49Z INFO JobDispatcher] Send job request message to worker for job ae4c0823-03a2-5e0f-b0d4-9f8b1dcd89ab.
[2026-02-15 11:14:49Z INFO ProcessChannel] Sending message of length 20538, with hash '710c62ceb5e4f6926bb0531b0b5b9592968a552578ff6f24fe8e728933207eb5'
[2026-02-15 11:14:49Z INFO JobNotification] Entering JobStarted Notification
[2026-02-15 11:14:49Z INFO JobNotification] Entering StartMonitor
[2026-02-15 11:15:31Z INFO ProcessInvokerWrapper] STDOUT/STDERR stream read finished.
[2026-02-15 11:15:31Z INFO ProcessInvokerWrapper] STDOUT/STDERR stream read finished.
[2026-02-15 11:15:31Z INFO ProcessInvokerWrapper] Finished process 9572 with exit code 102, and elapsed time 00:00:41.4820810.
[2026-02-15 11:15:31Z INFO JobDispatcher] Worker finished for job ae4c0823-03a2-5e0f-b0d4-9f8b1dcd89ab. Code: 102
[2026-02-15 11:15:31Z INFO JobDispatcher] finish job request for job ae4c0823-03a2-5e0f-b0d4-9f8b1dcd89ab with result: Failed
[2026-02-15 11:15:31Z INFO Terminal] WRITE LINE: 2026-02-15 11:15:31Z: Job deploy completed with result: Failed
[2026-02-15 11:15:31Z INFO JobDispatcher] Stop renew job request for job ae4c0823-03a2-5e0f-b0d4-9f8b1dcd89ab.
[2026-02-15 11:15:31Z INFO JobDispatcher] job renew has been cancelled, stop renew job ae4c0823-03a2-5e0f-b0d4-9f8b1dcd89ab.
[2026-02-15 11:15:31Z INFO JobNotification] Entering JobCompleted Notification
[2026-02-15 11:15:31Z INFO JobNotification] Entering EndMonitor
[2026-02-15 11:15:31Z INFO BrokerMessageListener] Received job status event. JobState: Online
[2026-02-15 11:15:31Z WARN GitHubActionsService] GET request to https://broker.actions.githubusercontent.com/message?sessionId=22fad165-2c52-4f77-90ce-a50233aa5990&status=Busy&runnerVersion=2.331.0&os=Windows&architecture=X64&disableUpdate=false has been cancelled.
[2026-02-15 11:15:31Z ERR  BrokerServer] Catch exception during request
[2026-02-15 11:15:31Z ERR  BrokerServer] System.Threading.Tasks.TaskCanceledException: The operation was canceled.
 ---> System.Threading.Tasks.TaskCanceledException: The operation was canceled.
 ---> System.IO.IOException: Unable to read data from the transport connection: The I/O operation has been aborted because of either a thread exit or an application request..
 ---> System.Net.Sockets.SocketException (995): The I/O operation has been aborted because of either a thread exit or an application request.
   --- End of inner exception stack trace ---
   at System.Net.Sockets.Socket.AwaitableSocketAsyncEventArgs.System.Threading.Tasks.Sources.IValueTaskSource<System.Int32>.GetResult(Int16 token)
   at System.Net.Security.SslStream.EnsureFullTlsFrameAsync[TIOAdapter](CancellationToken cancellationToken, Int32 estimatedSize)
   at System.Runtime.CompilerServices.PoolingAsyncValueTaskMethodBuilder`1.StateMachineBox`1.System.Threading.Tasks.Sources.IValueTaskSource<TResult>.GetResult(Int16 token)
   at System.Net.Security.SslStream.ReadAsyncInternal[TIOAdapter](Memory`1 buffer, CancellationToken cancellationToken)
   at System.Runtime.CompilerServices.PoolingAsyncValueTaskMethodBuilder`1.StateMachineBox`1.System.Threading.Tasks.Sources.IValueTaskSource<TResult>.GetResult(Int16 token)
   at System.Net.Http.HttpConnection.SendAsync(HttpRequestMessage request, Boolean async, CancellationToken cancellationToken)
   --- End of inner exception stack trace ---
   at System.Net.Http.HttpConnection.SendAsync(HttpRequestMessage request, Boolean async, CancellationToken cancellationToken)
   at System.Net.Http.AuthenticationHelper.SendWithNtAuthAsync(HttpRequestMessage request, Uri authUri, Boolean async, ICredentials credentials, Boolean isProxyAuth, HttpConnection connection, HttpConnectionPool connectionPool, CancellationToken cancellationToken)
   at System.Net.Http.HttpConnectionPool.SendWithVersionDetectionAndRetryAsync(HttpRequestMessage request, Boolean async, Boolean doRequestAuth, CancellationToken cancellationToken)
   at System.Net.Http.AuthenticationHelper.SendWithAuthAsync(HttpRequestMessage request, Uri authUri, Boolean async, ICredentials credentials, Boolean preAuthenticate, Boolean isProxyAuth, Boolean doRequestAuth, HttpConnectionPool pool, CancellationToken cancellationToken)
   at System.Net.Http.RedirectHandler.SendAsync(HttpRequestMessage request, Boolean async, CancellationToken cancellationToken)
   at GitHub.Services.Common.RawHttpMessageHandler.SendAsync(HttpRequestMessage request, CancellationToken cancellationToken)
   at GitHub.Services.Common.VssHttpRetryMessageHandler.SendAsync(HttpRequestMessage request, CancellationToken cancellationToken)
   at System.Net.Http.HttpClient.<SendAsync>g__Core|83_0(HttpRequestMessage request, HttpCompletionOption completionOption, CancellationTokenSource cts, Boolean disposeCts, CancellationTokenSource pendingRequestsCts, CancellationToken originalCancellationToken)
   --- End of inner exception stack trace ---
   at System.Net.Http.HttpClient.HandleFailure(Exception e, Boolean telemetryStarted, HttpResponseMessage response, CancellationTokenSource cts, CancellationToken cancellationToken, CancellationTokenSource pendingRequestsCts)
   at System.Net.Http.HttpClient.<SendAsync>g__Core|83_0(HttpRequestMessage request, HttpCompletionOption completionOption, CancellationTokenSource cts, Boolean disposeCts, CancellationTokenSource pendingRequestsCts, CancellationToken originalCancellationToken)
   at Sdk.WebApi.WebApi.RawHttpClientBase.SendAsync(HttpRequestMessage message, HttpCompletionOption completionOption, Object userState, CancellationToken cancellationToken)
   at Sdk.WebApi.WebApi.RawHttpClientBase.SendAsync[T](HttpRequestMessage message, Boolean readErrorBody, Object userState, CancellationToken cancellationToken)
   at Sdk.WebApi.WebApi.RawHttpClientBase.SendAsync[T](HttpMethod method, IEnumerable`1 additionalHeaders, Uri requestUri, HttpContent content, IEnumerable`1 queryParameters, Boolean readErrorBody, Object userState, CancellationToken cancellationToken)
   at GitHub.Actions.RunService.WebApi.BrokerHttpClient.GetRunnerMessageAsync(Nullable`1 sessionId, String runnerVersion, Nullable`1 status, String os, String architecture, Nullable`1 disableUpdate, CancellationToken cancellationToken)
   at GitHub.Runner.Common.BrokerServer.<>c__DisplayClass7_0.<<GetRunnerMessageAsync>b__0>d.MoveNext()
--- End of stack trace from previous location ---
   at GitHub.Runner.Common.RunnerService.RetryRequest[T](Func`1 func, CancellationToken cancellationToken, Int32 maxAttempts, Func`2 shouldRetry)
[2026-02-15 11:15:31Z ERR  BrokerServer] #####################################################
[2026-02-15 11:15:31Z ERR  BrokerServer] System.Threading.Tasks.TaskCanceledException: The operation was canceled.
 ---> System.IO.IOException: Unable to read data from the transport connection: The I/O operation has been aborted because of either a thread exit or an application request..
 ---> System.Net.Sockets.SocketException (995): The I/O operation has been aborted because of either a thread exit or an application request.
   --- End of inner exception stack trace ---
   at System.Net.Sockets.Socket.AwaitableSocketAsyncEventArgs.System.Threading.Tasks.Sources.IValueTaskSource<System.Int32>.GetResult(Int16 token)
   at System.Net.Security.SslStream.EnsureFullTlsFrameAsync[TIOAdapter](CancellationToken cancellationToken, Int32 estimatedSize)
   at System.Runtime.CompilerServices.PoolingAsyncValueTaskMethodBuilder`1.StateMachineBox`1.System.Threading.Tasks.Sources.IValueTaskSource<TResult>.GetResult(Int16 token)
   at System.Net.Security.SslStream.ReadAsyncInternal[TIOAdapter](Memory`1 buffer, CancellationToken cancellationToken)
   at System.Runtime.CompilerServices.PoolingAsyncValueTaskMethodBuilder`1.StateMachineBox`1.System.Threading.Tasks.Sources.IValueTaskSource<TResult>.GetResult(Int16 token)
   at System.Net.Http.HttpConnection.SendAsync(HttpRequestMessage request, Boolean async, CancellationToken cancellationToken)
   --- End of inner exception stack trace ---
   at System.Net.Http.HttpConnection.SendAsync(HttpRequestMessage request, Boolean async, CancellationToken cancellationToken)
   at System.Net.Http.AuthenticationHelper.SendWithNtAuthAsync(HttpRequestMessage request, Uri authUri, Boolean async, ICredentials credentials, Boolean isProxyAuth, HttpConnection connection, HttpConnectionPool connectionPool, CancellationToken cancellationToken)
   at System.Net.Http.HttpConnectionPool.SendWithVersionDetectionAndRetryAsync(HttpRequestMessage request, Boolean async, Boolean doRequestAuth, CancellationToken cancellationToken)
   at System.Net.Http.AuthenticationHelper.SendWithAuthAsync(HttpRequestMessage request, Uri authUri, Boolean async, ICredentials credentials, Boolean preAuthenticate, Boolean isProxyAuth, Boolean doRequestAuth, HttpConnectionPool pool, CancellationToken cancellationToken)
   at System.Net.Http.RedirectHandler.SendAsync(HttpRequestMessage request, Boolean async, CancellationToken cancellationToken)
   at GitHub.Services.Common.RawHttpMessageHandler.SendAsync(HttpRequestMessage request, CancellationToken cancellationToken)
   at GitHub.Services.Common.VssHttpRetryMessageHandler.SendAsync(HttpRequestMessage request, CancellationToken cancellationToken)
   at System.Net.Http.HttpClient.<SendAsync>g__Core|83_0(HttpRequestMessage request, HttpCompletionOption completionOption, CancellationTokenSource cts, Boolean disposeCts, CancellationTokenSource pendingRequestsCts, CancellationToken originalCancellationToken)
[2026-02-15 11:15:31Z ERR  BrokerServer] #####################################################
[2026-02-15 11:15:31Z ERR  BrokerServer] System.IO.IOException: Unable to read data from the transport connection: The I/O operation has been aborted because of either a thread exit or an application request..
 ---> System.Net.Sockets.SocketException (995): The I/O operation has been aborted because of either a thread exit or an application request.
   --- End of inner exception stack trace ---
   at System.Net.Sockets.Socket.AwaitableSocketAsyncEventArgs.System.Threading.Tasks.Sources.IValueTaskSource<System.Int32>.GetResult(Int16 token)
   at System.Net.Security.SslStream.EnsureFullTlsFrameAsync[TIOAdapter](CancellationToken cancellationToken, Int32 estimatedSize)
   at System.Runtime.CompilerServices.PoolingAsyncValueTaskMethodBuilder`1.StateMachineBox`1.System.Threading.Tasks.Sources.IValueTaskSource<TResult>.GetResult(Int16 token)
   at System.Net.Security.SslStream.ReadAsyncInternal[TIOAdapter](Memory`1 buffer, CancellationToken cancellationToken)
   at System.Runtime.CompilerServices.PoolingAsyncValueTaskMethodBuilder`1.StateMachineBox`1.System.Threading.Tasks.Sources.IValueTaskSource<TResult>.GetResult(Int16 token)
   at System.Net.Http.HttpConnection.SendAsync(HttpRequestMessage request, Boolean async, CancellationToken cancellationToken)
[2026-02-15 11:15:31Z ERR  BrokerServer] #####################################################
[2026-02-15 11:15:31Z ERR  BrokerServer] System.Net.Sockets.SocketException (995): The I/O operation has been aborted because of either a thread exit or an application request.
[2026-02-15 11:15:31Z WARN BrokerServer] Back off 7.889 seconds before next retry. 4 attempt left.
[2026-02-15 11:15:31Z INFO BrokerMessageListener] Get messages has been cancelled using local token source. Continue to get messages with new status.
[2026-02-15 11:16:26Z INFO Terminal] WRITE LINE: Exiting...
[2026-02-15 11:16:26Z INFO ConfigurationStore] IsServiceConfigured()
[2026-02-15 11:16:26Z INFO ConfigurationStore] IsServiceConfigured: False
[2026-02-15 11:16:26Z INFO HostContext] Runner will be shutdown for UserCancelled
[2026-02-15 11:16:26Z WARN GitHubActionsService] GET request to https://broker.actions.githubusercontent.com/message?sessionId=22fad165-2c52-4f77-90ce-a50233aa5990&status=Online&runnerVersion=2.331.0&os=Windows&architecture=X64&disableUpdate=false has been cancelled.
[2026-02-15 11:16:26Z ERR  BrokerServer] Catch exception during request
[2026-02-15 11:16:26Z ERR  BrokerServer] System.Threading.Tasks.TaskCanceledException: The operation was canceled.
 ---> System.Threading.Tasks.TaskCanceledException: The operation was canceled.
 ---> System.IO.IOException: Unable to read data from the transport connection: The I/O operation has been aborted because of either a thread exit or an application request..
 ---> System.Net.Sockets.SocketException (995): The I/O operation has been aborted because of either a thread exit or an application request.
   --- End of inner exception stack trace ---
   at System.Net.Sockets.Socket.AwaitableSocketAsyncEventArgs.System.Threading.Tasks.Sources.IValueTaskSource<System.Int32>.GetResult(Int16 token)
   at System.Net.Security.SslStream.EnsureFullTlsFrameAsync[TIOAdapter](CancellationToken cancellationToken, Int32 estimatedSize)
   at System.Runtime.CompilerServices.PoolingAsyncValueTaskMethodBuilder`1.StateMachineBox`1.System.Threading.Tasks.Sources.IValueTaskSource<TResult>.GetResult(Int16 token)
   at System.Net.Security.SslStream.ReadAsyncInternal[TIOAdapter](Memory`1 buffer, CancellationToken cancellationToken)
   at System.Runtime.CompilerServices.PoolingAsyncValueTaskMethodBuilder`1.StateMachineBox`1.System.Threading.Tasks.Sources.IValueTaskSource<TResult>.GetResult(Int16 token)
   at System.Net.Http.HttpConnection.SendAsync(HttpRequestMessage request, Boolean async, CancellationToken cancellationToken)
   --- End of inner exception stack trace ---
   at System.Net.Http.HttpConnection.SendAsync(HttpRequestMessage request, Boolean async, CancellationToken cancellationToken)
   at System.Net.Http.AuthenticationHelper.SendWithNtAuthAsync(HttpRequestMessage request, Uri authUri, Boolean async, ICredentials credentials, Boolean isProxyAuth, HttpConnection connection, HttpConnectionPool connectionPool, CancellationToken cancellationToken)
   at System.Net.Http.HttpConnectionPool.SendWithVersionDetectionAndRetryAsync(HttpRequestMessage request, Boolean async, Boolean doRequestAuth, CancellationToken cancellationToken)
   at System.Net.Http.AuthenticationHelper.SendWithAuthAsync(HttpRequestMessage request, Uri authUri, Boolean async, ICredentials credentials, Boolean preAuthenticate, Boolean isProxyAuth, Boolean doRequestAuth, HttpConnectionPool pool, CancellationToken cancellationToken)
   at System.Net.Http.RedirectHandler.SendAsync(HttpRequestMessage request, Boolean async, CancellationToken cancellationToken)
   at GitHub.Services.Common.RawHttpMessageHandler.SendAsync(HttpRequestMessage request, CancellationToken cancellationToken)
   at GitHub.Services.Common.VssHttpRetryMessageHandler.SendAsync(HttpRequestMessage request, CancellationToken cancellationToken)
   at System.Net.Http.HttpClient.<SendAsync>g__Core|83_0(HttpRequestMessage request, HttpCompletionOption completionOption, CancellationTokenSource cts, Boolean disposeCts, CancellationTokenSource pendingRequestsCts, CancellationToken originalCancellationToken)
   --- End of inner exception stack trace ---
   at System.Net.Http.HttpClient.HandleFailure(Exception e, Boolean telemetryStarted, HttpResponseMessage response, CancellationTokenSource cts, CancellationToken cancellationToken, CancellationTokenSource pendingRequestsCts)
   at System.Net.Http.HttpClient.<SendAsync>g__Core|83_0(HttpRequestMessage request, HttpCompletionOption completionOption, CancellationTokenSource cts, Boolean disposeCts, CancellationTokenSource pendingRequestsCts, CancellationToken originalCancellationToken)
   at Sdk.WebApi.WebApi.RawHttpClientBase.SendAsync(HttpRequestMessage message, HttpCompletionOption completionOption, Object userState, CancellationToken cancellationToken)
   at Sdk.WebApi.WebApi.RawHttpClientBase.SendAsync[T](HttpRequestMessage message, Boolean readErrorBody, Object userState, CancellationToken cancellationToken)
   at Sdk.WebApi.WebApi.RawHttpClientBase.SendAsync[T](HttpMethod method, IEnumerable`1 additionalHeaders, Uri requestUri, HttpContent content, IEnumerable`1 queryParameters, Boolean readErrorBody, Object userState, CancellationToken cancellationToken)
   at GitHub.Actions.RunService.WebApi.BrokerHttpClient.GetRunnerMessageAsync(Nullable`1 sessionId, String runnerVersion, Nullable`1 status, String os, String architecture, Nullable`1 disableUpdate, CancellationToken cancellationToken)
   at GitHub.Runner.Common.BrokerServer.<>c__DisplayClass7_0.<<GetRunnerMessageAsync>b__0>d.MoveNext()
--- End of stack trace from previous location ---
   at GitHub.Runner.Common.RunnerService.RetryRequest[T](Func`1 func, CancellationToken cancellationToken, Int32 maxAttempts, Func`2 shouldRetry)
[2026-02-15 11:16:26Z ERR  BrokerServer] #####################################################
[2026-02-15 11:16:26Z ERR  BrokerServer] System.Threading.Tasks.TaskCanceledException: The operation was canceled.
 ---> System.IO.IOException: Unable to read data from the transport connection: The I/O operation has been aborted because of either a thread exit or an application request..
 ---> System.Net.Sockets.SocketException (995): The I/O operation has been aborted because of either a thread exit or an application request.
   --- End of inner exception stack trace ---
   at System.Net.Sockets.Socket.AwaitableSocketAsyncEventArgs.System.Threading.Tasks.Sources.IValueTaskSource<System.Int32>.GetResult(Int16 token)
   at System.Net.Security.SslStream.EnsureFullTlsFrameAsync[TIOAdapter](CancellationToken cancellationToken, Int32 estimatedSize)
   at System.Runtime.CompilerServices.PoolingAsyncValueTaskMethodBuilder`1.StateMachineBox`1.System.Threading.Tasks.Sources.IValueTaskSource<TResult>.GetResult(Int16 token)
   at System.Net.Security.SslStream.ReadAsyncInternal[TIOAdapter](Memory`1 buffer, CancellationToken cancellationToken)
   at System.Runtime.CompilerServices.PoolingAsyncValueTaskMethodBuilder`1.StateMachineBox`1.System.Threading.Tasks.Sources.IValueTaskSource<TResult>.GetResult(Int16 token)
   at System.Net.Http.HttpConnection.SendAsync(HttpRequestMessage request, Boolean async, CancellationToken cancellationToken)
   --- End of inner exception stack trace ---
   at System.Net.Http.HttpConnection.SendAsync(HttpRequestMessage request, Boolean async, CancellationToken cancellationToken)
   at System.Net.Http.AuthenticationHelper.SendWithNtAuthAsync(HttpRequestMessage request, Uri authUri, Boolean async, ICredentials credentials, Boolean isProxyAuth, HttpConnection connection, HttpConnectionPool connectionPool, CancellationToken cancellationToken)
   at System.Net.Http.HttpConnectionPool.SendWithVersionDetectionAndRetryAsync(HttpRequestMessage request, Boolean async, Boolean doRequestAuth, CancellationToken cancellationToken)
   at System.Net.Http.AuthenticationHelper.SendWithAuthAsync(HttpRequestMessage request, Uri authUri, Boolean async, ICredentials credentials, Boolean preAuthenticate, Boolean isProxyAuth, Boolean doRequestAuth, HttpConnectionPool pool, CancellationToken cancellationToken)
   at System.Net.Http.RedirectHandler.SendAsync(HttpRequestMessage request, Boolean async, CancellationToken cancellationToken)
   at GitHub.Services.Common.RawHttpMessageHandler.SendAsync(HttpRequestMessage request, CancellationToken cancellationToken)
   at GitHub.Services.Common.VssHttpRetryMessageHandler.SendAsync(HttpRequestMessage request, CancellationToken cancellationToken)
   at System.Net.Http.HttpClient.<SendAsync>g__Core|83_0(HttpRequestMessage request, HttpCompletionOption completionOption, CancellationTokenSource cts, Boolean disposeCts, CancellationTokenSource pendingRequestsCts, CancellationToken originalCancellationToken)
[2026-02-15 11:16:26Z ERR  BrokerServer] #####################################################
[2026-02-15 11:16:26Z ERR  BrokerServer] System.IO.IOException: Unable to read data from the transport connection: The I/O operation has been aborted because of either a thread exit or an application request..
 ---> System.Net.Sockets.SocketException (995): The I/O operation has been aborted because of either a thread exit or an application request.
   --- End of inner exception stack trace ---
   at System.Net.Sockets.Socket.AwaitableSocketAsyncEventArgs.System.Threading.Tasks.Sources.IValueTaskSource<System.Int32>.GetResult(Int16 token)
   at System.Net.Security.SslStream.EnsureFullTlsFrameAsync[TIOAdapter](CancellationToken cancellationToken, Int32 estimatedSize)
   at System.Runtime.CompilerServices.PoolingAsyncValueTaskMethodBuilder`1.StateMachineBox`1.System.Threading.Tasks.Sources.IValueTaskSource<TResult>.GetResult(Int16 token)
   at System.Net.Security.SslStream.ReadAsyncInternal[TIOAdapter](Memory`1 buffer, CancellationToken cancellationToken)
   at System.Runtime.CompilerServices.PoolingAsyncValueTaskMethodBuilder`1.StateMachineBox`1.System.Threading.Tasks.Sources.IValueTaskSource<TResult>.GetResult(Int16 token)
   at System.Net.Http.HttpConnection.SendAsync(HttpRequestMessage request, Boolean async, CancellationToken cancellationToken)
[2026-02-15 11:16:26Z ERR  BrokerServer] #####################################################
[2026-02-15 11:16:26Z ERR  BrokerServer] System.Net.Sockets.SocketException (995): The I/O operation has been aborted because of either a thread exit or an application request.
[2026-02-15 11:16:26Z WARN BrokerServer] Back off 14.656 seconds before next retry. 4 attempt left.
[2026-02-15 11:16:26Z INFO BrokerMessageListener] Get next message has been cancelled.
[2026-02-15 11:16:26Z INFO JobDispatcher] Shutting down JobDispatcher. Make sure all WorkerDispatcher has finished.
[2026-02-15 11:16:26Z INFO JobDispatcher] Ensure WorkerDispatcher for job ae4c0823-03a2-5e0f-b0d4-9f8b1dcd89ab run to finish, cancel any running job.
[2026-02-15 11:16:26Z INFO JobDispatcher] Job request ae4c0823-03a2-5e0f-b0d4-9f8b1dcd89ab processed succeed.
[2026-02-15 11:16:26Z INFO Runner] Deleting Runner Session...
[2026-02-15 11:16:27Z INFO Listener] Runner execution been cancelled.
