[2026-02-15 10:54:59Z INFO HostContext] No proxy settings were found based on environmental variables (http_proxy/https_proxy/HTTP_PROXY/HTTPS_PROXY)
[2026-02-15 10:54:59Z INFO HostContext] Well known directory 'Bin': 'C:\projects\bio-vanta-kube-local\actions-runner\actions-runner\bin'
[2026-02-15 10:54:59Z INFO HostContext] Well known directory 'Root': 'C:\projects\bio-vanta-kube-local\actions-runner\actions-runner'
[2026-02-15 10:54:59Z INFO HostContext] Well known config file 'Credentials': 'C:\projects\bio-vanta-kube-local\actions-runner\actions-runner\.credentials'
[2026-02-15 10:54:59Z INFO HostContext] Well known directory 'Bin': 'C:\projects\bio-vanta-kube-local\actions-runner\actions-runner\bin'
[2026-02-15 10:54:59Z INFO HostContext] Well known directory 'Root': 'C:\projects\bio-vanta-kube-local\actions-runner\actions-runner'
[2026-02-15 10:54:59Z INFO HostContext] Well known config file 'Runner': 'C:\projects\bio-vanta-kube-local\actions-runner\actions-runner\.runner'
[2026-02-15 10:54:59Z INFO Listener] Runner is built for Windows (X64) - win-x64.
[2026-02-15 10:54:59Z INFO Listener] RuntimeInformation: Microsoft Windows 10.0.26200.
[2026-02-15 10:54:59Z INFO Listener] Version: 2.331.0
[2026-02-15 10:54:59Z INFO Listener] Commit: 39f6c643d3032f8795fa71f1482731ca90c8e038
[2026-02-15 10:54:59Z INFO Listener] Culture: en-US
[2026-02-15 10:54:59Z INFO Listener] UI Culture: en-US
[2026-02-15 10:54:59Z INFO HostContext] Well known directory 'Bin': 'C:\projects\bio-vanta-kube-local\actions-runner\actions-runner\bin'
[2026-02-15 10:54:59Z INFO HostContext] Well known directory 'Root': 'C:\projects\bio-vanta-kube-local\actions-runner\actions-runner'
[2026-02-15 10:54:59Z INFO Listener] Validating directory permissions for: 'C:\projects\bio-vanta-kube-local\actions-runner\actions-runner'
[2026-02-15 10:54:59Z INFO CommandLineParser] Parse
[2026-02-15 10:54:59Z INFO CommandLineParser] Parsing 1 args
[2026-02-15 10:54:59Z INFO CommandLineParser] parsing argument
[2026-02-15 10:54:59Z INFO CommandLineParser] HasArgs: False
[2026-02-15 10:54:59Z INFO CommandLineParser] Adding Command: run
[2026-02-15 10:54:59Z INFO Listener] Arguments parsed
[2026-02-15 10:54:59Z INFO Runner] ExecuteCommand
[2026-02-15 10:54:59Z INFO ConfigurationStore] currentAssemblyLocation: C:\projects\bio-vanta-kube-local\actions-runner\actions-runner\bin\Runner.Listener.dll
[2026-02-15 10:54:59Z INFO HostContext] Well known directory 'Bin': 'C:\projects\bio-vanta-kube-local\actions-runner\actions-runner\bin'
[2026-02-15 10:54:59Z INFO ConfigurationStore] binPath: C:\projects\bio-vanta-kube-local\actions-runner\actions-runner\bin
[2026-02-15 10:54:59Z INFO HostContext] Well known directory 'Bin': 'C:\projects\bio-vanta-kube-local\actions-runner\actions-runner\bin'
[2026-02-15 10:54:59Z INFO HostContext] Well known directory 'Root': 'C:\projects\bio-vanta-kube-local\actions-runner\actions-runner'
[2026-02-15 10:54:59Z INFO ConfigurationStore] RootFolder: C:\projects\bio-vanta-kube-local\actions-runner\actions-runner
[2026-02-15 10:54:59Z INFO HostContext] Well known directory 'Bin': 'C:\projects\bio-vanta-kube-local\actions-runner\actions-runner\bin'
[2026-02-15 10:54:59Z INFO HostContext] Well known directory 'Root': 'C:\projects\bio-vanta-kube-local\actions-runner\actions-runner'
[2026-02-15 10:54:59Z INFO HostContext] Well known config file 'Runner': 'C:\projects\bio-vanta-kube-local\actions-runner\actions-runner\.runner'
[2026-02-15 10:54:59Z INFO ConfigurationStore] ConfigFilePath: C:\projects\bio-vanta-kube-local\actions-runner\actions-runner\.runner
[2026-02-15 10:54:59Z INFO HostContext] Well known directory 'Bin': 'C:\projects\bio-vanta-kube-local\actions-runner\actions-runner\bin'
[2026-02-15 10:54:59Z INFO HostContext] Well known directory 'Root': 'C:\projects\bio-vanta-kube-local\actions-runner\actions-runner'
[2026-02-15 10:54:59Z INFO HostContext] Well known config file 'MigratedRunner': 'C:\projects\bio-vanta-kube-local\actions-runner\actions-runner\.runner_migrated'
[2026-02-15 10:54:59Z INFO ConfigurationStore] MigratedConfigFilePath: C:\projects\bio-vanta-kube-local\actions-runner\actions-runner\.runner_migrated
[2026-02-15 10:54:59Z INFO HostContext] Well known directory 'Bin': 'C:\projects\bio-vanta-kube-local\actions-runner\actions-runner\bin'
[2026-02-15 10:54:59Z INFO HostContext] Well known directory 'Root': 'C:\projects\bio-vanta-kube-local\actions-runner\actions-runner'
[2026-02-15 10:54:59Z INFO HostContext] Well known config file 'Credentials': 'C:\projects\bio-vanta-kube-local\actions-runner\actions-runner\.credentials'
[2026-02-15 10:54:59Z INFO ConfigurationStore] CredFilePath: C:\projects\bio-vanta-kube-local\actions-runner\actions-runner\.credentials
[2026-02-15 10:54:59Z INFO HostContext] Well known directory 'Bin': 'C:\projects\bio-vanta-kube-local\actions-runner\actions-runner\bin'
[2026-02-15 10:54:59Z INFO HostContext] Well known directory 'Root': 'C:\projects\bio-vanta-kube-local\actions-runner\actions-runner'
[2026-02-15 10:54:59Z INFO HostContext] Well known config file 'MigratedCredentials': 'C:\projects\bio-vanta-kube-local\actions-runner\actions-runner\.credentials_migrated'
[2026-02-15 10:54:59Z INFO ConfigurationStore] MigratedCredFilePath: C:\projects\bio-vanta-kube-local\actions-runner\actions-runner\.credentials_migrated
[2026-02-15 10:54:59Z INFO HostContext] Well known directory 'Bin': 'C:\projects\bio-vanta-kube-local\actions-runner\actions-runner\bin'
[2026-02-15 10:54:59Z INFO HostContext] Well known directory 'Root': 'C:\projects\bio-vanta-kube-local\actions-runner\actions-runner'
[2026-02-15 10:54:59Z INFO HostContext] Well known config file 'Service': 'C:\projects\bio-vanta-kube-local\actions-runner\actions-runner\.service'
[2026-02-15 10:54:59Z INFO ConfigurationStore] ServiceConfigFilePath: C:\projects\bio-vanta-kube-local\actions-runner\actions-runner\.service
[2026-02-15 10:54:59Z INFO CommandSettings] Flag 'help': 'False'
[2026-02-15 10:54:59Z INFO CommandSettings] Flag 'version': 'False'
[2026-02-15 10:54:59Z INFO CommandSettings] Flag 'commit': 'False'
[2026-02-15 10:54:59Z INFO CommandSettings] Flag 'check': 'False'
[2026-02-15 10:54:59Z INFO CommandSettings] Command 'configure': 'False'
[2026-02-15 10:54:59Z INFO CommandSettings] Command 'remove': 'False'
[2026-02-15 10:54:59Z INFO CommandSettings] Command 'warmup': 'False'
[2026-02-15 10:54:59Z INFO ConfigurationManager] LoadSettings
[2026-02-15 10:54:59Z INFO ConfigurationStore] IsConfigured()
[2026-02-15 10:54:59Z INFO ConfigurationStore] IsConfigured: True
[2026-02-15 10:54:59Z INFO ConfigurationManager] Is configured: True
[2026-02-15 10:54:59Z INFO ConfigurationStore] Read setting file: 410 chars
[2026-02-15 10:54:59Z INFO ConfigurationManager] Settings Loaded
[2026-02-15 10:54:59Z INFO ConfigurationStore] IsServiceConfigured()
[2026-02-15 10:54:59Z INFO ConfigurationStore] IsServiceConfigured: False
[2026-02-15 10:54:59Z INFO CommandSettings] Command 'run': 'True'
[2026-02-15 10:54:59Z INFO ConfigurationStore] IsConfigured()
[2026-02-15 10:54:59Z INFO ConfigurationStore] IsConfigured: True
[2026-02-15 10:54:59Z INFO ConfigurationManager] Is configured: True
[2026-02-15 10:54:59Z INFO Runner] Could not parse the argument value '' for StartupType. Defaulting to Manual
[2026-02-15 10:54:59Z INFO Runner] Set runner startup type - Manual
[2026-02-15 10:54:59Z INFO CommandSettings] Flag 'once': 'False'
[2026-02-15 10:54:59Z INFO CommandSettings] Flag 'once': 'False'
[2026-02-15 10:54:59Z INFO Runner] RunAsync
[2026-02-15 10:54:59Z INFO ConfigurationManager] LoadMigratedSettings
[2026-02-15 10:54:59Z INFO ConfigurationStore] IsMigratedConfigured()
[2026-02-15 10:54:59Z INFO ConfigurationStore] IsMigratedConfigured: False
[2026-02-15 10:54:59Z INFO Runner] Failed to load migrated settings: No migrated configuration found.
[2026-02-15 10:54:59Z INFO Runner] Falling back to original .runner settings
[2026-02-15 10:54:59Z INFO Runner] Using BrokerMessageListener
[2026-02-15 10:54:59Z INFO BrokerMessageListener] Using provided settings
[2026-02-15 10:54:59Z INFO BrokerMessageListener] {
  "AgentId": 2,
  "AgentName": "JUTHATHIP",
  "PoolId": 1,
  "PoolName": "Default",
  "ServerUrl": "https://pipelinesghubeus2.actions.githubusercontent.com/jOqMsT0rv3hL313qWXUJUGGfGTig2Okb22GKS85K1NnuojTVms/",
  "GitHubUrl": "https://github.com/JuthathipMae/bio-vanta-kube-localeiei2",
  "WorkFolder": "_work",
  "UseV2Flow": true,
  "ServerUrlV2": "https://broker.actions.githubusercontent.com/"
}
[2026-02-15 10:54:59Z INFO BrokerMessageListener] Loading Credentials
[2026-02-15 10:54:59Z INFO ConfigurationStore] HasCredentials()
[2026-02-15 10:54:59Z INFO ConfigurationStore] stored True
[2026-02-15 10:54:59Z INFO CredentialManager] GetCredentialProvider
[2026-02-15 10:54:59Z INFO CredentialManager] Creating type OAuth
[2026-02-15 10:54:59Z INFO CredentialManager] Creating credential type: OAuth
[2026-02-15 10:54:59Z INFO HostContext] Well known directory 'Bin': 'C:\projects\bio-vanta-kube-local\actions-runner\actions-runner\bin'
[2026-02-15 10:54:59Z INFO HostContext] Well known directory 'Root': 'C:\projects\bio-vanta-kube-local\actions-runner\actions-runner'
[2026-02-15 10:54:59Z INFO HostContext] Well known config file 'RSACredentials': 'C:\projects\bio-vanta-kube-local\actions-runner\actions-runner\.credentials_rsaparams'
[2026-02-15 10:54:59Z INFO RSAEncryptedFileKeyManager] Loading RSA key parameters from file C:\projects\bio-vanta-kube-local\actions-runner\actions-runner\.credentials_rsaparams
[2026-02-15 10:54:59Z INFO BrokerMessageListener] Attempt to create session.
[2026-02-15 10:54:59Z INFO BrokerMessageListener] Connecting to the Broker Server...
[2026-02-15 10:54:59Z INFO ConfigurationStore] HasCredentials()
[2026-02-15 10:54:59Z INFO ConfigurationStore] stored True
[2026-02-15 10:54:59Z INFO CredentialManager] GetCredentialProvider
[2026-02-15 10:54:59Z INFO CredentialManager] Creating type OAuth
[2026-02-15 10:54:59Z INFO CredentialManager] Creating credential type: OAuth
[2026-02-15 10:54:59Z INFO RSAEncryptedFileKeyManager] Loading RSA key parameters from file C:\projects\bio-vanta-kube-local\actions-runner\actions-runner\.credentials_rsaparams
[2026-02-15 10:54:59Z INFO BrokerMessageListener] VssConnection created
[2026-02-15 10:54:59Z INFO BrokerMessageListener] Connecting to the Runner server...
[2026-02-15 10:54:59Z INFO RunnerServer] EstablishVssConnection
[2026-02-15 10:54:59Z INFO RunnerServer] Establish connection with 100 seconds timeout.
[2026-02-15 10:55:00Z INFO GitHubActionsService] Starting operation Location.GetConnectionData
[2026-02-15 10:55:00Z INFO RunnerServer] EstablishVssConnection
[2026-02-15 10:55:00Z INFO RunnerServer] Establish connection with 60 seconds timeout.
[2026-02-15 10:55:00Z INFO GitHubActionsService] Starting operation Location.GetConnectionData
[2026-02-15 10:55:00Z INFO RunnerServer] EstablishVssConnection
[2026-02-15 10:55:00Z INFO RunnerServer] Establish connection with 60 seconds timeout.
[2026-02-15 10:55:00Z INFO GitHubActionsService] Starting operation Location.GetConnectionData
[2026-02-15 10:55:01Z INFO GitHubActionsService] Finished operation Location.GetConnectionData
[2026-02-15 10:55:01Z INFO GitHubActionsService] Finished operation Location.GetConnectionData
[2026-02-15 10:55:01Z INFO GitHubActionsService] Finished operation Location.GetConnectionData
[2026-02-15 10:55:01Z INFO BrokerMessageListener] VssConnection created
[2026-02-15 10:55:01Z INFO Terminal] WRITE LINE: 
[2026-02-15 10:55:01Z INFO Terminal] WRITE LINE: 
[2026-02-15 10:55:01Z INFO RSAEncryptedFileKeyManager] Loading RSA key parameters from file C:\projects\bio-vanta-kube-local\actions-runner\actions-runner\.credentials_rsaparams
[2026-02-15 10:55:01Z INFO RSAEncryptedFileKeyManager] Loading RSA key parameters from file C:\projects\bio-vanta-kube-local\actions-runner\actions-runner\.credentials_rsaparams
[2026-02-15 10:55:02Z INFO GitHubActionsService] AAD Correlation ID for this token request: Unknown
[2026-02-15 10:55:03Z INFO BrokerMessageListener] Session created.
[2026-02-15 10:55:03Z INFO Terminal] WRITE LINE: Current runner version: '2.331.0'
[2026-02-15 10:55:03Z INFO Terminal] WRITE LINE: 2026-02-15 10:55:03Z: Listening for Jobs
[2026-02-15 10:55:03Z INFO JobDispatcher] Set runner/worker IPC timeout to 30 seconds.
[2026-02-15 10:55:04Z INFO BrokerMessageListener] Acknowledging runner request '54530bc5-efff-5d70-9199-33a7ea1c974b'.
[2026-02-15 10:55:05Z INFO ConfigurationStore] HasCredentials()
[2026-02-15 10:55:05Z INFO ConfigurationStore] stored True
[2026-02-15 10:55:05Z INFO CredentialManager] GetCredentialProvider
[2026-02-15 10:55:05Z INFO CredentialManager] Creating type OAuth
[2026-02-15 10:55:05Z INFO CredentialManager] Creating credential type: OAuth
[2026-02-15 10:55:05Z INFO RSAEncryptedFileKeyManager] Loading RSA key parameters from file C:\projects\bio-vanta-kube-local\actions-runner\actions-runner\.credentials_rsaparams
[2026-02-15 10:55:05Z INFO RSAEncryptedFileKeyManager] Loading RSA key parameters from file C:\projects\bio-vanta-kube-local\actions-runner\actions-runner\.credentials_rsaparams
[2026-02-15 10:55:05Z INFO RSAEncryptedFileKeyManager] Loading RSA key parameters from file C:\projects\bio-vanta-kube-local\actions-runner\actions-runner\.credentials_rsaparams
[2026-02-15 10:55:06Z INFO GitHubActionsService] AAD Correlation ID for this token request: Unknown
[2026-02-15 10:55:08Z INFO JobDispatcher] Job request 0 for plan db653117-15c1-4866-bfd5-d37da3697f6e job 54530bc5-efff-5d70-9199-33a7ea1c974b received.
[2026-02-15 10:55:08Z INFO JobDispatcher] Pull OrchestrationId db653117-15c1-4866-bfd5-d37da3697f6e.deploy.__default from JWT claims
[2026-02-15 10:55:08Z INFO BrokerMessageListener] Received job status event. JobState: Busy
[2026-02-15 10:55:08Z INFO BrokerMessageListener] _getMessagesTokenSource is already disposed.
[2026-02-15 10:55:08Z INFO Terminal] WRITE LINE: 2026-02-15 10:55:08Z: Running job: deploy
[2026-02-15 10:55:08Z INFO JobDispatcher] Start renew job request 0 for job 54530bc5-efff-5d70-9199-33a7ea1c974b.
[2026-02-15 10:55:08Z INFO JobDispatcher] Successfully renew job 54530bc5-efff-5d70-9199-33a7ea1c974b, job is valid till 2/15/2026 11:05:08 AM
[2026-02-15 10:55:08Z INFO HostContext] Well known directory 'Bin': 'C:\projects\bio-vanta-kube-local\actions-runner\actions-runner\bin'
[2026-02-15 10:55:08Z INFO ProcessInvokerWrapper] Starting process:
[2026-02-15 10:55:08Z INFO ProcessInvokerWrapper]   File name: 'C:\projects\bio-vanta-kube-local\actions-runner\actions-runner\bin\Runner.Worker.exe'
[2026-02-15 10:55:08Z INFO ProcessInvokerWrapper]   Arguments: 'spawnclient 2280 2312'
[2026-02-15 10:55:08Z INFO ProcessInvokerWrapper]   Working directory: 'C:\projects\bio-vanta-kube-local\actions-runner\actions-runner\bin'
[2026-02-15 10:55:08Z INFO ProcessInvokerWrapper]   Require exit code zero: 'False'
[2026-02-15 10:55:08Z INFO ProcessInvokerWrapper]   Encoding web name:  ; code page: ''
[2026-02-15 10:55:08Z INFO ProcessInvokerWrapper]   Force kill process on cancellation: 'True'
[2026-02-15 10:55:08Z INFO ProcessInvokerWrapper]   Redirected STDIN: 'False'
[2026-02-15 10:55:08Z INFO ProcessInvokerWrapper]   Persist current code page: 'False'
[2026-02-15 10:55:08Z INFO ProcessInvokerWrapper]   Keep redirected STDIN open: 'False'
[2026-02-15 10:55:08Z INFO ProcessInvokerWrapper]   High priority process: 'True'
[2026-02-15 10:55:09Z INFO ProcessInvokerWrapper] Process started with process id 3216, waiting for process exit.
[2026-02-15 10:55:09Z INFO JobDispatcher] Send job request message to worker for job 54530bc5-efff-5d70-9199-33a7ea1c974b.
[2026-02-15 10:55:09Z INFO ProcessChannel] Sending message of length 21789, with hash 'b49db79cfdd9b67777f957bb61f05ffc88a71c0f15fc7e07952d02522d9ac3ff'
[2026-02-15 10:55:09Z INFO JobNotification] Entering JobStarted Notification
[2026-02-15 10:55:09Z INFO JobNotification] Entering StartMonitor
[2026-02-15 10:55:54Z INFO ProcessInvokerWrapper] STDOUT/STDERR stream read finished.
[2026-02-15 10:55:54Z INFO ProcessInvokerWrapper] STDOUT/STDERR stream read finished.
[2026-02-15 10:55:54Z INFO ProcessInvokerWrapper] Finished process 3216 with exit code 102, and elapsed time 00:00:45.8998317.
[2026-02-15 10:55:54Z INFO JobDispatcher] Worker finished for job 54530bc5-efff-5d70-9199-33a7ea1c974b. Code: 102
[2026-02-15 10:55:54Z INFO JobDispatcher] finish job request for job 54530bc5-efff-5d70-9199-33a7ea1c974b with result: Failed
[2026-02-15 10:55:54Z INFO Terminal] WRITE LINE: 2026-02-15 10:55:54Z: Job deploy completed with result: Failed
[2026-02-15 10:55:54Z INFO JobDispatcher] Stop renew job request for job 54530bc5-efff-5d70-9199-33a7ea1c974b.
[2026-02-15 10:55:54Z INFO JobDispatcher] job renew has been cancelled, stop renew job 54530bc5-efff-5d70-9199-33a7ea1c974b.
[2026-02-15 10:55:54Z INFO JobNotification] Entering JobCompleted Notification
[2026-02-15 10:55:54Z INFO JobNotification] Entering EndMonitor
[2026-02-15 10:55:54Z INFO BrokerMessageListener] Received job status event. JobState: Online
[2026-02-15 10:55:54Z WARN GitHubActionsService] GET request to https://broker.actions.githubusercontent.com/message?sessionId=c7e0b532-d3e9-4252-9b66-a3185d576efd&status=Busy&runnerVersion=2.331.0&os=Windows&architecture=X64&disableUpdate=false has been cancelled.
[2026-02-15 10:55:54Z ERR  BrokerServer] Catch exception during request
[2026-02-15 10:55:55Z ERR  BrokerServer] System.Threading.Tasks.TaskCanceledException: The operation was canceled.
 ---> System.Threading.Tasks.TaskCanceledException: The operation was canceled.
 ---> System.IO.IOException: Unable to read data from the transport connection: The I/O operation has been aborted because of either a thread exit or an application request..
 ---> System.Net.Sockets.SocketException (995): The I/O operation has been aborted because of either a thread exit or an application request.
   --- End of inner exception stack trace ---
   at System.Net.Sockets.Socket.AwaitableSocketAsyncEventArgs.ThrowException(SocketError error, CancellationToken cancellationToken)
   at System.Net.Sockets.Socket.AwaitableSocketAsyncEventArgs.System.Threading.Tasks.Sources.IValueTaskSource<System.Int32>.GetResult(Int16 token)
   at System.Net.Security.SslStream.EnsureFullTlsFrameAsync[TIOAdapter](CancellationToken cancellationToken, Int32 estimatedSize)
   at System.Runtime.CompilerServices.PoolingAsyncValueTaskMethodBuilder`1.StateMachineBox`1.System.Threading.Tasks.Sources.IValueTaskSource<TResult>.GetResult(Int16 token)
   at System.Net.Security.SslStream.ReadAsyncInternal[TIOAdapter](Memory`1 buffer, CancellationToken cancellationToken)
   at System.Runtime.CompilerServices.PoolingAsyncValueTaskMethodBuilder`1.StateMachineBox`1.System.Threading.Tasks.Sources.IValueTaskSource<TResult>.GetResult(Int16 token)
   at System.Net.Http.HttpConnection.SendAsync(HttpRequestMessage request, Boolean async, CancellationToken cancellationToken)
   --- End of inner exception stack trace ---
   at System.Net.Http.HttpConnection.SendAsync(HttpRequestMessage request, Boolean async, CancellationToken cancellationToken)
   at System.Net.Http.AuthenticationHelper.SendWithNtAuthAsync(HttpRequestMessage request, Uri authUri, Boolean async, ICredentials credentials, Boolean isProxyAuth, HttpConnection connection, HttpConnectionPool connectionPool, CancellationToken cancellationToken)
   at System.Net.Http.HttpConnectionPool.SendWithVersionDetectionAndRetryAsync(HttpRequestMessage request, Boolean async, Boolean doRequestAuth, CancellationToken cancellationToken)
   at System.Net.Http.AuthenticationHelper.SendWithAuthAsync(HttpRequestMessage request, Uri authUri, Boolean async, ICredentials credentials, Boolean preAuthenticate, Boolean isProxyAuth, Boolean doRequestAuth, HttpConnectionPool pool, CancellationToken cancellationToken)
   at System.Net.Http.RedirectHandler.SendAsync(HttpRequestMessage request, Boolean async, CancellationToken cancellationToken)
   at GitHub.Services.Common.RawHttpMessageHandler.SendAsync(HttpRequestMessage request, CancellationToken cancellationToken)
   at GitHub.Services.Common.VssHttpRetryMessageHandler.SendAsync(HttpRequestMessage request, CancellationToken cancellationToken)
   at System.Net.Http.HttpClient.<SendAsync>g__Core|83_0(HttpRequestMessage request, HttpCompletionOption completionOption, CancellationTokenSource cts, Boolean disposeCts, CancellationTokenSource pendingRequestsCts, CancellationToken originalCancellationToken)
   --- End of inner exception stack trace ---
   at System.Net.Http.HttpClient.HandleFailure(Exception e, Boolean telemetryStarted, HttpResponseMessage response, CancellationTokenSource cts, CancellationToken cancellationToken, CancellationTokenSource pendingRequestsCts)
   at System.Net.Http.HttpClient.<SendAsync>g__Core|83_0(HttpRequestMessage request, HttpCompletionOption completionOption, CancellationTokenSource cts, Boolean disposeCts, CancellationTokenSource pendingRequestsCts, CancellationToken originalCancellationToken)
   at Sdk.WebApi.WebApi.RawHttpClientBase.SendAsync(HttpRequestMessage message, HttpCompletionOption completionOption, Object userState, CancellationToken cancellationToken)
   at Sdk.WebApi.WebApi.RawHttpClientBase.SendAsync[T](HttpRequestMessage message, Boolean readErrorBody, Object userState, CancellationToken cancellationToken)
   at Sdk.WebApi.WebApi.RawHttpClientBase.SendAsync[T](HttpMethod method, IEnumerable`1 additionalHeaders, Uri requestUri, HttpContent content, IEnumerable`1 queryParameters, Boolean readErrorBody, Object userState, CancellationToken cancellationToken)
   at GitHub.Actions.RunService.WebApi.BrokerHttpClient.GetRunnerMessageAsync(Nullable`1 sessionId, String runnerVersion, Nullable`1 status, String os, String architecture, Nullable`1 disableUpdate, CancellationToken cancellationToken)
   at GitHub.Runner.Common.BrokerServer.<>c__DisplayClass7_0.<<GetRunnerMessageAsync>b__0>d.MoveNext()
--- End of stack trace from previous location ---
   at GitHub.Runner.Common.RunnerService.RetryRequest[T](Func`1 func, CancellationToken cancellationToken, Int32 maxAttempts, Func`2 shouldRetry)
[2026-02-15 10:55:55Z ERR  BrokerServer] #####################################################
[2026-02-15 10:55:55Z ERR  BrokerServer] System.Threading.Tasks.TaskCanceledException: The operation was canceled.
 ---> System.IO.IOException: Unable to read data from the transport connection: The I/O operation has been aborted because of either a thread exit or an application request..
 ---> System.Net.Sockets.SocketException (995): The I/O operation has been aborted because of either a thread exit or an application request.
   --- End of inner exception stack trace ---
   at System.Net.Sockets.Socket.AwaitableSocketAsyncEventArgs.ThrowException(SocketError error, CancellationToken cancellationToken)
   at System.Net.Sockets.Socket.AwaitableSocketAsyncEventArgs.System.Threading.Tasks.Sources.IValueTaskSource<System.Int32>.GetResult(Int16 token)
   at System.Net.Security.SslStream.EnsureFullTlsFrameAsync[TIOAdapter](CancellationToken cancellationToken, Int32 estimatedSize)
   at System.Runtime.CompilerServices.PoolingAsyncValueTaskMethodBuilder`1.StateMachineBox`1.System.Threading.Tasks.Sources.IValueTaskSource<TResult>.GetResult(Int16 token)
   at System.Net.Security.SslStream.ReadAsyncInternal[TIOAdapter](Memory`1 buffer, CancellationToken cancellationToken)
   at System.Runtime.CompilerServices.PoolingAsyncValueTaskMethodBuilder`1.StateMachineBox`1.System.Threading.Tasks.Sources.IValueTaskSource<TResult>.GetResult(Int16 token)
   at System.Net.Http.HttpConnection.SendAsync(HttpRequestMessage request, Boolean async, CancellationToken cancellationToken)
   --- End of inner exception stack trace ---
   at System.Net.Http.HttpConnection.SendAsync(HttpRequestMessage request, Boolean async, CancellationToken cancellationToken)
   at System.Net.Http.AuthenticationHelper.SendWithNtAuthAsync(HttpRequestMessage request, Uri authUri, Boolean async, ICredentials credentials, Boolean isProxyAuth, HttpConnection connection, HttpConnectionPool connectionPool, CancellationToken cancellationToken)
   at System.Net.Http.HttpConnectionPool.SendWithVersionDetectionAndRetryAsync(HttpRequestMessage request, Boolean async, Boolean doRequestAuth, CancellationToken cancellationToken)
   at System.Net.Http.AuthenticationHelper.SendWithAuthAsync(HttpRequestMessage request, Uri authUri, Boolean async, ICredentials credentials, Boolean preAuthenticate, Boolean isProxyAuth, Boolean doRequestAuth, HttpConnectionPool pool, CancellationToken cancellationToken)
   at System.Net.Http.RedirectHandler.SendAsync(HttpRequestMessage request, Boolean async, CancellationToken cancellationToken)
   at GitHub.Services.Common.RawHttpMessageHandler.SendAsync(HttpRequestMessage request, CancellationToken cancellationToken)
   at GitHub.Services.Common.VssHttpRetryMessageHandler.SendAsync(HttpRequestMessage request, CancellationToken cancellationToken)
   at System.Net.Http.HttpClient.<SendAsync>g__Core|83_0(HttpRequestMessage request, HttpCompletionOption completionOption, CancellationTokenSource cts, Boolean disposeCts, CancellationTokenSource pendingRequestsCts, CancellationToken originalCancellationToken)
[2026-02-15 10:55:55Z ERR  BrokerServer] #####################################################
[2026-02-15 10:55:55Z ERR  BrokerServer] System.IO.IOException: Unable to read data from the transport connection: The I/O operation has been aborted because of either a thread exit or an application request..
 ---> System.Net.Sockets.SocketException (995): The I/O operation has been aborted because of either a thread exit or an application request.
   --- End of inner exception stack trace ---
   at System.Net.Sockets.Socket.AwaitableSocketAsyncEventArgs.ThrowException(SocketError error, CancellationToken cancellationToken)
   at System.Net.Sockets.Socket.AwaitableSocketAsyncEventArgs.System.Threading.Tasks.Sources.IValueTaskSource<System.Int32>.GetResult(Int16 token)
   at System.Net.Security.SslStream.EnsureFullTlsFrameAsync[TIOAdapter](CancellationToken cancellationToken, Int32 estimatedSize)
   at System.Runtime.CompilerServices.PoolingAsyncValueTaskMethodBuilder`1.StateMachineBox`1.System.Threading.Tasks.Sources.IValueTaskSource<TResult>.GetResult(Int16 token)
   at System.Net.Security.SslStream.ReadAsyncInternal[TIOAdapter](Memory`1 buffer, CancellationToken cancellationToken)
   at System.Runtime.CompilerServices.PoolingAsyncValueTaskMethodBuilder`1.StateMachineBox`1.System.Threading.Tasks.Sources.IValueTaskSource<TResult>.GetResult(Int16 token)
   at System.Net.Http.HttpConnection.SendAsync(HttpRequestMessage request, Boolean async, CancellationToken cancellationToken)
[2026-02-15 10:55:55Z ERR  BrokerServer] #####################################################
[2026-02-15 10:55:55Z ERR  BrokerServer] System.Net.Sockets.SocketException (995): The I/O operation has been aborted because of either a thread exit or an application request.
[2026-02-15 10:55:55Z WARN BrokerServer] Back off 12.025 seconds before next retry. 4 attempt left.
[2026-02-15 10:55:55Z INFO BrokerMessageListener] Get messages has been cancelled using local token source. Continue to get messages with new status.
[2026-02-15 10:59:53Z INFO Terminal] WRITE LINE: Exiting...
[2026-02-15 10:59:53Z INFO ConfigurationStore] IsServiceConfigured()
[2026-02-15 10:59:53Z INFO ConfigurationStore] IsServiceConfigured: False
[2026-02-15 10:59:53Z INFO HostContext] Runner will be shutdown for UserCancelled
[2026-02-15 10:59:53Z WARN GitHubActionsService] GET request to https://broker.actions.githubusercontent.com/message?sessionId=c7e0b532-d3e9-4252-9b66-a3185d576efd&status=Online&runnerVersion=2.331.0&os=Windows&architecture=X64&disableUpdate=false has been cancelled.
[2026-02-15 10:59:53Z ERR  BrokerServer] Catch exception during request
[2026-02-15 10:59:53Z ERR  BrokerServer] System.Threading.Tasks.TaskCanceledException: The operation was canceled.
 ---> System.Threading.Tasks.TaskCanceledException: The operation was canceled.
 ---> System.IO.IOException: Unable to read data from the transport connection: The I/O operation has been aborted because of either a thread exit or an application request..
 ---> System.Net.Sockets.SocketException (995): The I/O operation has been aborted because of either a thread exit or an application request.
   --- End of inner exception stack trace ---
   at System.Net.Sockets.Socket.AwaitableSocketAsyncEventArgs.ThrowException(SocketError error, CancellationToken cancellationToken)
   at System.Net.Sockets.Socket.AwaitableSocketAsyncEventArgs.System.Threading.Tasks.Sources.IValueTaskSource<System.Int32>.GetResult(Int16 token)
   at System.Net.Security.SslStream.EnsureFullTlsFrameAsync[TIOAdapter](CancellationToken cancellationToken, Int32 estimatedSize)
   at System.Runtime.CompilerServices.PoolingAsyncValueTaskMethodBuilder`1.StateMachineBox`1.System.Threading.Tasks.Sources.IValueTaskSource<TResult>.GetResult(Int16 token)
   at System.Net.Security.SslStream.ReadAsyncInternal[TIOAdapter](Memory`1 buffer, CancellationToken cancellationToken)
   at System.Runtime.CompilerServices.PoolingAsyncValueTaskMethodBuilder`1.StateMachineBox`1.System.Threading.Tasks.Sources.IValueTaskSource<TResult>.GetResult(Int16 token)
   at System.Net.Http.HttpConnection.SendAsync(HttpRequestMessage request, Boolean async, CancellationToken cancellationToken)
   --- End of inner exception stack trace ---
   at System.Net.Http.HttpConnection.SendAsync(HttpRequestMessage request, Boolean async, CancellationToken cancellationToken)
   at System.Net.Http.AuthenticationHelper.SendWithNtAuthAsync(HttpRequestMessage request, Uri authUri, Boolean async, ICredentials credentials, Boolean isProxyAuth, HttpConnection connection, HttpConnectionPool connectionPool, CancellationToken cancellationToken)
   at System.Net.Http.HttpConnectionPool.SendWithVersionDetectionAndRetryAsync(HttpRequestMessage request, Boolean async, Boolean doRequestAuth, CancellationToken cancellationToken)
   at System.Net.Http.AuthenticationHelper.SendWithAuthAsync(HttpRequestMessage request, Uri authUri, Boolean async, ICredentials credentials, Boolean preAuthenticate, Boolean isProxyAuth, Boolean doRequestAuth, HttpConnectionPool pool, CancellationToken cancellationToken)
   at System.Net.Http.RedirectHandler.SendAsync(HttpRequestMessage request, Boolean async, CancellationToken cancellationToken)
   at GitHub.Services.Common.RawHttpMessageHandler.SendAsync(HttpRequestMessage request, CancellationToken cancellationToken)
   at GitHub.Services.Common.VssHttpRetryMessageHandler.SendAsync(HttpRequestMessage request, CancellationToken cancellationToken)
   at System.Net.Http.HttpClient.<SendAsync>g__Core|83_0(HttpRequestMessage request, HttpCompletionOption completionOption, CancellationTokenSource cts, Boolean disposeCts, CancellationTokenSource pendingRequestsCts, CancellationToken originalCancellationToken)
   --- End of inner exception stack trace ---
   at System.Net.Http.HttpClient.HandleFailure(Exception e, Boolean telemetryStarted, HttpResponseMessage response, CancellationTokenSource cts, CancellationToken cancellationToken, CancellationTokenSource pendingRequestsCts)
   at System.Net.Http.HttpClient.<SendAsync>g__Core|83_0(HttpRequestMessage request, HttpCompletionOption completionOption, CancellationTokenSource cts, Boolean disposeCts, CancellationTokenSource pendingRequestsCts, CancellationToken originalCancellationToken)
   at Sdk.WebApi.WebApi.RawHttpClientBase.SendAsync(HttpRequestMessage message, HttpCompletionOption completionOption, Object userState, CancellationToken cancellationToken)
   at Sdk.WebApi.WebApi.RawHttpClientBase.SendAsync[T](HttpRequestMessage message, Boolean readErrorBody, Object userState, CancellationToken cancellationToken)
   at Sdk.WebApi.WebApi.RawHttpClientBase.SendAsync[T](HttpMethod method, IEnumerable`1 additionalHeaders, Uri requestUri, HttpContent content, IEnumerable`1 queryParameters, Boolean readErrorBody, Object userState, CancellationToken cancellationToken)
   at GitHub.Actions.RunService.WebApi.BrokerHttpClient.GetRunnerMessageAsync(Nullable`1 sessionId, String runnerVersion, Nullable`1 status, String os, String architecture, Nullable`1 disableUpdate, CancellationToken cancellationToken)
   at GitHub.Runner.Common.BrokerServer.<>c__DisplayClass7_0.<<GetRunnerMessageAsync>b__0>d.MoveNext()
--- End of stack trace from previous location ---
   at GitHub.Runner.Common.RunnerService.RetryRequest[T](Func`1 func, CancellationToken cancellationToken, Int32 maxAttempts, Func`2 shouldRetry)
[2026-02-15 10:59:53Z ERR  BrokerServer] #####################################################
[2026-02-15 10:59:53Z ERR  BrokerServer] System.Threading.Tasks.TaskCanceledException: The operation was canceled.
 ---> System.IO.IOException: Unable to read data from the transport connection: The I/O operation has been aborted because of either a thread exit or an application request..
 ---> System.Net.Sockets.SocketException (995): The I/O operation has been aborted because of either a thread exit or an application request.
   --- End of inner exception stack trace ---
   at System.Net.Sockets.Socket.AwaitableSocketAsyncEventArgs.ThrowException(SocketError error, CancellationToken cancellationToken)
   at System.Net.Sockets.Socket.AwaitableSocketAsyncEventArgs.System.Threading.Tasks.Sources.IValueTaskSource<System.Int32>.GetResult(Int16 token)
   at System.Net.Security.SslStream.EnsureFullTlsFrameAsync[TIOAdapter](CancellationToken cancellationToken, Int32 estimatedSize)
   at System.Runtime.CompilerServices.PoolingAsyncValueTaskMethodBuilder`1.StateMachineBox`1.System.Threading.Tasks.Sources.IValueTaskSource<TResult>.GetResult(Int16 token)
   at System.Net.Security.SslStream.ReadAsyncInternal[TIOAdapter](Memory`1 buffer, CancellationToken cancellationToken)
   at System.Runtime.CompilerServices.PoolingAsyncValueTaskMethodBuilder`1.StateMachineBox`1.System.Threading.Tasks.Sources.IValueTaskSource<TResult>.GetResult(Int16 token)
   at System.Net.Http.HttpConnection.SendAsync(HttpRequestMessage request, Boolean async, CancellationToken cancellationToken)
   --- End of inner exception stack trace ---
   at System.Net.Http.HttpConnection.SendAsync(HttpRequestMessage request, Boolean async, CancellationToken cancellationToken)
   at System.Net.Http.AuthenticationHelper.SendWithNtAuthAsync(HttpRequestMessage request, Uri authUri, Boolean async, ICredentials credentials, Boolean isProxyAuth, HttpConnection connection, HttpConnectionPool connectionPool, CancellationToken cancellationToken)
   at System.Net.Http.HttpConnectionPool.SendWithVersionDetectionAndRetryAsync(HttpRequestMessage request, Boolean async, Boolean doRequestAuth, CancellationToken cancellationToken)
   at System.Net.Http.AuthenticationHelper.SendWithAuthAsync(HttpRequestMessage request, Uri authUri, Boolean async, ICredentials credentials, Boolean preAuthenticate, Boolean isProxyAuth, Boolean doRequestAuth, HttpConnectionPool pool, CancellationToken cancellationToken)
   at System.Net.Http.RedirectHandler.SendAsync(HttpRequestMessage request, Boolean async, CancellationToken cancellationToken)
   at GitHub.Services.Common.RawHttpMessageHandler.SendAsync(HttpRequestMessage request, CancellationToken cancellationToken)
   at GitHub.Services.Common.VssHttpRetryMessageHandler.SendAsync(HttpRequestMessage request, CancellationToken cancellationToken)
   at System.Net.Http.HttpClient.<SendAsync>g__Core|83_0(HttpRequestMessage request, HttpCompletionOption completionOption, CancellationTokenSource cts, Boolean disposeCts, CancellationTokenSource pendingRequestsCts, CancellationToken originalCancellationToken)
[2026-02-15 10:59:53Z ERR  BrokerServer] #####################################################
[2026-02-15 10:59:53Z ERR  BrokerServer] System.IO.IOException: Unable to read data from the transport connection: The I/O operation has been aborted because of either a thread exit or an application request..
 ---> System.Net.Sockets.SocketException (995): The I/O operation has been aborted because of either a thread exit or an application request.
   --- End of inner exception stack trace ---
   at System.Net.Sockets.Socket.AwaitableSocketAsyncEventArgs.ThrowException(SocketError error, CancellationToken cancellationToken)
   at System.Net.Sockets.Socket.AwaitableSocketAsyncEventArgs.System.Threading.Tasks.Sources.IValueTaskSource<System.Int32>.GetResult(Int16 token)
   at System.Net.Security.SslStream.EnsureFullTlsFrameAsync[TIOAdapter](CancellationToken cancellationToken, Int32 estimatedSize)
   at System.Runtime.CompilerServices.PoolingAsyncValueTaskMethodBuilder`1.StateMachineBox`1.System.Threading.Tasks.Sources.IValueTaskSource<TResult>.GetResult(Int16 token)
   at System.Net.Security.SslStream.ReadAsyncInternal[TIOAdapter](Memory`1 buffer, CancellationToken cancellationToken)
   at System.Runtime.CompilerServices.PoolingAsyncValueTaskMethodBuilder`1.StateMachineBox`1.System.Threading.Tasks.Sources.IValueTaskSource<TResult>.GetResult(Int16 token)
   at System.Net.Http.HttpConnection.SendAsync(HttpRequestMessage request, Boolean async, CancellationToken cancellationToken)
[2026-02-15 10:59:53Z ERR  BrokerServer] #####################################################
[2026-02-15 10:59:53Z ERR  BrokerServer] System.Net.Sockets.SocketException (995): The I/O operation has been aborted because of either a thread exit or an application request.
[2026-02-15 10:59:53Z WARN BrokerServer] Back off 11.095 seconds before next retry. 4 attempt left.
[2026-02-15 10:59:53Z INFO BrokerMessageListener] Get next message has been cancelled.
[2026-02-15 10:59:53Z INFO JobDispatcher] Shutting down JobDispatcher. Make sure all WorkerDispatcher has finished.
[2026-02-15 10:59:53Z INFO JobDispatcher] Ensure WorkerDispatcher for job 54530bc5-efff-5d70-9199-33a7ea1c974b run to finish, cancel any running job.
[2026-02-15 10:59:53Z INFO JobDispatcher] Job request 54530bc5-efff-5d70-9199-33a7ea1c974b processed succeed.
[2026-02-15 10:59:53Z INFO Runner] Deleting Runner Session...
[2026-02-15 10:59:54Z INFO Listener] Runner execution been cancelled.
