[2026-02-17 02:52:35Z INFO HostContext] No proxy settings were found based on environmental variables (http_proxy/https_proxy/HTTP_PROXY/HTTPS_PROXY)
[2026-02-17 02:52:35Z INFO HostContext] Well known directory 'Bin': 'C:\projects\bio-vanta-kube-local\actions-runner\bin'
[2026-02-17 02:52:35Z INFO HostContext] Well known directory 'Root': 'C:\projects\bio-vanta-kube-local\actions-runner'
[2026-02-17 02:52:35Z INFO HostContext] Well known config file 'Credentials': 'C:\projects\bio-vanta-kube-local\actions-runner\.credentials'
[2026-02-17 02:52:35Z INFO HostContext] Well known directory 'Bin': 'C:\projects\bio-vanta-kube-local\actions-runner\bin'
[2026-02-17 02:52:35Z INFO HostContext] Well known directory 'Root': 'C:\projects\bio-vanta-kube-local\actions-runner'
[2026-02-17 02:52:35Z INFO HostContext] Well known config file 'Runner': 'C:\projects\bio-vanta-kube-local\actions-runner\.runner'
[2026-02-17 02:52:35Z INFO Listener] Runner is built for Windows (X64) - win-x64.
[2026-02-17 02:52:35Z INFO Listener] RuntimeInformation: Microsoft Windows 10.0.26200.
[2026-02-17 02:52:35Z INFO Listener] Version: 2.331.0
[2026-02-17 02:52:35Z INFO Listener] Commit: 39f6c643d3032f8795fa71f1482731ca90c8e038
[2026-02-17 02:52:35Z INFO Listener] Culture: en-US
[2026-02-17 02:52:35Z INFO Listener] UI Culture: en-US
[2026-02-17 02:52:35Z INFO HostContext] Well known directory 'Bin': 'C:\projects\bio-vanta-kube-local\actions-runner\bin'
[2026-02-17 02:52:35Z INFO HostContext] Well known directory 'Root': 'C:\projects\bio-vanta-kube-local\actions-runner'
[2026-02-17 02:52:35Z INFO Listener] Validating directory permissions for: 'C:\projects\bio-vanta-kube-local\actions-runner'
[2026-02-17 02:52:35Z INFO CommandLineParser] Parse
[2026-02-17 02:52:35Z INFO CommandLineParser] Parsing 1 args
[2026-02-17 02:52:35Z INFO CommandLineParser] parsing argument
[2026-02-17 02:52:35Z INFO CommandLineParser] HasArgs: False
[2026-02-17 02:52:35Z INFO CommandLineParser] Adding Command: run
[2026-02-17 02:52:35Z INFO Listener] Arguments parsed
[2026-02-17 02:52:35Z INFO Runner] ExecuteCommand
[2026-02-17 02:52:35Z INFO ConfigurationStore] currentAssemblyLocation: C:\projects\bio-vanta-kube-local\actions-runner\bin\Runner.Listener.dll
[2026-02-17 02:52:35Z INFO HostContext] Well known directory 'Bin': 'C:\projects\bio-vanta-kube-local\actions-runner\bin'
[2026-02-17 02:52:35Z INFO ConfigurationStore] binPath: C:\projects\bio-vanta-kube-local\actions-runner\bin
[2026-02-17 02:52:35Z INFO HostContext] Well known directory 'Bin': 'C:\projects\bio-vanta-kube-local\actions-runner\bin'
[2026-02-17 02:52:35Z INFO HostContext] Well known directory 'Root': 'C:\projects\bio-vanta-kube-local\actions-runner'
[2026-02-17 02:52:35Z INFO ConfigurationStore] RootFolder: C:\projects\bio-vanta-kube-local\actions-runner
[2026-02-17 02:52:35Z INFO HostContext] Well known directory 'Bin': 'C:\projects\bio-vanta-kube-local\actions-runner\bin'
[2026-02-17 02:52:35Z INFO HostContext] Well known directory 'Root': 'C:\projects\bio-vanta-kube-local\actions-runner'
[2026-02-17 02:52:35Z INFO HostContext] Well known config file 'Runner': 'C:\projects\bio-vanta-kube-local\actions-runner\.runner'
[2026-02-17 02:52:35Z INFO ConfigurationStore] ConfigFilePath: C:\projects\bio-vanta-kube-local\actions-runner\.runner
[2026-02-17 02:52:35Z INFO HostContext] Well known directory 'Bin': 'C:\projects\bio-vanta-kube-local\actions-runner\bin'
[2026-02-17 02:52:35Z INFO HostContext] Well known directory 'Root': 'C:\projects\bio-vanta-kube-local\actions-runner'
[2026-02-17 02:52:35Z INFO HostContext] Well known config file 'MigratedRunner': 'C:\projects\bio-vanta-kube-local\actions-runner\.runner_migrated'
[2026-02-17 02:52:35Z INFO ConfigurationStore] MigratedConfigFilePath: C:\projects\bio-vanta-kube-local\actions-runner\.runner_migrated
[2026-02-17 02:52:35Z INFO HostContext] Well known directory 'Bin': 'C:\projects\bio-vanta-kube-local\actions-runner\bin'
[2026-02-17 02:52:35Z INFO HostContext] Well known directory 'Root': 'C:\projects\bio-vanta-kube-local\actions-runner'
[2026-02-17 02:52:35Z INFO HostContext] Well known config file 'Credentials': 'C:\projects\bio-vanta-kube-local\actions-runner\.credentials'
[2026-02-17 02:52:35Z INFO ConfigurationStore] CredFilePath: C:\projects\bio-vanta-kube-local\actions-runner\.credentials
[2026-02-17 02:52:35Z INFO HostContext] Well known directory 'Bin': 'C:\projects\bio-vanta-kube-local\actions-runner\bin'
[2026-02-17 02:52:35Z INFO HostContext] Well known directory 'Root': 'C:\projects\bio-vanta-kube-local\actions-runner'
[2026-02-17 02:52:35Z INFO HostContext] Well known config file 'MigratedCredentials': 'C:\projects\bio-vanta-kube-local\actions-runner\.credentials_migrated'
[2026-02-17 02:52:35Z INFO ConfigurationStore] MigratedCredFilePath: C:\projects\bio-vanta-kube-local\actions-runner\.credentials_migrated
[2026-02-17 02:52:35Z INFO HostContext] Well known directory 'Bin': 'C:\projects\bio-vanta-kube-local\actions-runner\bin'
[2026-02-17 02:52:35Z INFO HostContext] Well known directory 'Root': 'C:\projects\bio-vanta-kube-local\actions-runner'
[2026-02-17 02:52:35Z INFO HostContext] Well known config file 'Service': 'C:\projects\bio-vanta-kube-local\actions-runner\.service'
[2026-02-17 02:52:35Z INFO ConfigurationStore] ServiceConfigFilePath: C:\projects\bio-vanta-kube-local\actions-runner\.service
[2026-02-17 02:52:35Z INFO CommandSettings] Flag 'help': 'False'
[2026-02-17 02:52:35Z INFO CommandSettings] Flag 'version': 'False'
[2026-02-17 02:52:35Z INFO CommandSettings] Flag 'commit': 'False'
[2026-02-17 02:52:35Z INFO CommandSettings] Flag 'check': 'False'
[2026-02-17 02:52:35Z INFO CommandSettings] Command 'configure': 'False'
[2026-02-17 02:52:35Z INFO CommandSettings] Command 'remove': 'False'
[2026-02-17 02:52:35Z INFO CommandSettings] Command 'warmup': 'False'
[2026-02-17 02:52:35Z INFO ConfigurationManager] LoadSettings
[2026-02-17 02:52:35Z INFO ConfigurationStore] IsConfigured()
[2026-02-17 02:52:35Z INFO ConfigurationStore] IsConfigured: True
[2026-02-17 02:52:35Z INFO ConfigurationManager] Is configured: True
[2026-02-17 02:52:35Z INFO ConfigurationStore] Read setting file: 410 chars
[2026-02-17 02:52:35Z INFO ConfigurationManager] Settings Loaded
[2026-02-17 02:52:35Z INFO ConfigurationStore] IsServiceConfigured()
[2026-02-17 02:52:35Z INFO ConfigurationStore] IsServiceConfigured: False
[2026-02-17 02:52:35Z INFO CommandSettings] Command 'run': 'True'
[2026-02-17 02:52:35Z INFO ConfigurationStore] IsConfigured()
[2026-02-17 02:52:35Z INFO ConfigurationStore] IsConfigured: True
[2026-02-17 02:52:35Z INFO ConfigurationManager] Is configured: True
[2026-02-17 02:52:35Z INFO Runner] Could not parse the argument value '' for StartupType. Defaulting to Manual
[2026-02-17 02:52:35Z INFO Runner] Set runner startup type - Manual
[2026-02-17 02:52:35Z INFO CommandSettings] Flag 'once': 'False'
[2026-02-17 02:52:35Z INFO CommandSettings] Flag 'once': 'False'
[2026-02-17 02:52:35Z INFO Runner] RunAsync
[2026-02-17 02:52:35Z INFO ConfigurationManager] LoadMigratedSettings
[2026-02-17 02:52:35Z INFO ConfigurationStore] IsMigratedConfigured()
[2026-02-17 02:52:35Z INFO ConfigurationStore] IsMigratedConfigured: False
[2026-02-17 02:52:35Z INFO Runner] Failed to load migrated settings: No migrated configuration found.
[2026-02-17 02:52:35Z INFO Runner] Falling back to original .runner settings
[2026-02-17 02:52:35Z INFO Runner] Using BrokerMessageListener
[2026-02-17 02:52:35Z INFO BrokerMessageListener] Using provided settings
[2026-02-17 02:52:35Z INFO BrokerMessageListener] {
  "AgentId": 2,
  "AgentName": "JUTHATHIP",
  "PoolId": 1,
  "PoolName": "Default",
  "ServerUrl": "https://pipelinesghubeus11.actions.githubusercontent.com/C1lL74rrVgd5dOlSnegXG0VJYnlpk4rMd8FA2h5elBG46E6DJg/",
  "GitHubUrl": "https://github.com/JuthathipMae/bio-vanta-kube-localeiei",
  "WorkFolder": "_work",
  "UseV2Flow": true,
  "ServerUrlV2": "https://broker.actions.githubusercontent.com/"
}
[2026-02-17 02:52:35Z INFO BrokerMessageListener] Loading Credentials
[2026-02-17 02:52:35Z INFO ConfigurationStore] HasCredentials()
[2026-02-17 02:52:35Z INFO ConfigurationStore] stored True
[2026-02-17 02:52:35Z INFO CredentialManager] GetCredentialProvider
[2026-02-17 02:52:35Z INFO CredentialManager] Creating type OAuth
[2026-02-17 02:52:35Z INFO CredentialManager] Creating credential type: OAuth
[2026-02-17 02:52:35Z INFO HostContext] Well known directory 'Bin': 'C:\projects\bio-vanta-kube-local\actions-runner\bin'
[2026-02-17 02:52:35Z INFO HostContext] Well known directory 'Root': 'C:\projects\bio-vanta-kube-local\actions-runner'
[2026-02-17 02:52:35Z INFO HostContext] Well known config file 'RSACredentials': 'C:\projects\bio-vanta-kube-local\actions-runner\.credentials_rsaparams'
[2026-02-17 02:52:35Z INFO RSAEncryptedFileKeyManager] Loading RSA key parameters from file C:\projects\bio-vanta-kube-local\actions-runner\.credentials_rsaparams
[2026-02-17 02:52:35Z INFO BrokerMessageListener] Attempt to create session.
[2026-02-17 02:52:35Z INFO BrokerMessageListener] Connecting to the Broker Server...
[2026-02-17 02:52:35Z INFO ConfigurationStore] HasCredentials()
[2026-02-17 02:52:35Z INFO ConfigurationStore] stored True
[2026-02-17 02:52:35Z INFO CredentialManager] GetCredentialProvider
[2026-02-17 02:52:35Z INFO CredentialManager] Creating type OAuth
[2026-02-17 02:52:35Z INFO CredentialManager] Creating credential type: OAuth
[2026-02-17 02:52:35Z INFO RSAEncryptedFileKeyManager] Loading RSA key parameters from file C:\projects\bio-vanta-kube-local\actions-runner\.credentials_rsaparams
[2026-02-17 02:52:35Z INFO BrokerMessageListener] VssConnection created
[2026-02-17 02:52:35Z INFO BrokerMessageListener] Connecting to the Runner server...
[2026-02-17 02:52:35Z INFO RunnerServer] EstablishVssConnection
[2026-02-17 02:52:35Z INFO RunnerServer] Establish connection with 100 seconds timeout.
[2026-02-17 02:52:35Z INFO GitHubActionsService] Starting operation Location.GetConnectionData
[2026-02-17 02:52:35Z INFO RunnerServer] EstablishVssConnection
[2026-02-17 02:52:35Z INFO RunnerServer] Establish connection with 60 seconds timeout.
[2026-02-17 02:52:35Z INFO GitHubActionsService] Starting operation Location.GetConnectionData
[2026-02-17 02:52:35Z INFO RunnerServer] EstablishVssConnection
[2026-02-17 02:52:35Z INFO RunnerServer] Establish connection with 60 seconds timeout.
[2026-02-17 02:52:35Z INFO GitHubActionsService] Starting operation Location.GetConnectionData
[2026-02-17 02:52:38Z ERR  GitHubActionsService] GET request to https://pipelinesghubeus11.actions.githubusercontent.com/C1lL74rrVgd5dOlSnegXG0VJYnlpk4rMd8FA2h5elBG46E6DJg/_apis/connectionData?connectOptions=1&lastChangeId=7839745&lastChangeId64=7839745 failed. HTTP Status: NotFound
[2026-02-17 02:52:38Z INFO GitHubActionsService] Finished operation Location.GetConnectionData
[2026-02-17 02:52:38Z INFO RunnerServer] Catch exception during connect. 4 attempt left.
[2026-02-17 02:52:38Z ERR  RunnerServer] GitHub.Services.WebApi.VssServiceResponseException: The resource cannot be found.
   at GitHub.Services.WebApi.VssHttpClientBase.HandleResponseAsync(HttpResponseMessage response, CancellationToken cancellationToken)
   at GitHub.Services.WebApi.VssHttpClientBase.SendAsync(HttpRequestMessage message, HttpCompletionOption completionOption, Object userState, CancellationToken cancellationToken)
   at GitHub.Services.WebApi.VssHttpClientBase.SendAsync[T](HttpRequestMessage message, Object userState, CancellationToken cancellationToken)
   at GitHub.Services.Location.Client.LocationHttpClient.GetConnectionDataAsync(ConnectOptions connectOptions, Int64 lastChangeId, CancellationToken cancellationToken, Object userState)
   at GitHub.Services.WebApi.Location.VssServerDataProvider.GetConnectionDataAsync(ConnectOptions connectOptions, Int32 lastChangeId, CancellationToken cancellationToken)
   at GitHub.Services.WebApi.Location.VssServerDataProvider.ConnectAsync(ConnectOptions connectOptions, CancellationToken cancellationToken)
   at GitHub.Runner.Common.RunnerService.EstablishVssConnection(Uri serverUrl, VssCredentials credentials, TimeSpan timeout)
[2026-02-17 02:52:38Z INFO GitHubActionsService] Starting operation Location.GetConnectionData
[2026-02-17 02:52:39Z ERR  GitHubActionsService] GET request to https://pipelinesghubeus11.actions.githubusercontent.com/C1lL74rrVgd5dOlSnegXG0VJYnlpk4rMd8FA2h5elBG46E6DJg/_apis/connectionData?connectOptions=1&lastChangeId=7839745&lastChangeId64=7839745 failed. HTTP Status: NotFound
[2026-02-17 02:52:39Z INFO GitHubActionsService] Finished operation Location.GetConnectionData
[2026-02-17 02:52:39Z INFO RunnerServer] Catch exception during connect. 4 attempt left.
[2026-02-17 02:52:39Z ERR  RunnerServer] GitHub.Services.WebApi.VssServiceResponseException: The resource cannot be found.
   at GitHub.Services.WebApi.VssHttpClientBase.HandleResponseAsync(HttpResponseMessage response, CancellationToken cancellationToken)
   at GitHub.Services.WebApi.VssHttpClientBase.SendAsync(HttpRequestMessage message, HttpCompletionOption completionOption, Object userState, CancellationToken cancellationToken)
   at GitHub.Services.WebApi.VssHttpClientBase.SendAsync[T](HttpRequestMessage message, Object userState, CancellationToken cancellationToken)
   at GitHub.Services.Location.Client.LocationHttpClient.GetConnectionDataAsync(ConnectOptions connectOptions, Int64 lastChangeId, CancellationToken cancellationToken, Object userState)
   at GitHub.Services.WebApi.Location.VssServerDataProvider.GetConnectionDataAsync(ConnectOptions connectOptions, Int32 lastChangeId, CancellationToken cancellationToken)
   at GitHub.Services.WebApi.Location.VssServerDataProvider.ConnectAsync(ConnectOptions connectOptions, CancellationToken cancellationToken)
   at GitHub.Runner.Common.RunnerService.EstablishVssConnection(Uri serverUrl, VssCredentials credentials, TimeSpan timeout)
[2026-02-17 02:52:39Z INFO GitHubActionsService] Starting operation Location.GetConnectionData
[2026-02-17 02:52:39Z ERR  GitHubActionsService] GET request to https://pipelinesghubeus11.actions.githubusercontent.com/C1lL74rrVgd5dOlSnegXG0VJYnlpk4rMd8FA2h5elBG46E6DJg/_apis/connectionData?connectOptions=1&lastChangeId=7839745&lastChangeId64=7839745 failed. HTTP Status: NotFound
[2026-02-17 02:52:39Z INFO GitHubActionsService] Finished operation Location.GetConnectionData
[2026-02-17 02:52:39Z INFO RunnerServer] Catch exception during connect. 4 attempt left.
[2026-02-17 02:52:39Z ERR  RunnerServer] GitHub.Services.WebApi.VssServiceResponseException: The resource cannot be found.
   at GitHub.Services.WebApi.VssHttpClientBase.HandleResponseAsync(HttpResponseMessage response, CancellationToken cancellationToken)
   at GitHub.Services.WebApi.VssHttpClientBase.SendAsync(HttpRequestMessage message, HttpCompletionOption completionOption, Object userState, CancellationToken cancellationToken)
   at GitHub.Services.WebApi.VssHttpClientBase.SendAsync[T](HttpRequestMessage message, Object userState, CancellationToken cancellationToken)
   at GitHub.Services.Location.Client.LocationHttpClient.GetConnectionDataAsync(ConnectOptions connectOptions, Int64 lastChangeId, CancellationToken cancellationToken, Object userState)
   at GitHub.Services.WebApi.Location.VssServerDataProvider.GetConnectionDataAsync(ConnectOptions connectOptions, Int32 lastChangeId, CancellationToken cancellationToken)
   at GitHub.Services.WebApi.Location.VssServerDataProvider.ConnectAsync(ConnectOptions connectOptions, CancellationToken cancellationToken)
   at GitHub.Runner.Common.RunnerService.EstablishVssConnection(Uri serverUrl, VssCredentials credentials, TimeSpan timeout)
[2026-02-17 02:52:39Z INFO GitHubActionsService] Starting operation Location.GetConnectionData
[2026-02-17 02:52:41Z ERR  GitHubActionsService] GET request to https://pipelinesghubeus11.actions.githubusercontent.com/C1lL74rrVgd5dOlSnegXG0VJYnlpk4rMd8FA2h5elBG46E6DJg/_apis/connectionData?connectOptions=1&lastChangeId=7839745&lastChangeId64=7839745 failed. HTTP Status: NotFound
[2026-02-17 02:52:41Z INFO GitHubActionsService] Finished operation Location.GetConnectionData
[2026-02-17 02:52:41Z INFO RunnerServer] Catch exception during connect. 3 attempt left.
[2026-02-17 02:52:41Z ERR  RunnerServer] GitHub.Services.WebApi.VssServiceResponseException: The resource cannot be found.
   at GitHub.Services.WebApi.VssHttpClientBase.HandleResponseAsync(HttpResponseMessage response, CancellationToken cancellationToken)
   at GitHub.Services.WebApi.VssHttpClientBase.SendAsync(HttpRequestMessage message, HttpCompletionOption completionOption, Object userState, CancellationToken cancellationToken)
   at GitHub.Services.WebApi.VssHttpClientBase.SendAsync[T](HttpRequestMessage message, Object userState, CancellationToken cancellationToken)
   at GitHub.Services.Location.Client.LocationHttpClient.GetConnectionDataAsync(ConnectOptions connectOptions, Int64 lastChangeId, CancellationToken cancellationToken, Object userState)
   at GitHub.Services.WebApi.Location.VssServerDataProvider.GetConnectionDataAsync(ConnectOptions connectOptions, Int32 lastChangeId, CancellationToken cancellationToken)
   at GitHub.Services.WebApi.Location.VssServerDataProvider.ConnectAsync(ConnectOptions connectOptions, CancellationToken cancellationToken)
   at GitHub.Runner.Common.RunnerService.EstablishVssConnection(Uri serverUrl, VssCredentials credentials, TimeSpan timeout)
[2026-02-17 02:52:41Z INFO GitHubActionsService] Starting operation Location.GetConnectionData
[2026-02-17 02:52:41Z ERR  GitHubActionsService] GET request to https://pipelinesghubeus11.actions.githubusercontent.com/C1lL74rrVgd5dOlSnegXG0VJYnlpk4rMd8FA2h5elBG46E6DJg/_apis/connectionData?connectOptions=1&lastChangeId=7839745&lastChangeId64=7839745 failed. HTTP Status: NotFound
[2026-02-17 02:52:41Z INFO GitHubActionsService] Finished operation Location.GetConnectionData
[2026-02-17 02:52:41Z INFO RunnerServer] Catch exception during connect. 3 attempt left.
[2026-02-17 02:52:41Z ERR  RunnerServer] GitHub.Services.WebApi.VssServiceResponseException: The resource cannot be found.
   at GitHub.Services.WebApi.VssHttpClientBase.HandleResponseAsync(HttpResponseMessage response, CancellationToken cancellationToken)
   at GitHub.Services.WebApi.VssHttpClientBase.SendAsync(HttpRequestMessage message, HttpCompletionOption completionOption, Object userState, CancellationToken cancellationToken)
   at GitHub.Services.WebApi.VssHttpClientBase.SendAsync[T](HttpRequestMessage message, Object userState, CancellationToken cancellationToken)
   at GitHub.Services.Location.Client.LocationHttpClient.GetConnectionDataAsync(ConnectOptions connectOptions, Int64 lastChangeId, CancellationToken cancellationToken, Object userState)
   at GitHub.Services.WebApi.Location.VssServerDataProvider.GetConnectionDataAsync(ConnectOptions connectOptions, Int32 lastChangeId, CancellationToken cancellationToken)
   at GitHub.Services.WebApi.Location.VssServerDataProvider.ConnectAsync(ConnectOptions connectOptions, CancellationToken cancellationToken)
   at GitHub.Runner.Common.RunnerService.EstablishVssConnection(Uri serverUrl, VssCredentials credentials, TimeSpan timeout)
[2026-02-17 02:52:42Z INFO GitHubActionsService] Starting operation Location.GetConnectionData
[2026-02-17 02:52:42Z ERR  GitHubActionsService] GET request to https://pipelinesghubeus11.actions.githubusercontent.com/C1lL74rrVgd5dOlSnegXG0VJYnlpk4rMd8FA2h5elBG46E6DJg/_apis/connectionData?connectOptions=1&lastChangeId=7839745&lastChangeId64=7839745 failed. HTTP Status: NotFound
[2026-02-17 02:52:42Z INFO GitHubActionsService] Finished operation Location.GetConnectionData
[2026-02-17 02:52:42Z INFO RunnerServer] Catch exception during connect. 3 attempt left.
[2026-02-17 02:52:42Z ERR  RunnerServer] GitHub.Services.WebApi.VssServiceResponseException: The resource cannot be found.
   at GitHub.Services.WebApi.VssHttpClientBase.HandleResponseAsync(HttpResponseMessage response, CancellationToken cancellationToken)
   at GitHub.Services.WebApi.VssHttpClientBase.SendAsync(HttpRequestMessage message, HttpCompletionOption completionOption, Object userState, CancellationToken cancellationToken)
   at GitHub.Services.WebApi.VssHttpClientBase.SendAsync[T](HttpRequestMessage message, Object userState, CancellationToken cancellationToken)
   at GitHub.Services.Location.Client.LocationHttpClient.GetConnectionDataAsync(ConnectOptions connectOptions, Int64 lastChangeId, CancellationToken cancellationToken, Object userState)
   at GitHub.Services.WebApi.Location.VssServerDataProvider.GetConnectionDataAsync(ConnectOptions connectOptions, Int32 lastChangeId, CancellationToken cancellationToken)
   at GitHub.Services.WebApi.Location.VssServerDataProvider.ConnectAsync(ConnectOptions connectOptions, CancellationToken cancellationToken)
   at GitHub.Runner.Common.RunnerService.EstablishVssConnection(Uri serverUrl, VssCredentials credentials, TimeSpan timeout)
[2026-02-17 02:52:42Z ERR  GitHubActionsService] GET request to https://pipelinesghubeus11.actions.githubusercontent.com/C1lL74rrVgd5dOlSnegXG0VJYnlpk4rMd8FA2h5elBG46E6DJg/_apis/connectionData?connectOptions=1&lastChangeId=7839745&lastChangeId64=7839745 failed. HTTP Status: NotFound
[2026-02-17 02:52:42Z INFO GitHubActionsService] Finished operation Location.GetConnectionData
[2026-02-17 02:52:42Z INFO RunnerServer] Catch exception during connect. 2 attempt left.
[2026-02-17 02:52:42Z ERR  RunnerServer] GitHub.Services.WebApi.VssServiceResponseException: The resource cannot be found.
   at GitHub.Services.WebApi.VssHttpClientBase.HandleResponseAsync(HttpResponseMessage response, CancellationToken cancellationToken)
   at GitHub.Services.WebApi.VssHttpClientBase.SendAsync(HttpRequestMessage message, HttpCompletionOption completionOption, Object userState, CancellationToken cancellationToken)
   at GitHub.Services.WebApi.VssHttpClientBase.SendAsync[T](HttpRequestMessage message, Object userState, CancellationToken cancellationToken)
   at GitHub.Services.Location.Client.LocationHttpClient.GetConnectionDataAsync(ConnectOptions connectOptions, Int64 lastChangeId, CancellationToken cancellationToken, Object userState)
   at GitHub.Services.WebApi.Location.VssServerDataProvider.GetConnectionDataAsync(ConnectOptions connectOptions, Int32 lastChangeId, CancellationToken cancellationToken)
   at GitHub.Services.WebApi.Location.VssServerDataProvider.ConnectAsync(ConnectOptions connectOptions, CancellationToken cancellationToken)
   at GitHub.Runner.Common.RunnerService.EstablishVssConnection(Uri serverUrl, VssCredentials credentials, TimeSpan timeout)
[2026-02-17 02:52:42Z INFO GitHubActionsService] Starting operation Location.GetConnectionData
[2026-02-17 02:52:42Z INFO GitHubActionsService] Starting operation Location.GetConnectionData
[2026-02-17 02:52:44Z ERR  GitHubActionsService] GET request to https://pipelinesghubeus11.actions.githubusercontent.com/C1lL74rrVgd5dOlSnegXG0VJYnlpk4rMd8FA2h5elBG46E6DJg/_apis/connectionData?connectOptions=1&lastChangeId=7839745&lastChangeId64=7839745 failed. HTTP Status: NotFound
[2026-02-17 02:52:44Z INFO GitHubActionsService] Finished operation Location.GetConnectionData
[2026-02-17 02:52:44Z INFO RunnerServer] Catch exception during connect. 2 attempt left.
[2026-02-17 02:52:44Z ERR  RunnerServer] GitHub.Services.WebApi.VssServiceResponseException: The resource cannot be found.
   at GitHub.Services.WebApi.VssHttpClientBase.HandleResponseAsync(HttpResponseMessage response, CancellationToken cancellationToken)
   at GitHub.Services.WebApi.VssHttpClientBase.SendAsync(HttpRequestMessage message, HttpCompletionOption completionOption, Object userState, CancellationToken cancellationToken)
   at GitHub.Services.WebApi.VssHttpClientBase.SendAsync[T](HttpRequestMessage message, Object userState, CancellationToken cancellationToken)
   at GitHub.Services.Location.Client.LocationHttpClient.GetConnectionDataAsync(ConnectOptions connectOptions, Int64 lastChangeId, CancellationToken cancellationToken, Object userState)
   at GitHub.Services.WebApi.Location.VssServerDataProvider.GetConnectionDataAsync(ConnectOptions connectOptions, Int32 lastChangeId, CancellationToken cancellationToken)
   at GitHub.Services.WebApi.Location.VssServerDataProvider.ConnectAsync(ConnectOptions connectOptions, CancellationToken cancellationToken)
   at GitHub.Runner.Common.RunnerService.EstablishVssConnection(Uri serverUrl, VssCredentials credentials, TimeSpan timeout)
[2026-02-17 02:52:44Z INFO GitHubActionsService] Starting operation Location.GetConnectionData
[2026-02-17 02:52:45Z ERR  GitHubActionsService] GET request to https://pipelinesghubeus11.actions.githubusercontent.com/C1lL74rrVgd5dOlSnegXG0VJYnlpk4rMd8FA2h5elBG46E6DJg/_apis/connectionData?connectOptions=1&lastChangeId=7839745&lastChangeId64=7839745 failed. HTTP Status: NotFound
[2026-02-17 02:52:45Z INFO GitHubActionsService] Finished operation Location.GetConnectionData
[2026-02-17 02:52:45Z INFO RunnerServer] Catch exception during connect. 2 attempt left.
[2026-02-17 02:52:45Z ERR  RunnerServer] GitHub.Services.WebApi.VssServiceResponseException: The resource cannot be found.
   at GitHub.Services.WebApi.VssHttpClientBase.HandleResponseAsync(HttpResponseMessage response, CancellationToken cancellationToken)
   at GitHub.Services.WebApi.VssHttpClientBase.SendAsync(HttpRequestMessage message, HttpCompletionOption completionOption, Object userState, CancellationToken cancellationToken)
   at GitHub.Services.WebApi.VssHttpClientBase.SendAsync[T](HttpRequestMessage message, Object userState, CancellationToken cancellationToken)
   at GitHub.Services.Location.Client.LocationHttpClient.GetConnectionDataAsync(ConnectOptions connectOptions, Int64 lastChangeId, CancellationToken cancellationToken, Object userState)
   at GitHub.Services.WebApi.Location.VssServerDataProvider.GetConnectionDataAsync(ConnectOptions connectOptions, Int32 lastChangeId, CancellationToken cancellationToken)
   at GitHub.Services.WebApi.Location.VssServerDataProvider.ConnectAsync(ConnectOptions connectOptions, CancellationToken cancellationToken)
   at GitHub.Runner.Common.RunnerService.EstablishVssConnection(Uri serverUrl, VssCredentials credentials, TimeSpan timeout)
[2026-02-17 02:52:45Z INFO GitHubActionsService] Starting operation Location.GetConnectionData
[2026-02-17 02:52:45Z ERR  GitHubActionsService] GET request to https://pipelinesghubeus11.actions.githubusercontent.com/C1lL74rrVgd5dOlSnegXG0VJYnlpk4rMd8FA2h5elBG46E6DJg/_apis/connectionData?connectOptions=1&lastChangeId=7839745&lastChangeId64=7839745 failed. HTTP Status: NotFound
[2026-02-17 02:52:45Z INFO GitHubActionsService] Finished operation Location.GetConnectionData
[2026-02-17 02:52:45Z INFO RunnerServer] Catch exception during connect. 1 attempt left.
[2026-02-17 02:52:45Z ERR  RunnerServer] GitHub.Services.WebApi.VssServiceResponseException: The resource cannot be found.
   at GitHub.Services.WebApi.VssHttpClientBase.HandleResponseAsync(HttpResponseMessage response, CancellationToken cancellationToken)
   at GitHub.Services.WebApi.VssHttpClientBase.SendAsync(HttpRequestMessage message, HttpCompletionOption completionOption, Object userState, CancellationToken cancellationToken)
   at GitHub.Services.WebApi.VssHttpClientBase.SendAsync[T](HttpRequestMessage message, Object userState, CancellationToken cancellationToken)
   at GitHub.Services.Location.Client.LocationHttpClient.GetConnectionDataAsync(ConnectOptions connectOptions, Int64 lastChangeId, CancellationToken cancellationToken, Object userState)
   at GitHub.Services.WebApi.Location.VssServerDataProvider.GetConnectionDataAsync(ConnectOptions connectOptions, Int32 lastChangeId, CancellationToken cancellationToken)
   at GitHub.Services.WebApi.Location.VssServerDataProvider.ConnectAsync(ConnectOptions connectOptions, CancellationToken cancellationToken)
   at GitHub.Runner.Common.RunnerService.EstablishVssConnection(Uri serverUrl, VssCredentials credentials, TimeSpan timeout)
[2026-02-17 02:52:45Z INFO GitHubActionsService] Starting operation Location.GetConnectionData
[2026-02-17 02:52:45Z ERR  GitHubActionsService] GET request to https://pipelinesghubeus11.actions.githubusercontent.com/C1lL74rrVgd5dOlSnegXG0VJYnlpk4rMd8FA2h5elBG46E6DJg/_apis/connectionData?connectOptions=1&lastChangeId=7839745&lastChangeId64=7839745 failed. HTTP Status: NotFound
[2026-02-17 02:52:45Z INFO GitHubActionsService] Finished operation Location.GetConnectionData
[2026-02-17 02:52:45Z INFO RunnerServer] Catch exception during connect. 1 attempt left.
[2026-02-17 02:52:45Z ERR  RunnerServer] GitHub.Services.WebApi.VssServiceResponseException: The resource cannot be found.
   at GitHub.Services.WebApi.VssHttpClientBase.HandleResponseAsync(HttpResponseMessage response, CancellationToken cancellationToken)
   at GitHub.Services.WebApi.VssHttpClientBase.SendAsync(HttpRequestMessage message, HttpCompletionOption completionOption, Object userState, CancellationToken cancellationToken)
   at GitHub.Services.WebApi.VssHttpClientBase.SendAsync[T](HttpRequestMessage message, Object userState, CancellationToken cancellationToken)
   at GitHub.Services.Location.Client.LocationHttpClient.GetConnectionDataAsync(ConnectOptions connectOptions, Int64 lastChangeId, CancellationToken cancellationToken, Object userState)
   at GitHub.Services.WebApi.Location.VssServerDataProvider.GetConnectionDataAsync(ConnectOptions connectOptions, Int32 lastChangeId, CancellationToken cancellationToken)
   at GitHub.Services.WebApi.Location.VssServerDataProvider.ConnectAsync(ConnectOptions connectOptions, CancellationToken cancellationToken)
   at GitHub.Runner.Common.RunnerService.EstablishVssConnection(Uri serverUrl, VssCredentials credentials, TimeSpan timeout)
[2026-02-17 02:52:45Z INFO GitHubActionsService] Starting operation Location.GetConnectionData
[2026-02-17 02:52:46Z ERR  GitHubActionsService] GET request to https://pipelinesghubeus11.actions.githubusercontent.com/C1lL74rrVgd5dOlSnegXG0VJYnlpk4rMd8FA2h5elBG46E6DJg/_apis/connectionData?connectOptions=1&lastChangeId=7839745&lastChangeId64=7839745 failed. HTTP Status: NotFound
[2026-02-17 02:52:46Z INFO GitHubActionsService] Finished operation Location.GetConnectionData
[2026-02-17 02:52:47Z ERR  GitHubActionsService] GET request to https://pipelinesghubeus11.actions.githubusercontent.com/C1lL74rrVgd5dOlSnegXG0VJYnlpk4rMd8FA2h5elBG46E6DJg/_apis/connectionData?connectOptions=1&lastChangeId=7839745&lastChangeId64=7839745 failed. HTTP Status: NotFound
[2026-02-17 02:52:47Z INFO GitHubActionsService] Finished operation Location.GetConnectionData
[2026-02-17 02:52:47Z ERR  GitHubActionsService] GET request to https://pipelinesghubeus11.actions.githubusercontent.com/C1lL74rrVgd5dOlSnegXG0VJYnlpk4rMd8FA2h5elBG46E6DJg/_apis/connectionData?connectOptions=1&lastChangeId=7839745&lastChangeId64=7839745 failed. HTTP Status: NotFound
[2026-02-17 02:52:47Z INFO GitHubActionsService] Finished operation Location.GetConnectionData
[2026-02-17 02:52:47Z INFO RunnerServer] Catch exception during connect. 1 attempt left.
[2026-02-17 02:52:47Z ERR  RunnerServer] GitHub.Services.WebApi.VssServiceResponseException: The resource cannot be found.
   at GitHub.Services.WebApi.VssHttpClientBase.HandleResponseAsync(HttpResponseMessage response, CancellationToken cancellationToken)
   at GitHub.Services.WebApi.VssHttpClientBase.SendAsync(HttpRequestMessage message, HttpCompletionOption completionOption, Object userState, CancellationToken cancellationToken)
   at GitHub.Services.WebApi.VssHttpClientBase.SendAsync[T](HttpRequestMessage message, Object userState, CancellationToken cancellationToken)
   at GitHub.Services.Location.Client.LocationHttpClient.GetConnectionDataAsync(ConnectOptions connectOptions, Int64 lastChangeId, CancellationToken cancellationToken, Object userState)
   at GitHub.Services.WebApi.Location.VssServerDataProvider.GetConnectionDataAsync(ConnectOptions connectOptions, Int32 lastChangeId, CancellationToken cancellationToken)
   at GitHub.Services.WebApi.Location.VssServerDataProvider.ConnectAsync(ConnectOptions connectOptions, CancellationToken cancellationToken)
   at GitHub.Runner.Common.RunnerService.EstablishVssConnection(Uri serverUrl, VssCredentials credentials, TimeSpan timeout)
[2026-02-17 02:52:47Z INFO GitHubActionsService] Starting operation Location.GetConnectionData
[2026-02-17 02:52:49Z ERR  GitHubActionsService] GET request to https://pipelinesghubeus11.actions.githubusercontent.com/C1lL74rrVgd5dOlSnegXG0VJYnlpk4rMd8FA2h5elBG46E6DJg/_apis/connectionData?connectOptions=1&lastChangeId=7839745&lastChangeId64=7839745 failed. HTTP Status: NotFound
[2026-02-17 02:52:49Z INFO GitHubActionsService] Finished operation Location.GetConnectionData
[2026-02-17 02:52:49Z ERR  BrokerMessageListener] Catch exception during create session.
[2026-02-17 02:52:49Z ERR  BrokerMessageListener] GitHub.Services.WebApi.VssServiceResponseException: The resource cannot be found.
   at GitHub.Services.WebApi.VssHttpClientBase.HandleResponseAsync(HttpResponseMessage response, CancellationToken cancellationToken)
   at GitHub.Services.WebApi.VssHttpClientBase.SendAsync(HttpRequestMessage message, HttpCompletionOption completionOption, Object userState, CancellationToken cancellationToken)
   at GitHub.Services.WebApi.VssHttpClientBase.SendAsync[T](HttpRequestMessage message, Object userState, CancellationToken cancellationToken)
   at GitHub.Services.Location.Client.LocationHttpClient.GetConnectionDataAsync(ConnectOptions connectOptions, Int64 lastChangeId, CancellationToken cancellationToken, Object userState)
   at GitHub.Services.WebApi.Location.VssServerDataProvider.GetConnectionDataAsync(ConnectOptions connectOptions, Int32 lastChangeId, CancellationToken cancellationToken)
   at GitHub.Services.WebApi.Location.VssServerDataProvider.ConnectAsync(ConnectOptions connectOptions, CancellationToken cancellationToken)
   at GitHub.Runner.Common.RunnerService.EstablishVssConnection(Uri serverUrl, VssCredentials credentials, TimeSpan timeout)
   at GitHub.Runner.Common.RunnerServer.ConnectAsync(Uri serverUrl, VssCredentials credentials)
   at GitHub.Runner.Listener.BrokerMessageListener.CreateSessionAsync(CancellationToken token)
[2026-02-17 02:52:49Z INFO BrokerMessageListener] Retriable exception: The resource cannot be found.
[2026-02-17 02:52:49Z ERR  Terminal] WRITE ERROR: 2026-02-17 02:52:49Z: Runner connect error: The resource cannot be found.. Retrying until reconnected.
[2026-02-17 02:52:49Z INFO BrokerMessageListener] Sleeping for 30 seconds before retrying.
[2026-02-17 02:53:19Z INFO BrokerMessageListener] Attempt to create session.
[2026-02-17 02:53:19Z INFO BrokerMessageListener] Connecting to the Broker Server...
[2026-02-17 02:53:19Z INFO ConfigurationStore] HasCredentials()
[2026-02-17 02:53:19Z INFO ConfigurationStore] stored True
[2026-02-17 02:53:19Z INFO CredentialManager] GetCredentialProvider
[2026-02-17 02:53:19Z INFO CredentialManager] Creating type OAuth
[2026-02-17 02:53:19Z INFO CredentialManager] Creating credential type: OAuth
[2026-02-17 02:53:19Z INFO RSAEncryptedFileKeyManager] Loading RSA key parameters from file C:\projects\bio-vanta-kube-local\actions-runner\.credentials_rsaparams
[2026-02-17 02:53:19Z INFO BrokerMessageListener] VssConnection created
[2026-02-17 02:53:19Z INFO BrokerMessageListener] Connecting to the Runner server...
[2026-02-17 02:53:19Z INFO RunnerServer] EstablishVssConnection
[2026-02-17 02:53:19Z INFO RunnerServer] Establish connection with 100 seconds timeout.
[2026-02-17 02:53:19Z INFO GitHubActionsService] Starting operation Location.GetConnectionData
[2026-02-17 02:53:19Z INFO RunnerServer] EstablishVssConnection
[2026-02-17 02:53:19Z INFO RunnerServer] Establish connection with 60 seconds timeout.
[2026-02-17 02:53:19Z INFO GitHubActionsService] Starting operation Location.GetConnectionData
[2026-02-17 02:53:19Z INFO RunnerServer] EstablishVssConnection
[2026-02-17 02:53:19Z INFO RunnerServer] Establish connection with 60 seconds timeout.
[2026-02-17 02:53:19Z INFO GitHubActionsService] Starting operation Location.GetConnectionData
[2026-02-17 02:53:20Z ERR  GitHubActionsService] GET request to https://pipelinesghubeus11.actions.githubusercontent.com/C1lL74rrVgd5dOlSnegXG0VJYnlpk4rMd8FA2h5elBG46E6DJg/_apis/connectionData?connectOptions=1&lastChangeId=7839745&lastChangeId64=7839745 failed. HTTP Status: NotFound
[2026-02-17 02:53:20Z INFO GitHubActionsService] Finished operation Location.GetConnectionData
[2026-02-17 02:53:20Z INFO RunnerServer] Catch exception during connect. 4 attempt left.
[2026-02-17 02:53:20Z ERR  RunnerServer] GitHub.Services.WebApi.VssServiceResponseException: The resource cannot be found.
   at GitHub.Services.WebApi.VssHttpClientBase.HandleResponseAsync(HttpResponseMessage response, CancellationToken cancellationToken)
   at GitHub.Services.WebApi.VssHttpClientBase.SendAsync(HttpRequestMessage message, HttpCompletionOption completionOption, Object userState, CancellationToken cancellationToken)
   at GitHub.Services.WebApi.VssHttpClientBase.SendAsync[T](HttpRequestMessage message, Object userState, CancellationToken cancellationToken)
   at GitHub.Services.Location.Client.LocationHttpClient.GetConnectionDataAsync(ConnectOptions connectOptions, Int64 lastChangeId, CancellationToken cancellationToken, Object userState)
   at GitHub.Services.WebApi.Location.VssServerDataProvider.GetConnectionDataAsync(ConnectOptions connectOptions, Int32 lastChangeId, CancellationToken cancellationToken)
   at GitHub.Services.WebApi.Location.VssServerDataProvider.ConnectAsync(ConnectOptions connectOptions, CancellationToken cancellationToken)
   at GitHub.Runner.Common.RunnerService.EstablishVssConnection(Uri serverUrl, VssCredentials credentials, TimeSpan timeout)
[2026-02-17 02:53:20Z INFO GitHubActionsService] Starting operation Location.GetConnectionData
[2026-02-17 02:53:22Z ERR  GitHubActionsService] GET request to https://pipelinesghubeus11.actions.githubusercontent.com/C1lL74rrVgd5dOlSnegXG0VJYnlpk4rMd8FA2h5elBG46E6DJg/_apis/connectionData?connectOptions=1&lastChangeId=7839745&lastChangeId64=7839745 failed. HTTP Status: NotFound
[2026-02-17 02:53:22Z INFO GitHubActionsService] Finished operation Location.GetConnectionData
[2026-02-17 02:53:22Z INFO RunnerServer] Catch exception during connect. 4 attempt left.
[2026-02-17 02:53:22Z ERR  RunnerServer] GitHub.Services.WebApi.VssServiceResponseException: The resource cannot be found.
   at GitHub.Services.WebApi.VssHttpClientBase.HandleResponseAsync(HttpResponseMessage response, CancellationToken cancellationToken)
   at GitHub.Services.WebApi.VssHttpClientBase.SendAsync(HttpRequestMessage message, HttpCompletionOption completionOption, Object userState, CancellationToken cancellationToken)
   at GitHub.Services.WebApi.VssHttpClientBase.SendAsync[T](HttpRequestMessage message, Object userState, CancellationToken cancellationToken)
   at GitHub.Services.Location.Client.LocationHttpClient.GetConnectionDataAsync(ConnectOptions connectOptions, Int64 lastChangeId, CancellationToken cancellationToken, Object userState)
   at GitHub.Services.WebApi.Location.VssServerDataProvider.GetConnectionDataAsync(ConnectOptions connectOptions, Int32 lastChangeId, CancellationToken cancellationToken)
   at GitHub.Services.WebApi.Location.VssServerDataProvider.ConnectAsync(ConnectOptions connectOptions, CancellationToken cancellationToken)
   at GitHub.Runner.Common.RunnerService.EstablishVssConnection(Uri serverUrl, VssCredentials credentials, TimeSpan timeout)
[2026-02-17 02:53:22Z INFO GitHubActionsService] Starting operation Location.GetConnectionData
[2026-02-17 02:53:22Z ERR  GitHubActionsService] GET request to https://pipelinesghubeus11.actions.githubusercontent.com/C1lL74rrVgd5dOlSnegXG0VJYnlpk4rMd8FA2h5elBG46E6DJg/_apis/connectionData?connectOptions=1&lastChangeId=7839745&lastChangeId64=7839745 failed. HTTP Status: NotFound
[2026-02-17 02:53:22Z INFO GitHubActionsService] Finished operation Location.GetConnectionData
[2026-02-17 02:53:22Z INFO RunnerServer] Catch exception during connect. 3 attempt left.
[2026-02-17 02:53:22Z ERR  RunnerServer] GitHub.Services.WebApi.VssServiceResponseException: The resource cannot be found.
   at GitHub.Services.WebApi.VssHttpClientBase.HandleResponseAsync(HttpResponseMessage response, CancellationToken cancellationToken)
   at GitHub.Services.WebApi.VssHttpClientBase.SendAsync(HttpRequestMessage message, HttpCompletionOption completionOption, Object userState, CancellationToken cancellationToken)
   at GitHub.Services.WebApi.VssHttpClientBase.SendAsync[T](HttpRequestMessage message, Object userState, CancellationToken cancellationToken)
   at GitHub.Services.Location.Client.LocationHttpClient.GetConnectionDataAsync(ConnectOptions connectOptions, Int64 lastChangeId, CancellationToken cancellationToken, Object userState)
   at GitHub.Services.WebApi.Location.VssServerDataProvider.GetConnectionDataAsync(ConnectOptions connectOptions, Int32 lastChangeId, CancellationToken cancellationToken)
   at GitHub.Services.WebApi.Location.VssServerDataProvider.ConnectAsync(ConnectOptions connectOptions, CancellationToken cancellationToken)
   at GitHub.Runner.Common.RunnerService.EstablishVssConnection(Uri serverUrl, VssCredentials credentials, TimeSpan timeout)
[2026-02-17 02:53:22Z INFO GitHubActionsService] Starting operation Location.GetConnectionData
[2026-02-17 02:53:23Z ERR  GitHubActionsService] GET request to https://pipelinesghubeus11.actions.githubusercontent.com/C1lL74rrVgd5dOlSnegXG0VJYnlpk4rMd8FA2h5elBG46E6DJg/_apis/connectionData?connectOptions=1&lastChangeId=7839745&lastChangeId64=7839745 failed. HTTP Status: NotFound
[2026-02-17 02:53:23Z INFO GitHubActionsService] Finished operation Location.GetConnectionData
[2026-02-17 02:53:23Z INFO RunnerServer] Catch exception during connect. 3 attempt left.
[2026-02-17 02:53:23Z ERR  RunnerServer] GitHub.Services.WebApi.VssServiceResponseException: The resource cannot be found.
   at GitHub.Services.WebApi.VssHttpClientBase.HandleResponseAsync(HttpResponseMessage response, CancellationToken cancellationToken)
   at GitHub.Services.WebApi.VssHttpClientBase.SendAsync(HttpRequestMessage message, HttpCompletionOption completionOption, Object userState, CancellationToken cancellationToken)
   at GitHub.Services.WebApi.VssHttpClientBase.SendAsync[T](HttpRequestMessage message, Object userState, CancellationToken cancellationToken)
   at GitHub.Services.Location.Client.LocationHttpClient.GetConnectionDataAsync(ConnectOptions connectOptions, Int64 lastChangeId, CancellationToken cancellationToken, Object userState)
   at GitHub.Services.WebApi.Location.VssServerDataProvider.GetConnectionDataAsync(ConnectOptions connectOptions, Int32 lastChangeId, CancellationToken cancellationToken)
   at GitHub.Services.WebApi.Location.VssServerDataProvider.ConnectAsync(ConnectOptions connectOptions, CancellationToken cancellationToken)
   at GitHub.Runner.Common.RunnerService.EstablishVssConnection(Uri serverUrl, VssCredentials credentials, TimeSpan timeout)
[2026-02-17 02:53:23Z INFO GitHubActionsService] Starting operation Location.GetConnectionData
[2026-02-17 02:53:24Z ERR  GitHubActionsService] GET request to https://pipelinesghubeus11.actions.githubusercontent.com/C1lL74rrVgd5dOlSnegXG0VJYnlpk4rMd8FA2h5elBG46E6DJg/_apis/connectionData?connectOptions=1&lastChangeId=7839745&lastChangeId64=7839745 failed. HTTP Status: NotFound
[2026-02-17 02:53:24Z INFO GitHubActionsService] Finished operation Location.GetConnectionData
[2026-02-17 02:53:24Z INFO RunnerServer] Catch exception during connect. 4 attempt left.
[2026-02-17 02:53:24Z ERR  RunnerServer] GitHub.Services.WebApi.VssServiceResponseException: The resource cannot be found.
   at GitHub.Services.WebApi.VssHttpClientBase.HandleResponseAsync(HttpResponseMessage response, CancellationToken cancellationToken)
   at GitHub.Services.WebApi.VssHttpClientBase.SendAsync(HttpRequestMessage message, HttpCompletionOption completionOption, Object userState, CancellationToken cancellationToken)
   at GitHub.Services.WebApi.VssHttpClientBase.SendAsync[T](HttpRequestMessage message, Object userState, CancellationToken cancellationToken)
   at GitHub.Services.Location.Client.LocationHttpClient.GetConnectionDataAsync(ConnectOptions connectOptions, Int64 lastChangeId, CancellationToken cancellationToken, Object userState)
   at GitHub.Services.WebApi.Location.VssServerDataProvider.GetConnectionDataAsync(ConnectOptions connectOptions, Int32 lastChangeId, CancellationToken cancellationToken)
   at GitHub.Services.WebApi.Location.VssServerDataProvider.ConnectAsync(ConnectOptions connectOptions, CancellationToken cancellationToken)
   at GitHub.Runner.Common.RunnerService.EstablishVssConnection(Uri serverUrl, VssCredentials credentials, TimeSpan timeout)
[2026-02-17 02:53:24Z INFO GitHubActionsService] Starting operation Location.GetConnectionData
[2026-02-17 02:53:24Z ERR  GitHubActionsService] GET request to https://pipelinesghubeus11.actions.githubusercontent.com/C1lL74rrVgd5dOlSnegXG0VJYnlpk4rMd8FA2h5elBG46E6DJg/_apis/connectionData?connectOptions=1&lastChangeId=7839745&lastChangeId64=7839745 failed. HTTP Status: NotFound
[2026-02-17 02:53:24Z INFO GitHubActionsService] Finished operation Location.GetConnectionData
[2026-02-17 02:53:24Z INFO RunnerServer] Catch exception during connect. 2 attempt left.
[2026-02-17 02:53:24Z ERR  RunnerServer] GitHub.Services.WebApi.VssServiceResponseException: The resource cannot be found.
   at GitHub.Services.WebApi.VssHttpClientBase.HandleResponseAsync(HttpResponseMessage response, CancellationToken cancellationToken)
   at GitHub.Services.WebApi.VssHttpClientBase.SendAsync(HttpRequestMessage message, HttpCompletionOption completionOption, Object userState, CancellationToken cancellationToken)
   at GitHub.Services.WebApi.VssHttpClientBase.SendAsync[T](HttpRequestMessage message, Object userState, CancellationToken cancellationToken)
   at GitHub.Services.Location.Client.LocationHttpClient.GetConnectionDataAsync(ConnectOptions connectOptions, Int64 lastChangeId, CancellationToken cancellationToken, Object userState)
   at GitHub.Services.WebApi.Location.VssServerDataProvider.GetConnectionDataAsync(ConnectOptions connectOptions, Int32 lastChangeId, CancellationToken cancellationToken)
   at GitHub.Services.WebApi.Location.VssServerDataProvider.ConnectAsync(ConnectOptions connectOptions, CancellationToken cancellationToken)
   at GitHub.Runner.Common.RunnerService.EstablishVssConnection(Uri serverUrl, VssCredentials credentials, TimeSpan timeout)
[2026-02-17 02:53:24Z INFO GitHubActionsService] Starting operation Location.GetConnectionData
[2026-02-17 02:53:24Z ERR  GitHubActionsService] GET request to https://pipelinesghubeus11.actions.githubusercontent.com/C1lL74rrVgd5dOlSnegXG0VJYnlpk4rMd8FA2h5elBG46E6DJg/_apis/connectionData?connectOptions=1&lastChangeId=7839745&lastChangeId64=7839745 failed. HTTP Status: NotFound
[2026-02-17 02:53:24Z INFO GitHubActionsService] Finished operation Location.GetConnectionData
[2026-02-17 02:53:24Z INFO RunnerServer] Catch exception during connect. 2 attempt left.
[2026-02-17 02:53:24Z ERR  RunnerServer] GitHub.Services.WebApi.VssServiceResponseException: The resource cannot be found.
   at GitHub.Services.WebApi.VssHttpClientBase.HandleResponseAsync(HttpResponseMessage response, CancellationToken cancellationToken)
   at GitHub.Services.WebApi.VssHttpClientBase.SendAsync(HttpRequestMessage message, HttpCompletionOption completionOption, Object userState, CancellationToken cancellationToken)
   at GitHub.Services.WebApi.VssHttpClientBase.SendAsync[T](HttpRequestMessage message, Object userState, CancellationToken cancellationToken)
   at GitHub.Services.Location.Client.LocationHttpClient.GetConnectionDataAsync(ConnectOptions connectOptions, Int64 lastChangeId, CancellationToken cancellationToken, Object userState)
   at GitHub.Services.WebApi.Location.VssServerDataProvider.GetConnectionDataAsync(ConnectOptions connectOptions, Int32 lastChangeId, CancellationToken cancellationToken)
   at GitHub.Services.WebApi.Location.VssServerDataProvider.ConnectAsync(ConnectOptions connectOptions, CancellationToken cancellationToken)
   at GitHub.Runner.Common.RunnerService.EstablishVssConnection(Uri serverUrl, VssCredentials credentials, TimeSpan timeout)
[2026-02-17 02:53:25Z INFO GitHubActionsService] Starting operation Location.GetConnectionData
[2026-02-17 02:53:25Z ERR  GitHubActionsService] GET request to https://pipelinesghubeus11.actions.githubusercontent.com/C1lL74rrVgd5dOlSnegXG0VJYnlpk4rMd8FA2h5elBG46E6DJg/_apis/connectionData?connectOptions=1&lastChangeId=7839745&lastChangeId64=7839745 failed. HTTP Status: NotFound
[2026-02-17 02:53:25Z INFO GitHubActionsService] Finished operation Location.GetConnectionData
[2026-02-17 02:53:25Z INFO RunnerServer] Catch exception during connect. 1 attempt left.
[2026-02-17 02:53:25Z ERR  RunnerServer] GitHub.Services.WebApi.VssServiceResponseException: The resource cannot be found.
   at GitHub.Services.WebApi.VssHttpClientBase.HandleResponseAsync(HttpResponseMessage response, CancellationToken cancellationToken)
   at GitHub.Services.WebApi.VssHttpClientBase.SendAsync(HttpRequestMessage message, HttpCompletionOption completionOption, Object userState, CancellationToken cancellationToken)
   at GitHub.Services.WebApi.VssHttpClientBase.SendAsync[T](HttpRequestMessage message, Object userState, CancellationToken cancellationToken)
   at GitHub.Services.Location.Client.LocationHttpClient.GetConnectionDataAsync(ConnectOptions connectOptions, Int64 lastChangeId, CancellationToken cancellationToken, Object userState)
   at GitHub.Services.WebApi.Location.VssServerDataProvider.GetConnectionDataAsync(ConnectOptions connectOptions, Int32 lastChangeId, CancellationToken cancellationToken)
   at GitHub.Services.WebApi.Location.VssServerDataProvider.ConnectAsync(ConnectOptions connectOptions, CancellationToken cancellationToken)
   at GitHub.Runner.Common.RunnerService.EstablishVssConnection(Uri serverUrl, VssCredentials credentials, TimeSpan timeout)
[2026-02-17 02:53:26Z INFO GitHubActionsService] Starting operation Location.GetConnectionData
[2026-02-17 02:53:26Z ERR  GitHubActionsService] GET request to https://pipelinesghubeus11.actions.githubusercontent.com/C1lL74rrVgd5dOlSnegXG0VJYnlpk4rMd8FA2h5elBG46E6DJg/_apis/connectionData?connectOptions=1&lastChangeId=7839745&lastChangeId64=7839745 failed. HTTP Status: NotFound
[2026-02-17 02:53:26Z INFO GitHubActionsService] Finished operation Location.GetConnectionData
[2026-02-17 02:53:26Z INFO RunnerServer] Catch exception during connect. 1 attempt left.
[2026-02-17 02:53:26Z ERR  RunnerServer] GitHub.Services.WebApi.VssServiceResponseException: The resource cannot be found.
   at GitHub.Services.WebApi.VssHttpClientBase.HandleResponseAsync(HttpResponseMessage response, CancellationToken cancellationToken)
   at GitHub.Services.WebApi.VssHttpClientBase.SendAsync(HttpRequestMessage message, HttpCompletionOption completionOption, Object userState, CancellationToken cancellationToken)
   at GitHub.Services.WebApi.VssHttpClientBase.SendAsync[T](HttpRequestMessage message, Object userState, CancellationToken cancellationToken)
   at GitHub.Services.Location.Client.LocationHttpClient.GetConnectionDataAsync(ConnectOptions connectOptions, Int64 lastChangeId, CancellationToken cancellationToken, Object userState)
   at GitHub.Services.WebApi.Location.VssServerDataProvider.GetConnectionDataAsync(ConnectOptions connectOptions, Int32 lastChangeId, CancellationToken cancellationToken)
   at GitHub.Services.WebApi.Location.VssServerDataProvider.ConnectAsync(ConnectOptions connectOptions, CancellationToken cancellationToken)
   at GitHub.Runner.Common.RunnerService.EstablishVssConnection(Uri serverUrl, VssCredentials credentials, TimeSpan timeout)
[2026-02-17 02:53:26Z INFO GitHubActionsService] Starting operation Location.GetConnectionData
[2026-02-17 02:53:27Z ERR  GitHubActionsService] GET request to https://pipelinesghubeus11.actions.githubusercontent.com/C1lL74rrVgd5dOlSnegXG0VJYnlpk4rMd8FA2h5elBG46E6DJg/_apis/connectionData?connectOptions=1&lastChangeId=7839745&lastChangeId64=7839745 failed. HTTP Status: NotFound
[2026-02-17 02:53:27Z INFO GitHubActionsService] Finished operation Location.GetConnectionData
[2026-02-17 02:53:27Z INFO RunnerServer] Catch exception during connect. 3 attempt left.
[2026-02-17 02:53:27Z ERR  RunnerServer] GitHub.Services.WebApi.VssServiceResponseException: The resource cannot be found.
   at GitHub.Services.WebApi.VssHttpClientBase.HandleResponseAsync(HttpResponseMessage response, CancellationToken cancellationToken)
   at GitHub.Services.WebApi.VssHttpClientBase.SendAsync(HttpRequestMessage message, HttpCompletionOption completionOption, Object userState, CancellationToken cancellationToken)
   at GitHub.Services.WebApi.VssHttpClientBase.SendAsync[T](HttpRequestMessage message, Object userState, CancellationToken cancellationToken)
   at GitHub.Services.Location.Client.LocationHttpClient.GetConnectionDataAsync(ConnectOptions connectOptions, Int64 lastChangeId, CancellationToken cancellationToken, Object userState)
   at GitHub.Services.WebApi.Location.VssServerDataProvider.GetConnectionDataAsync(ConnectOptions connectOptions, Int32 lastChangeId, CancellationToken cancellationToken)
   at GitHub.Services.WebApi.Location.VssServerDataProvider.ConnectAsync(ConnectOptions connectOptions, CancellationToken cancellationToken)
   at GitHub.Runner.Common.RunnerService.EstablishVssConnection(Uri serverUrl, VssCredentials credentials, TimeSpan timeout)
[2026-02-17 02:53:27Z INFO GitHubActionsService] Starting operation Location.GetConnectionData
[2026-02-17 02:53:27Z ERR  GitHubActionsService] GET request to https://pipelinesghubeus11.actions.githubusercontent.com/C1lL74rrVgd5dOlSnegXG0VJYnlpk4rMd8FA2h5elBG46E6DJg/_apis/connectionData?connectOptions=1&lastChangeId=7839745&lastChangeId64=7839745 failed. HTTP Status: NotFound
[2026-02-17 02:53:27Z INFO GitHubActionsService] Finished operation Location.GetConnectionData
[2026-02-17 02:53:29Z ERR  GitHubActionsService] GET request to https://pipelinesghubeus11.actions.githubusercontent.com/C1lL74rrVgd5dOlSnegXG0VJYnlpk4rMd8FA2h5elBG46E6DJg/_apis/connectionData?connectOptions=1&lastChangeId=7839745&lastChangeId64=7839745 failed. HTTP Status: NotFound
[2026-02-17 02:53:29Z INFO GitHubActionsService] Finished operation Location.GetConnectionData
[2026-02-17 02:53:29Z INFO RunnerServer] Catch exception during connect. 2 attempt left.
[2026-02-17 02:53:29Z ERR  RunnerServer] GitHub.Services.WebApi.VssServiceResponseException: The resource cannot be found.
   at GitHub.Services.WebApi.VssHttpClientBase.HandleResponseAsync(HttpResponseMessage response, CancellationToken cancellationToken)
   at GitHub.Services.WebApi.VssHttpClientBase.SendAsync(HttpRequestMessage message, HttpCompletionOption completionOption, Object userState, CancellationToken cancellationToken)
   at GitHub.Services.WebApi.VssHttpClientBase.SendAsync[T](HttpRequestMessage message, Object userState, CancellationToken cancellationToken)
   at GitHub.Services.Location.Client.LocationHttpClient.GetConnectionDataAsync(ConnectOptions connectOptions, Int64 lastChangeId, CancellationToken cancellationToken, Object userState)
   at GitHub.Services.WebApi.Location.VssServerDataProvider.GetConnectionDataAsync(ConnectOptions connectOptions, Int32 lastChangeId, CancellationToken cancellationToken)
   at GitHub.Services.WebApi.Location.VssServerDataProvider.ConnectAsync(ConnectOptions connectOptions, CancellationToken cancellationToken)
   at GitHub.Runner.Common.RunnerService.EstablishVssConnection(Uri serverUrl, VssCredentials credentials, TimeSpan timeout)
[2026-02-17 02:53:29Z INFO GitHubActionsService] Starting operation Location.GetConnectionData
[2026-02-17 02:53:29Z ERR  GitHubActionsService] GET request to https://pipelinesghubeus11.actions.githubusercontent.com/C1lL74rrVgd5dOlSnegXG0VJYnlpk4rMd8FA2h5elBG46E6DJg/_apis/connectionData?connectOptions=1&lastChangeId=7839745&lastChangeId64=7839745 failed. HTTP Status: NotFound
[2026-02-17 02:53:29Z INFO GitHubActionsService] Finished operation Location.GetConnectionData
[2026-02-17 02:53:30Z ERR  GitHubActionsService] GET request to https://pipelinesghubeus11.actions.githubusercontent.com/C1lL74rrVgd5dOlSnegXG0VJYnlpk4rMd8FA2h5elBG46E6DJg/_apis/connectionData?connectOptions=1&lastChangeId=7839745&lastChangeId64=7839745 failed. HTTP Status: NotFound
[2026-02-17 02:53:30Z INFO GitHubActionsService] Finished operation Location.GetConnectionData
[2026-02-17 02:53:30Z INFO RunnerServer] Catch exception during connect. 1 attempt left.
[2026-02-17 02:53:30Z ERR  RunnerServer] GitHub.Services.WebApi.VssServiceResponseException: The resource cannot be found.
   at GitHub.Services.WebApi.VssHttpClientBase.HandleResponseAsync(HttpResponseMessage response, CancellationToken cancellationToken)
   at GitHub.Services.WebApi.VssHttpClientBase.SendAsync(HttpRequestMessage message, HttpCompletionOption completionOption, Object userState, CancellationToken cancellationToken)
   at GitHub.Services.WebApi.VssHttpClientBase.SendAsync[T](HttpRequestMessage message, Object userState, CancellationToken cancellationToken)
   at GitHub.Services.Location.Client.LocationHttpClient.GetConnectionDataAsync(ConnectOptions connectOptions, Int64 lastChangeId, CancellationToken cancellationToken, Object userState)
   at GitHub.Services.WebApi.Location.VssServerDataProvider.GetConnectionDataAsync(ConnectOptions connectOptions, Int32 lastChangeId, CancellationToken cancellationToken)
   at GitHub.Services.WebApi.Location.VssServerDataProvider.ConnectAsync(ConnectOptions connectOptions, CancellationToken cancellationToken)
   at GitHub.Runner.Common.RunnerService.EstablishVssConnection(Uri serverUrl, VssCredentials credentials, TimeSpan timeout)
[2026-02-17 02:53:30Z INFO GitHubActionsService] Starting operation Location.GetConnectionData
[2026-02-17 02:53:33Z ERR  GitHubActionsService] GET request to https://pipelinesghubeus11.actions.githubusercontent.com/C1lL74rrVgd5dOlSnegXG0VJYnlpk4rMd8FA2h5elBG46E6DJg/_apis/connectionData?connectOptions=1&lastChangeId=7839745&lastChangeId64=7839745 failed. HTTP Status: NotFound
[2026-02-17 02:53:33Z INFO GitHubActionsService] Finished operation Location.GetConnectionData
[2026-02-17 02:53:33Z ERR  BrokerMessageListener] Catch exception during create session.
[2026-02-17 02:53:33Z ERR  BrokerMessageListener] GitHub.Services.WebApi.VssServiceResponseException: The resource cannot be found.
   at GitHub.Services.WebApi.VssHttpClientBase.HandleResponseAsync(HttpResponseMessage response, CancellationToken cancellationToken)
   at GitHub.Services.WebApi.VssHttpClientBase.SendAsync(HttpRequestMessage message, HttpCompletionOption completionOption, Object userState, CancellationToken cancellationToken)
   at GitHub.Services.WebApi.VssHttpClientBase.SendAsync[T](HttpRequestMessage message, Object userState, CancellationToken cancellationToken)
   at GitHub.Services.Location.Client.LocationHttpClient.GetConnectionDataAsync(ConnectOptions connectOptions, Int64 lastChangeId, CancellationToken cancellationToken, Object userState)
   at GitHub.Services.WebApi.Location.VssServerDataProvider.GetConnectionDataAsync(ConnectOptions connectOptions, Int32 lastChangeId, CancellationToken cancellationToken)
   at GitHub.Services.WebApi.Location.VssServerDataProvider.ConnectAsync(ConnectOptions connectOptions, CancellationToken cancellationToken)
   at GitHub.Runner.Common.RunnerService.EstablishVssConnection(Uri serverUrl, VssCredentials credentials, TimeSpan timeout)
   at GitHub.Runner.Common.RunnerServer.ConnectAsync(Uri serverUrl, VssCredentials credentials)
   at GitHub.Runner.Listener.BrokerMessageListener.CreateSessionAsync(CancellationToken token)
[2026-02-17 02:53:33Z INFO BrokerMessageListener] Retriable exception: The resource cannot be found.
[2026-02-17 02:53:33Z INFO BrokerMessageListener] Sleeping for 30 seconds before retrying.
[2026-02-17 02:54:03Z INFO BrokerMessageListener] Attempt to create session.
[2026-02-17 02:54:03Z INFO BrokerMessageListener] Connecting to the Broker Server...
[2026-02-17 02:54:03Z INFO ConfigurationStore] HasCredentials()
[2026-02-17 02:54:03Z INFO ConfigurationStore] stored True
[2026-02-17 02:54:03Z INFO CredentialManager] GetCredentialProvider
[2026-02-17 02:54:03Z INFO CredentialManager] Creating type OAuth
[2026-02-17 02:54:03Z INFO CredentialManager] Creating credential type: OAuth
[2026-02-17 02:54:03Z INFO RSAEncryptedFileKeyManager] Loading RSA key parameters from file C:\projects\bio-vanta-kube-local\actions-runner\.credentials_rsaparams
[2026-02-17 02:54:03Z INFO BrokerMessageListener] VssConnection created
[2026-02-17 02:54:03Z INFO BrokerMessageListener] Connecting to the Runner server...
[2026-02-17 02:54:03Z INFO RunnerServer] EstablishVssConnection
[2026-02-17 02:54:03Z INFO RunnerServer] Establish connection with 100 seconds timeout.
[2026-02-17 02:54:03Z INFO GitHubActionsService] Starting operation Location.GetConnectionData
[2026-02-17 02:54:03Z INFO RunnerServer] EstablishVssConnection
[2026-02-17 02:54:03Z INFO RunnerServer] Establish connection with 60 seconds timeout.
[2026-02-17 02:54:03Z INFO GitHubActionsService] Starting operation Location.GetConnectionData
[2026-02-17 02:54:03Z INFO RunnerServer] EstablishVssConnection
[2026-02-17 02:54:03Z INFO RunnerServer] Establish connection with 60 seconds timeout.
[2026-02-17 02:54:03Z INFO GitHubActionsService] Starting operation Location.GetConnectionData
[2026-02-17 02:54:05Z ERR  GitHubActionsService] GET request to https://pipelinesghubeus11.actions.githubusercontent.com/C1lL74rrVgd5dOlSnegXG0VJYnlpk4rMd8FA2h5elBG46E6DJg/_apis/connectionData?connectOptions=1&lastChangeId=7839745&lastChangeId64=7839745 failed. HTTP Status: NotFound
[2026-02-17 02:54:05Z INFO GitHubActionsService] Finished operation Location.GetConnectionData
[2026-02-17 02:54:05Z INFO RunnerServer] Catch exception during connect. 4 attempt left.
[2026-02-17 02:54:05Z ERR  RunnerServer] GitHub.Services.WebApi.VssServiceResponseException: The resource cannot be found.
   at GitHub.Services.WebApi.VssHttpClientBase.HandleResponseAsync(HttpResponseMessage response, CancellationToken cancellationToken)
   at GitHub.Services.WebApi.VssHttpClientBase.SendAsync(HttpRequestMessage message, HttpCompletionOption completionOption, Object userState, CancellationToken cancellationToken)
   at GitHub.Services.WebApi.VssHttpClientBase.SendAsync[T](HttpRequestMessage message, Object userState, CancellationToken cancellationToken)
   at GitHub.Services.Location.Client.LocationHttpClient.GetConnectionDataAsync(ConnectOptions connectOptions, Int64 lastChangeId, CancellationToken cancellationToken, Object userState)
   at GitHub.Services.WebApi.Location.VssServerDataProvider.GetConnectionDataAsync(ConnectOptions connectOptions, Int32 lastChangeId, CancellationToken cancellationToken)
   at GitHub.Services.WebApi.Location.VssServerDataProvider.ConnectAsync(ConnectOptions connectOptions, CancellationToken cancellationToken)
   at GitHub.Runner.Common.RunnerService.EstablishVssConnection(Uri serverUrl, VssCredentials credentials, TimeSpan timeout)
[2026-02-17 02:54:05Z INFO GitHubActionsService] Starting operation Location.GetConnectionData
[2026-02-17 02:54:06Z ERR  GitHubActionsService] GET request to https://pipelinesghubeus11.actions.githubusercontent.com/C1lL74rrVgd5dOlSnegXG0VJYnlpk4rMd8FA2h5elBG46E6DJg/_apis/connectionData?connectOptions=1&lastChangeId=7839745&lastChangeId64=7839745 failed. HTTP Status: NotFound
[2026-02-17 02:54:06Z INFO GitHubActionsService] Finished operation Location.GetConnectionData
[2026-02-17 02:54:06Z INFO RunnerServer] Catch exception during connect. 4 attempt left.
[2026-02-17 02:54:06Z ERR  RunnerServer] GitHub.Services.WebApi.VssServiceResponseException: The resource cannot be found.
   at GitHub.Services.WebApi.VssHttpClientBase.HandleResponseAsync(HttpResponseMessage response, CancellationToken cancellationToken)
   at GitHub.Services.WebApi.VssHttpClientBase.SendAsync(HttpRequestMessage message, HttpCompletionOption completionOption, Object userState, CancellationToken cancellationToken)
   at GitHub.Services.WebApi.VssHttpClientBase.SendAsync[T](HttpRequestMessage message, Object userState, CancellationToken cancellationToken)
   at GitHub.Services.Location.Client.LocationHttpClient.GetConnectionDataAsync(ConnectOptions connectOptions, Int64 lastChangeId, CancellationToken cancellationToken, Object userState)
   at GitHub.Services.WebApi.Location.VssServerDataProvider.GetConnectionDataAsync(ConnectOptions connectOptions, Int32 lastChangeId, CancellationToken cancellationToken)
   at GitHub.Services.WebApi.Location.VssServerDataProvider.ConnectAsync(ConnectOptions connectOptions, CancellationToken cancellationToken)
   at GitHub.Runner.Common.RunnerService.EstablishVssConnection(Uri serverUrl, VssCredentials credentials, TimeSpan timeout)
[2026-02-17 02:54:06Z ERR  GitHubActionsService] GET request to https://pipelinesghubeus11.actions.githubusercontent.com/C1lL74rrVgd5dOlSnegXG0VJYnlpk4rMd8FA2h5elBG46E6DJg/_apis/connectionData?connectOptions=1&lastChangeId=7839745&lastChangeId64=7839745 failed. HTTP Status: NotFound
[2026-02-17 02:54:06Z INFO GitHubActionsService] Finished operation Location.GetConnectionData
[2026-02-17 02:54:06Z INFO RunnerServer] Catch exception during connect. 4 attempt left.
[2026-02-17 02:54:06Z ERR  RunnerServer] GitHub.Services.WebApi.VssServiceResponseException: The resource cannot be found.
   at GitHub.Services.WebApi.VssHttpClientBase.HandleResponseAsync(HttpResponseMessage response, CancellationToken cancellationToken)
   at GitHub.Services.WebApi.VssHttpClientBase.SendAsync(HttpRequestMessage message, HttpCompletionOption completionOption, Object userState, CancellationToken cancellationToken)
   at GitHub.Services.WebApi.VssHttpClientBase.SendAsync[T](HttpRequestMessage message, Object userState, CancellationToken cancellationToken)
   at GitHub.Services.Location.Client.LocationHttpClient.GetConnectionDataAsync(ConnectOptions connectOptions, Int64 lastChangeId, CancellationToken cancellationToken, Object userState)
   at GitHub.Services.WebApi.Location.VssServerDataProvider.GetConnectionDataAsync(ConnectOptions connectOptions, Int32 lastChangeId, CancellationToken cancellationToken)
   at GitHub.Services.WebApi.Location.VssServerDataProvider.ConnectAsync(ConnectOptions connectOptions, CancellationToken cancellationToken)
   at GitHub.Runner.Common.RunnerService.EstablishVssConnection(Uri serverUrl, VssCredentials credentials, TimeSpan timeout)
[2026-02-17 02:54:06Z INFO GitHubActionsService] Starting operation Location.GetConnectionData
[2026-02-17 02:54:06Z INFO GitHubActionsService] Starting operation Location.GetConnectionData
[2026-02-17 02:54:07Z ERR  GitHubActionsService] GET request to https://pipelinesghubeus11.actions.githubusercontent.com/C1lL74rrVgd5dOlSnegXG0VJYnlpk4rMd8FA2h5elBG46E6DJg/_apis/connectionData?connectOptions=1&lastChangeId=7839745&lastChangeId64=7839745 failed. HTTP Status: NotFound
[2026-02-17 02:54:07Z INFO GitHubActionsService] Finished operation Location.GetConnectionData
[2026-02-17 02:54:07Z INFO RunnerServer] Catch exception during connect. 3 attempt left.
[2026-02-17 02:54:07Z ERR  RunnerServer] GitHub.Services.WebApi.VssServiceResponseException: The resource cannot be found.
   at GitHub.Services.WebApi.VssHttpClientBase.HandleResponseAsync(HttpResponseMessage response, CancellationToken cancellationToken)
   at GitHub.Services.WebApi.VssHttpClientBase.SendAsync(HttpRequestMessage message, HttpCompletionOption completionOption, Object userState, CancellationToken cancellationToken)
   at GitHub.Services.WebApi.VssHttpClientBase.SendAsync[T](HttpRequestMessage message, Object userState, CancellationToken cancellationToken)
   at GitHub.Services.Location.Client.LocationHttpClient.GetConnectionDataAsync(ConnectOptions connectOptions, Int64 lastChangeId, CancellationToken cancellationToken, Object userState)
   at GitHub.Services.WebApi.Location.VssServerDataProvider.GetConnectionDataAsync(ConnectOptions connectOptions, Int32 lastChangeId, CancellationToken cancellationToken)
   at GitHub.Services.WebApi.Location.VssServerDataProvider.ConnectAsync(ConnectOptions connectOptions, CancellationToken cancellationToken)
   at GitHub.Runner.Common.RunnerService.EstablishVssConnection(Uri serverUrl, VssCredentials credentials, TimeSpan timeout)
[2026-02-17 02:54:07Z INFO GitHubActionsService] Starting operation Location.GetConnectionData
[2026-02-17 02:54:07Z ERR  GitHubActionsService] GET request to https://pipelinesghubeus11.actions.githubusercontent.com/C1lL74rrVgd5dOlSnegXG0VJYnlpk4rMd8FA2h5elBG46E6DJg/_apis/connectionData?connectOptions=1&lastChangeId=7839745&lastChangeId64=7839745 failed. HTTP Status: NotFound
[2026-02-17 02:54:07Z INFO GitHubActionsService] Finished operation Location.GetConnectionData
[2026-02-17 02:54:07Z INFO RunnerServer] Catch exception during connect. 3 attempt left.
[2026-02-17 02:54:07Z ERR  RunnerServer] GitHub.Services.WebApi.VssServiceResponseException: The resource cannot be found.
   at GitHub.Services.WebApi.VssHttpClientBase.HandleResponseAsync(HttpResponseMessage response, CancellationToken cancellationToken)
   at GitHub.Services.WebApi.VssHttpClientBase.SendAsync(HttpRequestMessage message, HttpCompletionOption completionOption, Object userState, CancellationToken cancellationToken)
   at GitHub.Services.WebApi.VssHttpClientBase.SendAsync[T](HttpRequestMessage message, Object userState, CancellationToken cancellationToken)
   at GitHub.Services.Location.Client.LocationHttpClient.GetConnectionDataAsync(ConnectOptions connectOptions, Int64 lastChangeId, CancellationToken cancellationToken, Object userState)
   at GitHub.Services.WebApi.Location.VssServerDataProvider.GetConnectionDataAsync(ConnectOptions connectOptions, Int32 lastChangeId, CancellationToken cancellationToken)
   at GitHub.Services.WebApi.Location.VssServerDataProvider.ConnectAsync(ConnectOptions connectOptions, CancellationToken cancellationToken)
   at GitHub.Runner.Common.RunnerService.EstablishVssConnection(Uri serverUrl, VssCredentials credentials, TimeSpan timeout)
[2026-02-17 02:54:07Z INFO GitHubActionsService] Starting operation Location.GetConnectionData
[2026-02-17 02:54:08Z ERR  GitHubActionsService] GET request to https://pipelinesghubeus11.actions.githubusercontent.com/C1lL74rrVgd5dOlSnegXG0VJYnlpk4rMd8FA2h5elBG46E6DJg/_apis/connectionData?connectOptions=1&lastChangeId=7839745&lastChangeId64=7839745 failed. HTTP Status: NotFound
[2026-02-17 02:54:08Z INFO GitHubActionsService] Finished operation Location.GetConnectionData
[2026-02-17 02:54:08Z INFO RunnerServer] Catch exception during connect. 2 attempt left.
[2026-02-17 02:54:08Z ERR  RunnerServer] GitHub.Services.WebApi.VssServiceResponseException: The resource cannot be found.
   at GitHub.Services.WebApi.VssHttpClientBase.HandleResponseAsync(HttpResponseMessage response, CancellationToken cancellationToken)
   at GitHub.Services.WebApi.VssHttpClientBase.SendAsync(HttpRequestMessage message, HttpCompletionOption completionOption, Object userState, CancellationToken cancellationToken)
   at GitHub.Services.WebApi.VssHttpClientBase.SendAsync[T](HttpRequestMessage message, Object userState, CancellationToken cancellationToken)
   at GitHub.Services.Location.Client.LocationHttpClient.GetConnectionDataAsync(ConnectOptions connectOptions, Int64 lastChangeId, CancellationToken cancellationToken, Object userState)
   at GitHub.Services.WebApi.Location.VssServerDataProvider.GetConnectionDataAsync(ConnectOptions connectOptions, Int32 lastChangeId, CancellationToken cancellationToken)
   at GitHub.Services.WebApi.Location.VssServerDataProvider.ConnectAsync(ConnectOptions connectOptions, CancellationToken cancellationToken)
   at GitHub.Runner.Common.RunnerService.EstablishVssConnection(Uri serverUrl, VssCredentials credentials, TimeSpan timeout)
[2026-02-17 02:54:08Z INFO GitHubActionsService] Starting operation Location.GetConnectionData
[2026-02-17 02:54:09Z ERR  GitHubActionsService] GET request to https://pipelinesghubeus11.actions.githubusercontent.com/C1lL74rrVgd5dOlSnegXG0VJYnlpk4rMd8FA2h5elBG46E6DJg/_apis/connectionData?connectOptions=1&lastChangeId=7839745&lastChangeId64=7839745 failed. HTTP Status: NotFound
[2026-02-17 02:54:09Z INFO GitHubActionsService] Finished operation Location.GetConnectionData
[2026-02-17 02:54:09Z INFO RunnerServer] Catch exception during connect. 3 attempt left.
[2026-02-17 02:54:09Z ERR  RunnerServer] GitHub.Services.WebApi.VssServiceResponseException: The resource cannot be found.
   at GitHub.Services.WebApi.VssHttpClientBase.HandleResponseAsync(HttpResponseMessage response, CancellationToken cancellationToken)
   at GitHub.Services.WebApi.VssHttpClientBase.SendAsync(HttpRequestMessage message, HttpCompletionOption completionOption, Object userState, CancellationToken cancellationToken)
   at GitHub.Services.WebApi.VssHttpClientBase.SendAsync[T](HttpRequestMessage message, Object userState, CancellationToken cancellationToken)
   at GitHub.Services.Location.Client.LocationHttpClient.GetConnectionDataAsync(ConnectOptions connectOptions, Int64 lastChangeId, CancellationToken cancellationToken, Object userState)
   at GitHub.Services.WebApi.Location.VssServerDataProvider.GetConnectionDataAsync(ConnectOptions connectOptions, Int32 lastChangeId, CancellationToken cancellationToken)
   at GitHub.Services.WebApi.Location.VssServerDataProvider.ConnectAsync(ConnectOptions connectOptions, CancellationToken cancellationToken)
   at GitHub.Runner.Common.RunnerService.EstablishVssConnection(Uri serverUrl, VssCredentials credentials, TimeSpan timeout)
[2026-02-17 02:54:09Z INFO GitHubActionsService] Starting operation Location.GetConnectionData
[2026-02-17 02:54:10Z ERR  GitHubActionsService] GET request to https://pipelinesghubeus11.actions.githubusercontent.com/C1lL74rrVgd5dOlSnegXG0VJYnlpk4rMd8FA2h5elBG46E6DJg/_apis/connectionData?connectOptions=1&lastChangeId=7839745&lastChangeId64=7839745 failed. HTTP Status: NotFound
[2026-02-17 02:54:10Z INFO GitHubActionsService] Finished operation Location.GetConnectionData
[2026-02-17 02:54:10Z INFO RunnerServer] Catch exception during connect. 2 attempt left.
[2026-02-17 02:54:10Z ERR  RunnerServer] GitHub.Services.WebApi.VssServiceResponseException: The resource cannot be found.
   at GitHub.Services.WebApi.VssHttpClientBase.HandleResponseAsync(HttpResponseMessage response, CancellationToken cancellationToken)
   at GitHub.Services.WebApi.VssHttpClientBase.SendAsync(HttpRequestMessage message, HttpCompletionOption completionOption, Object userState, CancellationToken cancellationToken)
   at GitHub.Services.WebApi.VssHttpClientBase.SendAsync[T](HttpRequestMessage message, Object userState, CancellationToken cancellationToken)
   at GitHub.Services.Location.Client.LocationHttpClient.GetConnectionDataAsync(ConnectOptions connectOptions, Int64 lastChangeId, CancellationToken cancellationToken, Object userState)
   at GitHub.Services.WebApi.Location.VssServerDataProvider.GetConnectionDataAsync(ConnectOptions connectOptions, Int32 lastChangeId, CancellationToken cancellationToken)
   at GitHub.Services.WebApi.Location.VssServerDataProvider.ConnectAsync(ConnectOptions connectOptions, CancellationToken cancellationToken)
   at GitHub.Runner.Common.RunnerService.EstablishVssConnection(Uri serverUrl, VssCredentials credentials, TimeSpan timeout)
[2026-02-17 02:54:10Z INFO GitHubActionsService] Starting operation Location.GetConnectionData
[2026-02-17 02:54:11Z ERR  GitHubActionsService] GET request to https://pipelinesghubeus11.actions.githubusercontent.com/C1lL74rrVgd5dOlSnegXG0VJYnlpk4rMd8FA2h5elBG46E6DJg/_apis/connectionData?connectOptions=1&lastChangeId=7839745&lastChangeId64=7839745 failed. HTTP Status: NotFound
[2026-02-17 02:54:11Z INFO GitHubActionsService] Finished operation Location.GetConnectionData
[2026-02-17 02:54:11Z INFO RunnerServer] Catch exception during connect. 1 attempt left.
[2026-02-17 02:54:11Z ERR  RunnerServer] GitHub.Services.WebApi.VssServiceResponseException: The resource cannot be found.
   at GitHub.Services.WebApi.VssHttpClientBase.HandleResponseAsync(HttpResponseMessage response, CancellationToken cancellationToken)
   at GitHub.Services.WebApi.VssHttpClientBase.SendAsync(HttpRequestMessage message, HttpCompletionOption completionOption, Object userState, CancellationToken cancellationToken)
   at GitHub.Services.WebApi.VssHttpClientBase.SendAsync[T](HttpRequestMessage message, Object userState, CancellationToken cancellationToken)
   at GitHub.Services.Location.Client.LocationHttpClient.GetConnectionDataAsync(ConnectOptions connectOptions, Int64 lastChangeId, CancellationToken cancellationToken, Object userState)
   at GitHub.Services.WebApi.Location.VssServerDataProvider.GetConnectionDataAsync(ConnectOptions connectOptions, Int32 lastChangeId, CancellationToken cancellationToken)
   at GitHub.Services.WebApi.Location.VssServerDataProvider.ConnectAsync(ConnectOptions connectOptions, CancellationToken cancellationToken)
   at GitHub.Runner.Common.RunnerService.EstablishVssConnection(Uri serverUrl, VssCredentials credentials, TimeSpan timeout)
[2026-02-17 02:54:11Z INFO GitHubActionsService] Starting operation Location.GetConnectionData
[2026-02-17 02:54:11Z ERR  GitHubActionsService] GET request to https://pipelinesghubeus11.actions.githubusercontent.com/C1lL74rrVgd5dOlSnegXG0VJYnlpk4rMd8FA2h5elBG46E6DJg/_apis/connectionData?connectOptions=1&lastChangeId=7839745&lastChangeId64=7839745 failed. HTTP Status: NotFound
[2026-02-17 02:54:11Z INFO GitHubActionsService] Finished operation Location.GetConnectionData
[2026-02-17 02:54:11Z INFO RunnerServer] Catch exception during connect. 2 attempt left.
[2026-02-17 02:54:12Z ERR  RunnerServer] GitHub.Services.WebApi.VssServiceResponseException: The resource cannot be found.
   at GitHub.Services.WebApi.VssHttpClientBase.HandleResponseAsync(HttpResponseMessage response, CancellationToken cancellationToken)
   at GitHub.Services.WebApi.VssHttpClientBase.SendAsync(HttpRequestMessage message, HttpCompletionOption completionOption, Object userState, CancellationToken cancellationToken)
   at GitHub.Services.WebApi.VssHttpClientBase.SendAsync[T](HttpRequestMessage message, Object userState, CancellationToken cancellationToken)
   at GitHub.Services.Location.Client.LocationHttpClient.GetConnectionDataAsync(ConnectOptions connectOptions, Int64 lastChangeId, CancellationToken cancellationToken, Object userState)
   at GitHub.Services.WebApi.Location.VssServerDataProvider.GetConnectionDataAsync(ConnectOptions connectOptions, Int32 lastChangeId, CancellationToken cancellationToken)
   at GitHub.Services.WebApi.Location.VssServerDataProvider.ConnectAsync(ConnectOptions connectOptions, CancellationToken cancellationToken)
   at GitHub.Runner.Common.RunnerService.EstablishVssConnection(Uri serverUrl, VssCredentials credentials, TimeSpan timeout)
[2026-02-17 02:54:12Z INFO GitHubActionsService] Starting operation Location.GetConnectionData
[2026-02-17 02:54:13Z ERR  GitHubActionsService] GET request to https://pipelinesghubeus11.actions.githubusercontent.com/C1lL74rrVgd5dOlSnegXG0VJYnlpk4rMd8FA2h5elBG46E6DJg/_apis/connectionData?connectOptions=1&lastChangeId=7839745&lastChangeId64=7839745 failed. HTTP Status: NotFound
[2026-02-17 02:54:13Z INFO GitHubActionsService] Finished operation Location.GetConnectionData
[2026-02-17 02:54:13Z INFO RunnerServer] Catch exception during connect. 1 attempt left.
[2026-02-17 02:54:13Z ERR  RunnerServer] GitHub.Services.WebApi.VssServiceResponseException: The resource cannot be found.
   at GitHub.Services.WebApi.VssHttpClientBase.HandleResponseAsync(HttpResponseMessage response, CancellationToken cancellationToken)
   at GitHub.Services.WebApi.VssHttpClientBase.SendAsync(HttpRequestMessage message, HttpCompletionOption completionOption, Object userState, CancellationToken cancellationToken)
   at GitHub.Services.WebApi.VssHttpClientBase.SendAsync[T](HttpRequestMessage message, Object userState, CancellationToken cancellationToken)
   at GitHub.Services.Location.Client.LocationHttpClient.GetConnectionDataAsync(ConnectOptions connectOptions, Int64 lastChangeId, CancellationToken cancellationToken, Object userState)
   at GitHub.Services.WebApi.Location.VssServerDataProvider.GetConnectionDataAsync(ConnectOptions connectOptions, Int32 lastChangeId, CancellationToken cancellationToken)
   at GitHub.Services.WebApi.Location.VssServerDataProvider.ConnectAsync(ConnectOptions connectOptions, CancellationToken cancellationToken)
   at GitHub.Runner.Common.RunnerService.EstablishVssConnection(Uri serverUrl, VssCredentials credentials, TimeSpan timeout)
[2026-02-17 02:54:13Z INFO GitHubActionsService] Starting operation Location.GetConnectionData
[2026-02-17 02:54:14Z ERR  GitHubActionsService] GET request to https://pipelinesghubeus11.actions.githubusercontent.com/C1lL74rrVgd5dOlSnegXG0VJYnlpk4rMd8FA2h5elBG46E6DJg/_apis/connectionData?connectOptions=1&lastChangeId=7839745&lastChangeId64=7839745 failed. HTTP Status: NotFound
[2026-02-17 02:54:14Z INFO GitHubActionsService] Finished operation Location.GetConnectionData
[2026-02-17 02:54:14Z ERR  GitHubActionsService] GET request to https://pipelinesghubeus11.actions.githubusercontent.com/C1lL74rrVgd5dOlSnegXG0VJYnlpk4rMd8FA2h5elBG46E6DJg/_apis/connectionData?connectOptions=1&lastChangeId=7839745&lastChangeId64=7839745 failed. HTTP Status: NotFound
[2026-02-17 02:54:14Z INFO GitHubActionsService] Finished operation Location.GetConnectionData
[2026-02-17 02:54:14Z INFO RunnerServer] Catch exception during connect. 1 attempt left.
[2026-02-17 02:54:14Z ERR  RunnerServer] GitHub.Services.WebApi.VssServiceResponseException: The resource cannot be found.
   at GitHub.Services.WebApi.VssHttpClientBase.HandleResponseAsync(HttpResponseMessage response, CancellationToken cancellationToken)
   at GitHub.Services.WebApi.VssHttpClientBase.SendAsync(HttpRequestMessage message, HttpCompletionOption completionOption, Object userState, CancellationToken cancellationToken)
   at GitHub.Services.WebApi.VssHttpClientBase.SendAsync[T](HttpRequestMessage message, Object userState, CancellationToken cancellationToken)
   at GitHub.Services.Location.Client.LocationHttpClient.GetConnectionDataAsync(ConnectOptions connectOptions, Int64 lastChangeId, CancellationToken cancellationToken, Object userState)
   at GitHub.Services.WebApi.Location.VssServerDataProvider.GetConnectionDataAsync(ConnectOptions connectOptions, Int32 lastChangeId, CancellationToken cancellationToken)
   at GitHub.Services.WebApi.Location.VssServerDataProvider.ConnectAsync(ConnectOptions connectOptions, CancellationToken cancellationToken)
   at GitHub.Runner.Common.RunnerService.EstablishVssConnection(Uri serverUrl, VssCredentials credentials, TimeSpan timeout)
[2026-02-17 02:54:14Z INFO GitHubActionsService] Starting operation Location.GetConnectionData
[2026-02-17 02:54:17Z ERR  GitHubActionsService] GET request to https://pipelinesghubeus11.actions.githubusercontent.com/C1lL74rrVgd5dOlSnegXG0VJYnlpk4rMd8FA2h5elBG46E6DJg/_apis/connectionData?connectOptions=1&lastChangeId=7839745&lastChangeId64=7839745 failed. HTTP Status: NotFound
[2026-02-17 02:54:17Z INFO GitHubActionsService] Finished operation Location.GetConnectionData
[2026-02-17 02:54:17Z ERR  GitHubActionsService] GET request to https://pipelinesghubeus11.actions.githubusercontent.com/C1lL74rrVgd5dOlSnegXG0VJYnlpk4rMd8FA2h5elBG46E6DJg/_apis/connectionData?connectOptions=1&lastChangeId=7839745&lastChangeId64=7839745 failed. HTTP Status: NotFound
[2026-02-17 02:54:17Z INFO GitHubActionsService] Finished operation Location.GetConnectionData
[2026-02-17 02:54:17Z ERR  BrokerMessageListener] Catch exception during create session.
[2026-02-17 02:54:17Z ERR  BrokerMessageListener] GitHub.Services.WebApi.VssServiceResponseException: The resource cannot be found.
   at GitHub.Services.WebApi.VssHttpClientBase.HandleResponseAsync(HttpResponseMessage response, CancellationToken cancellationToken)
   at GitHub.Services.WebApi.VssHttpClientBase.SendAsync(HttpRequestMessage message, HttpCompletionOption completionOption, Object userState, CancellationToken cancellationToken)
   at GitHub.Services.WebApi.VssHttpClientBase.SendAsync[T](HttpRequestMessage message, Object userState, CancellationToken cancellationToken)
   at GitHub.Services.Location.Client.LocationHttpClient.GetConnectionDataAsync(ConnectOptions connectOptions, Int64 lastChangeId, CancellationToken cancellationToken, Object userState)
   at GitHub.Services.WebApi.Location.VssServerDataProvider.GetConnectionDataAsync(ConnectOptions connectOptions, Int32 lastChangeId, CancellationToken cancellationToken)
   at GitHub.Services.WebApi.Location.VssServerDataProvider.ConnectAsync(ConnectOptions connectOptions, CancellationToken cancellationToken)
   at GitHub.Runner.Common.RunnerService.EstablishVssConnection(Uri serverUrl, VssCredentials credentials, TimeSpan timeout)
   at GitHub.Runner.Common.RunnerServer.ConnectAsync(Uri serverUrl, VssCredentials credentials)
   at GitHub.Runner.Listener.BrokerMessageListener.CreateSessionAsync(CancellationToken token)
[2026-02-17 02:54:17Z INFO BrokerMessageListener] Retriable exception: The resource cannot be found.
[2026-02-17 02:54:17Z INFO BrokerMessageListener] Sleeping for 30 seconds before retrying.
[2026-02-17 02:54:36Z INFO Terminal] WRITE LINE: Exiting...
[2026-02-17 02:54:36Z INFO ConfigurationStore] IsServiceConfigured()
[2026-02-17 02:54:36Z INFO ConfigurationStore] IsServiceConfigured: False
[2026-02-17 02:54:36Z INFO HostContext] Runner will be shutdown for UserCancelled
[2026-02-17 02:54:36Z INFO Listener] Runner execution been cancelled.
