[2026-02-17 03:13:31Z INFO HostContext] No proxy settings were found based on environmental variables (http_proxy/https_proxy/HTTP_PROXY/HTTPS_PROXY)
[2026-02-17 03:13:31Z INFO HostContext] Well known directory 'Bin': 'C:\projects\bio-vanta-kube-local\actions-runner\bin'
[2026-02-17 03:13:31Z INFO HostContext] Well known directory 'Root': 'C:\projects\bio-vanta-kube-local\actions-runner'
[2026-02-17 03:13:31Z INFO HostContext] Well known config file 'Credentials': 'C:\projects\bio-vanta-kube-local\actions-runner\.credentials'
[2026-02-17 03:13:31Z INFO HostContext] Well known directory 'Bin': 'C:\projects\bio-vanta-kube-local\actions-runner\bin'
[2026-02-17 03:13:31Z INFO HostContext] Well known directory 'Root': 'C:\projects\bio-vanta-kube-local\actions-runner'
[2026-02-17 03:13:31Z INFO HostContext] Well known config file 'Runner': 'C:\projects\bio-vanta-kube-local\actions-runner\.runner'
[2026-02-17 03:13:31Z INFO Listener] Runner is built for Windows (X64) - win-x64.
[2026-02-17 03:13:31Z INFO Listener] RuntimeInformation: Microsoft Windows 10.0.26200.
[2026-02-17 03:13:31Z INFO Listener] Version: 2.331.0
[2026-02-17 03:13:31Z INFO Listener] Commit: 39f6c643d3032f8795fa71f1482731ca90c8e038
[2026-02-17 03:13:31Z INFO Listener] Culture: en-US
[2026-02-17 03:13:31Z INFO Listener] UI Culture: en-US
[2026-02-17 03:13:31Z INFO HostContext] Well known directory 'Bin': 'C:\projects\bio-vanta-kube-local\actions-runner\bin'
[2026-02-17 03:13:31Z INFO HostContext] Well known directory 'Root': 'C:\projects\bio-vanta-kube-local\actions-runner'
[2026-02-17 03:13:31Z INFO Listener] Validating directory permissions for: 'C:\projects\bio-vanta-kube-local\actions-runner'
[2026-02-17 03:13:31Z INFO CommandLineParser] Parse
[2026-02-17 03:13:31Z INFO CommandLineParser] Parsing 1 args
[2026-02-17 03:13:31Z INFO CommandLineParser] parsing argument
[2026-02-17 03:13:31Z INFO CommandLineParser] HasArgs: False
[2026-02-17 03:13:31Z INFO CommandLineParser] Adding Command: run
[2026-02-17 03:13:31Z INFO Listener] Arguments parsed
[2026-02-17 03:13:32Z INFO Runner] ExecuteCommand
[2026-02-17 03:13:32Z INFO ConfigurationStore] currentAssemblyLocation: C:\projects\bio-vanta-kube-local\actions-runner\bin\Runner.Listener.dll
[2026-02-17 03:13:32Z INFO HostContext] Well known directory 'Bin': 'C:\projects\bio-vanta-kube-local\actions-runner\bin'
[2026-02-17 03:13:32Z INFO ConfigurationStore] binPath: C:\projects\bio-vanta-kube-local\actions-runner\bin
[2026-02-17 03:13:32Z INFO HostContext] Well known directory 'Bin': 'C:\projects\bio-vanta-kube-local\actions-runner\bin'
[2026-02-17 03:13:32Z INFO HostContext] Well known directory 'Root': 'C:\projects\bio-vanta-kube-local\actions-runner'
[2026-02-17 03:13:32Z INFO ConfigurationStore] RootFolder: C:\projects\bio-vanta-kube-local\actions-runner
[2026-02-17 03:13:32Z INFO HostContext] Well known directory 'Bin': 'C:\projects\bio-vanta-kube-local\actions-runner\bin'
[2026-02-17 03:13:32Z INFO HostContext] Well known directory 'Root': 'C:\projects\bio-vanta-kube-local\actions-runner'
[2026-02-17 03:13:32Z INFO HostContext] Well known config file 'Runner': 'C:\projects\bio-vanta-kube-local\actions-runner\.runner'
[2026-02-17 03:13:32Z INFO ConfigurationStore] ConfigFilePath: C:\projects\bio-vanta-kube-local\actions-runner\.runner
[2026-02-17 03:13:32Z INFO HostContext] Well known directory 'Bin': 'C:\projects\bio-vanta-kube-local\actions-runner\bin'
[2026-02-17 03:13:32Z INFO HostContext] Well known directory 'Root': 'C:\projects\bio-vanta-kube-local\actions-runner'
[2026-02-17 03:13:32Z INFO HostContext] Well known config file 'MigratedRunner': 'C:\projects\bio-vanta-kube-local\actions-runner\.runner_migrated'
[2026-02-17 03:13:32Z INFO ConfigurationStore] MigratedConfigFilePath: C:\projects\bio-vanta-kube-local\actions-runner\.runner_migrated
[2026-02-17 03:13:32Z INFO HostContext] Well known directory 'Bin': 'C:\projects\bio-vanta-kube-local\actions-runner\bin'
[2026-02-17 03:13:32Z INFO HostContext] Well known directory 'Root': 'C:\projects\bio-vanta-kube-local\actions-runner'
[2026-02-17 03:13:32Z INFO HostContext] Well known config file 'Credentials': 'C:\projects\bio-vanta-kube-local\actions-runner\.credentials'
[2026-02-17 03:13:32Z INFO ConfigurationStore] CredFilePath: C:\projects\bio-vanta-kube-local\actions-runner\.credentials
[2026-02-17 03:13:32Z INFO HostContext] Well known directory 'Bin': 'C:\projects\bio-vanta-kube-local\actions-runner\bin'
[2026-02-17 03:13:32Z INFO HostContext] Well known directory 'Root': 'C:\projects\bio-vanta-kube-local\actions-runner'
[2026-02-17 03:13:32Z INFO HostContext] Well known config file 'MigratedCredentials': 'C:\projects\bio-vanta-kube-local\actions-runner\.credentials_migrated'
[2026-02-17 03:13:32Z INFO ConfigurationStore] MigratedCredFilePath: C:\projects\bio-vanta-kube-local\actions-runner\.credentials_migrated
[2026-02-17 03:13:32Z INFO HostContext] Well known directory 'Bin': 'C:\projects\bio-vanta-kube-local\actions-runner\bin'
[2026-02-17 03:13:32Z INFO HostContext] Well known directory 'Root': 'C:\projects\bio-vanta-kube-local\actions-runner'
[2026-02-17 03:13:32Z INFO HostContext] Well known config file 'Service': 'C:\projects\bio-vanta-kube-local\actions-runner\.service'
[2026-02-17 03:13:32Z INFO ConfigurationStore] ServiceConfigFilePath: C:\projects\bio-vanta-kube-local\actions-runner\.service
[2026-02-17 03:13:32Z INFO CommandSettings] Flag 'help': 'False'
[2026-02-17 03:13:32Z INFO CommandSettings] Flag 'version': 'False'
[2026-02-17 03:13:32Z INFO CommandSettings] Flag 'commit': 'False'
[2026-02-17 03:13:32Z INFO CommandSettings] Flag 'check': 'False'
[2026-02-17 03:13:32Z INFO CommandSettings] Command 'configure': 'False'
[2026-02-17 03:13:32Z INFO CommandSettings] Command 'remove': 'False'
[2026-02-17 03:13:32Z INFO CommandSettings] Command 'warmup': 'False'
[2026-02-17 03:13:32Z INFO ConfigurationManager] LoadSettings
[2026-02-17 03:13:32Z INFO ConfigurationStore] IsConfigured()
[2026-02-17 03:13:32Z INFO ConfigurationStore] IsConfigured: True
[2026-02-17 03:13:32Z INFO ConfigurationManager] Is configured: True
[2026-02-17 03:13:32Z INFO ConfigurationStore] Read setting file: 410 chars
[2026-02-17 03:13:32Z INFO ConfigurationManager] Settings Loaded
[2026-02-17 03:13:32Z INFO ConfigurationStore] IsServiceConfigured()
[2026-02-17 03:13:32Z INFO ConfigurationStore] IsServiceConfigured: False
[2026-02-17 03:13:32Z INFO CommandSettings] Command 'run': 'True'
[2026-02-17 03:13:32Z INFO ConfigurationStore] IsConfigured()
[2026-02-17 03:13:32Z INFO ConfigurationStore] IsConfigured: True
[2026-02-17 03:13:32Z INFO ConfigurationManager] Is configured: True
[2026-02-17 03:13:32Z INFO Runner] Could not parse the argument value '' for StartupType. Defaulting to Manual
[2026-02-17 03:13:32Z INFO Runner] Set runner startup type - Manual
[2026-02-17 03:13:32Z INFO CommandSettings] Flag 'once': 'False'
[2026-02-17 03:13:32Z INFO CommandSettings] Flag 'once': 'False'
[2026-02-17 03:13:32Z INFO Runner] RunAsync
[2026-02-17 03:13:32Z INFO ConfigurationManager] LoadMigratedSettings
[2026-02-17 03:13:32Z INFO ConfigurationStore] IsMigratedConfigured()
[2026-02-17 03:13:32Z INFO ConfigurationStore] IsMigratedConfigured: False
[2026-02-17 03:13:32Z INFO Runner] Failed to load migrated settings: No migrated configuration found.
[2026-02-17 03:13:32Z INFO Runner] Falling back to original .runner settings
[2026-02-17 03:13:32Z INFO Runner] Using BrokerMessageListener
[2026-02-17 03:13:32Z INFO BrokerMessageListener] Using provided settings
[2026-02-17 03:13:32Z INFO BrokerMessageListener] {
  "AgentId": 2,
  "AgentName": "JUTHATHIP",
  "PoolId": 1,
  "PoolName": "Default",
  "ServerUrl": "https://pipelinesghubeus2.actions.githubusercontent.com/jOqMsT0rv3hL313qWXUJUGGfGTig2Okb22GKS85K1NnuojTVms/",
  "GitHubUrl": "https://github.com/JuthathipMae/bio-vanta-kube-localeiei2",
  "WorkFolder": "_work",
  "UseV2Flow": true,
  "ServerUrlV2": "https://broker.actions.githubusercontent.com/"
}
[2026-02-17 03:13:32Z INFO BrokerMessageListener] Loading Credentials
[2026-02-17 03:13:32Z INFO ConfigurationStore] HasCredentials()
[2026-02-17 03:13:32Z INFO ConfigurationStore] stored True
[2026-02-17 03:13:32Z INFO CredentialManager] GetCredentialProvider
[2026-02-17 03:13:32Z INFO CredentialManager] Creating type OAuth
[2026-02-17 03:13:32Z INFO CredentialManager] Creating credential type: OAuth
[2026-02-17 03:13:32Z INFO HostContext] Well known directory 'Bin': 'C:\projects\bio-vanta-kube-local\actions-runner\bin'
[2026-02-17 03:13:32Z INFO HostContext] Well known directory 'Root': 'C:\projects\bio-vanta-kube-local\actions-runner'
[2026-02-17 03:13:32Z INFO HostContext] Well known config file 'RSACredentials': 'C:\projects\bio-vanta-kube-local\actions-runner\.credentials_rsaparams'
[2026-02-17 03:13:32Z INFO RSAEncryptedFileKeyManager] Loading RSA key parameters from file C:\projects\bio-vanta-kube-local\actions-runner\.credentials_rsaparams
[2026-02-17 03:13:32Z INFO BrokerMessageListener] Attempt to create session.
[2026-02-17 03:13:32Z INFO BrokerMessageListener] Connecting to the Broker Server...
[2026-02-17 03:13:32Z INFO ConfigurationStore] HasCredentials()
[2026-02-17 03:13:32Z INFO ConfigurationStore] stored True
[2026-02-17 03:13:32Z INFO CredentialManager] GetCredentialProvider
[2026-02-17 03:13:32Z INFO CredentialManager] Creating type OAuth
[2026-02-17 03:13:32Z INFO CredentialManager] Creating credential type: OAuth
[2026-02-17 03:13:32Z INFO RSAEncryptedFileKeyManager] Loading RSA key parameters from file C:\projects\bio-vanta-kube-local\actions-runner\.credentials_rsaparams
[2026-02-17 03:13:32Z INFO BrokerMessageListener] VssConnection created
[2026-02-17 03:13:32Z INFO BrokerMessageListener] Connecting to the Runner server...
[2026-02-17 03:13:32Z INFO RunnerServer] EstablishVssConnection
[2026-02-17 03:13:32Z INFO RunnerServer] Establish connection with 100 seconds timeout.
[2026-02-17 03:13:32Z INFO GitHubActionsService] Starting operation Location.GetConnectionData
[2026-02-17 03:13:32Z INFO RunnerServer] EstablishVssConnection
[2026-02-17 03:13:32Z INFO RunnerServer] Establish connection with 60 seconds timeout.
[2026-02-17 03:13:32Z INFO GitHubActionsService] Starting operation Location.GetConnectionData
[2026-02-17 03:13:32Z INFO RunnerServer] EstablishVssConnection
[2026-02-17 03:13:32Z INFO RunnerServer] Establish connection with 60 seconds timeout.
[2026-02-17 03:13:32Z INFO GitHubActionsService] Starting operation Location.GetConnectionData
[2026-02-17 03:13:34Z INFO GitHubActionsService] Finished operation Location.GetConnectionData
[2026-02-17 03:13:34Z INFO GitHubActionsService] Finished operation Location.GetConnectionData
[2026-02-17 03:13:34Z INFO GitHubActionsService] Finished operation Location.GetConnectionData
[2026-02-17 03:13:34Z INFO BrokerMessageListener] VssConnection created
[2026-02-17 03:13:34Z INFO Terminal] WRITE LINE: 
[2026-02-17 03:13:34Z INFO Terminal] WRITE LINE: 
[2026-02-17 03:13:34Z INFO RSAEncryptedFileKeyManager] Loading RSA key parameters from file C:\projects\bio-vanta-kube-local\actions-runner\.credentials_rsaparams
[2026-02-17 03:13:34Z INFO RSAEncryptedFileKeyManager] Loading RSA key parameters from file C:\projects\bio-vanta-kube-local\actions-runner\.credentials_rsaparams
[2026-02-17 03:13:35Z INFO GitHubActionsService] AAD Correlation ID for this token request: Unknown
[2026-02-17 03:13:36Z INFO BrokerMessageListener] Session created.
[2026-02-17 03:13:36Z INFO Terminal] WRITE LINE: Current runner version: '2.331.0'
[2026-02-17 03:13:36Z INFO Terminal] WRITE LINE: 2026-02-17 03:13:36Z: Listening for Jobs
[2026-02-17 03:13:36Z INFO JobDispatcher] Set runner/worker IPC timeout to 30 seconds.
[2026-02-17 03:15:15Z INFO BrokerMessageListener] Acknowledging runner request '6bccac29-20be-5203-8b99-cdcc6062fe8c'.
[2026-02-17 03:15:16Z INFO ConfigurationStore] HasCredentials()
[2026-02-17 03:15:16Z INFO ConfigurationStore] stored True
[2026-02-17 03:15:16Z INFO CredentialManager] GetCredentialProvider
[2026-02-17 03:15:16Z INFO CredentialManager] Creating type OAuth
[2026-02-17 03:15:16Z INFO CredentialManager] Creating credential type: OAuth
[2026-02-17 03:15:16Z INFO RSAEncryptedFileKeyManager] Loading RSA key parameters from file C:\projects\bio-vanta-kube-local\actions-runner\.credentials_rsaparams
[2026-02-17 03:15:16Z INFO RSAEncryptedFileKeyManager] Loading RSA key parameters from file C:\projects\bio-vanta-kube-local\actions-runner\.credentials_rsaparams
[2026-02-17 03:15:16Z INFO RSAEncryptedFileKeyManager] Loading RSA key parameters from file C:\projects\bio-vanta-kube-local\actions-runner\.credentials_rsaparams
[2026-02-17 03:15:17Z INFO GitHubActionsService] AAD Correlation ID for this token request: Unknown
[2026-02-17 03:15:19Z INFO JobDispatcher] Job request 0 for plan fb0f7127-f11f-4329-9c6f-fdb44f33b80d job 6bccac29-20be-5203-8b99-cdcc6062fe8c received.
[2026-02-17 03:15:19Z INFO JobDispatcher] Pull OrchestrationId fb0f7127-f11f-4329-9c6f-fdb44f33b80d.deploy.__default from JWT claims
[2026-02-17 03:15:19Z INFO BrokerMessageListener] Received job status event. JobState: Busy
[2026-02-17 03:15:19Z INFO BrokerMessageListener] _getMessagesTokenSource is already disposed.
[2026-02-17 03:15:19Z INFO Terminal] WRITE LINE: 2026-02-17 03:15:19Z: Running job: deploy
[2026-02-17 03:15:19Z INFO JobDispatcher] Start renew job request 0 for job 6bccac29-20be-5203-8b99-cdcc6062fe8c.
[2026-02-17 03:15:21Z INFO JobDispatcher] Successfully renew job 6bccac29-20be-5203-8b99-cdcc6062fe8c, job is valid till 2/17/2026 3:25:21 AM
[2026-02-17 03:15:21Z INFO HostContext] Well known directory 'Bin': 'C:\projects\bio-vanta-kube-local\actions-runner\bin'
[2026-02-17 03:15:21Z INFO ProcessInvokerWrapper] Starting process:
[2026-02-17 03:15:21Z INFO ProcessInvokerWrapper]   File name: 'C:\projects\bio-vanta-kube-local\actions-runner\bin\Runner.Worker.exe'
[2026-02-17 03:15:21Z INFO ProcessInvokerWrapper]   Arguments: 'spawnclient 1272 1576'
[2026-02-17 03:15:21Z INFO ProcessInvokerWrapper]   Working directory: 'C:\projects\bio-vanta-kube-local\actions-runner\bin'
[2026-02-17 03:15:21Z INFO ProcessInvokerWrapper]   Require exit code zero: 'False'
[2026-02-17 03:15:21Z INFO ProcessInvokerWrapper]   Encoding web name:  ; code page: ''
[2026-02-17 03:15:21Z INFO ProcessInvokerWrapper]   Force kill process on cancellation: 'True'
[2026-02-17 03:15:21Z INFO ProcessInvokerWrapper]   Redirected STDIN: 'False'
[2026-02-17 03:15:21Z INFO ProcessInvokerWrapper]   Persist current code page: 'False'
[2026-02-17 03:15:21Z INFO ProcessInvokerWrapper]   Keep redirected STDIN open: 'False'
[2026-02-17 03:15:21Z INFO ProcessInvokerWrapper]   High priority process: 'True'
[2026-02-17 03:15:22Z INFO ProcessInvokerWrapper] Process started with process id 1192, waiting for process exit.
[2026-02-17 03:15:22Z INFO JobDispatcher] Send job request message to worker for job 6bccac29-20be-5203-8b99-cdcc6062fe8c.
[2026-02-17 03:15:22Z INFO ProcessChannel] Sending message of length 20526, with hash '56c6163bcafb0fb6119eb8351e972e66d8be9b43d6edef52b12fe409257f7496'
[2026-02-17 03:15:23Z INFO JobNotification] Entering JobStarted Notification
[2026-02-17 03:15:23Z INFO JobNotification] Entering StartMonitor
[2026-02-17 03:16:22Z INFO JobDispatcher] Successfully renew job 6bccac29-20be-5203-8b99-cdcc6062fe8c, job is valid till 2/17/2026 3:26:21 AM
[2026-02-17 03:17:22Z INFO JobDispatcher] Successfully renew job 6bccac29-20be-5203-8b99-cdcc6062fe8c, job is valid till 2/17/2026 3:27:22 AM
[2026-02-17 03:18:23Z INFO JobDispatcher] Successfully renew job 6bccac29-20be-5203-8b99-cdcc6062fe8c, job is valid till 2/17/2026 3:28:22 AM
[2026-02-17 03:19:23Z INFO JobDispatcher] Successfully renew job 6bccac29-20be-5203-8b99-cdcc6062fe8c, job is valid till 2/17/2026 3:29:22 AM
[2026-02-17 03:20:23Z INFO JobDispatcher] Successfully renew job 6bccac29-20be-5203-8b99-cdcc6062fe8c, job is valid till 2/17/2026 3:30:23 AM
[2026-02-17 03:21:24Z INFO JobDispatcher] Successfully renew job 6bccac29-20be-5203-8b99-cdcc6062fe8c, job is valid till 2/17/2026 3:31:23 AM
[2026-02-17 03:22:22Z INFO ProcessInvokerWrapper] STDOUT/STDERR stream read finished.
[2026-02-17 03:22:22Z INFO ProcessInvokerWrapper] STDOUT/STDERR stream read finished.
[2026-02-17 03:22:22Z INFO ProcessInvokerWrapper] Finished process 1192 with exit code 102, and elapsed time 00:07:00.9346791.
[2026-02-17 03:22:22Z INFO JobDispatcher] Worker finished for job 6bccac29-20be-5203-8b99-cdcc6062fe8c. Code: 102
[2026-02-17 03:22:22Z INFO JobDispatcher] finish job request for job 6bccac29-20be-5203-8b99-cdcc6062fe8c with result: Failed
[2026-02-17 03:22:22Z INFO Terminal] WRITE LINE: 2026-02-17 03:22:22Z: Job deploy completed with result: Failed
[2026-02-17 03:22:22Z INFO JobDispatcher] Stop renew job request for job 6bccac29-20be-5203-8b99-cdcc6062fe8c.
[2026-02-17 03:22:22Z INFO JobDispatcher] job renew has been cancelled, stop renew job 6bccac29-20be-5203-8b99-cdcc6062fe8c.
[2026-02-17 03:22:22Z INFO JobNotification] Entering JobCompleted Notification
[2026-02-17 03:22:22Z INFO JobNotification] Entering EndMonitor
[2026-02-17 03:22:22Z INFO BrokerMessageListener] Received job status event. JobState: Online
[2026-02-17 03:22:22Z WARN GitHubActionsService] GET request to https://broker.actions.githubusercontent.com/message?sessionId=421d586b-d54e-43bb-a9c3-df241f03f9b1&status=Busy&runnerVersion=2.331.0&os=Windows&architecture=X64&disableUpdate=false has been cancelled.
[2026-02-17 03:22:22Z ERR  BrokerServer] Catch exception during request
[2026-02-17 03:22:22Z ERR  BrokerServer] System.Threading.Tasks.TaskCanceledException: The operation was canceled.
 ---> System.Threading.Tasks.TaskCanceledException: The operation was canceled.
 ---> System.IO.IOException: Unable to read data from the transport connection: The I/O operation has been aborted because of either a thread exit or an application request..
 ---> System.Net.Sockets.SocketException (995): The I/O operation has been aborted because of either a thread exit or an application request.
   --- End of inner exception stack trace ---
   at System.Net.Sockets.Socket.AwaitableSocketAsyncEventArgs.ThrowException(SocketError error, CancellationToken cancellationToken)
   at System.Net.Sockets.Socket.AwaitableSocketAsyncEventArgs.System.Threading.Tasks.Sources.IValueTaskSource<System.Int32>.GetResult(Int16 token)
   at System.Net.Security.SslStream.EnsureFullTlsFrameAsync[TIOAdapter](CancellationToken cancellationToken, Int32 estimatedSize)
   at System.Runtime.CompilerServices.PoolingAsyncValueTaskMethodBuilder`1.StateMachineBox`1.System.Threading.Tasks.Sources.IValueTaskSource<TResult>.GetResult(Int16 token)
   at System.Net.Security.SslStream.ReadAsyncInternal[TIOAdapter](Memory`1 buffer, CancellationToken cancellationToken)
   at System.Runtime.CompilerServices.PoolingAsyncValueTaskMethodBuilder`1.StateMachineBox`1.System.Threading.Tasks.Sources.IValueTaskSource<TResult>.GetResult(Int16 token)
   at System.Net.Http.HttpConnection.SendAsync(HttpRequestMessage request, Boolean async, CancellationToken cancellationToken)
   --- End of inner exception stack trace ---
   at System.Net.Http.HttpConnection.SendAsync(HttpRequestMessage request, Boolean async, CancellationToken cancellationToken)
   at System.Net.Http.AuthenticationHelper.SendWithNtAuthAsync(HttpRequestMessage request, Uri authUri, Boolean async, ICredentials credentials, Boolean isProxyAuth, HttpConnection connection, HttpConnectionPool connectionPool, CancellationToken cancellationToken)
   at System.Net.Http.HttpConnectionPool.SendWithVersionDetectionAndRetryAsync(HttpRequestMessage request, Boolean async, Boolean doRequestAuth, CancellationToken cancellationToken)
   at System.Net.Http.AuthenticationHelper.SendWithAuthAsync(HttpRequestMessage request, Uri authUri, Boolean async, ICredentials credentials, Boolean preAuthenticate, Boolean isProxyAuth, Boolean doRequestAuth, HttpConnectionPool pool, CancellationToken cancellationToken)
   at System.Net.Http.RedirectHandler.SendAsync(HttpRequestMessage request, Boolean async, CancellationToken cancellationToken)
   at GitHub.Services.Common.RawHttpMessageHandler.SendAsync(HttpRequestMessage request, CancellationToken cancellationToken)
   at GitHub.Services.Common.VssHttpRetryMessageHandler.SendAsync(HttpRequestMessage request, CancellationToken cancellationToken)
   at System.Net.Http.HttpClient.<SendAsync>g__Core|83_0(HttpRequestMessage request, HttpCompletionOption completionOption, CancellationTokenSource cts, Boolean disposeCts, CancellationTokenSource pendingRequestsCts, CancellationToken originalCancellationToken)
   --- End of inner exception stack trace ---
   at System.Net.Http.HttpClient.HandleFailure(Exception e, Boolean telemetryStarted, HttpResponseMessage response, CancellationTokenSource cts, CancellationToken cancellationToken, CancellationTokenSource pendingRequestsCts)
   at System.Net.Http.HttpClient.<SendAsync>g__Core|83_0(HttpRequestMessage request, HttpCompletionOption completionOption, CancellationTokenSource cts, Boolean disposeCts, CancellationTokenSource pendingRequestsCts, CancellationToken originalCancellationToken)
   at Sdk.WebApi.WebApi.RawHttpClientBase.SendAsync(HttpRequestMessage message, HttpCompletionOption completionOption, Object userState, CancellationToken cancellationToken)
   at Sdk.WebApi.WebApi.RawHttpClientBase.SendAsync[T](HttpRequestMessage message, Boolean readErrorBody, Object userState, CancellationToken cancellationToken)
   at Sdk.WebApi.WebApi.RawHttpClientBase.SendAsync[T](HttpMethod method, IEnumerable`1 additionalHeaders, Uri requestUri, HttpContent content, IEnumerable`1 queryParameters, Boolean readErrorBody, Object userState, CancellationToken cancellationToken)
   at GitHub.Actions.RunService.WebApi.BrokerHttpClient.GetRunnerMessageAsync(Nullable`1 sessionId, String runnerVersion, Nullable`1 status, String os, String architecture, Nullable`1 disableUpdate, CancellationToken cancellationToken)
   at GitHub.Runner.Common.BrokerServer.<>c__DisplayClass7_0.<<GetRunnerMessageAsync>b__0>d.MoveNext()
--- End of stack trace from previous location ---
   at GitHub.Runner.Common.RunnerService.RetryRequest[T](Func`1 func, CancellationToken cancellationToken, Int32 maxAttempts, Func`2 shouldRetry)
[2026-02-17 03:22:22Z ERR  BrokerServer] #####################################################
[2026-02-17 03:22:22Z ERR  BrokerServer] System.Threading.Tasks.TaskCanceledException: The operation was canceled.
 ---> System.IO.IOException: Unable to read data from the transport connection: The I/O operation has been aborted because of either a thread exit or an application request..
 ---> System.Net.Sockets.SocketException (995): The I/O operation has been aborted because of either a thread exit or an application request.
   --- End of inner exception stack trace ---
   at System.Net.Sockets.Socket.AwaitableSocketAsyncEventArgs.ThrowException(SocketError error, CancellationToken cancellationToken)
   at System.Net.Sockets.Socket.AwaitableSocketAsyncEventArgs.System.Threading.Tasks.Sources.IValueTaskSource<System.Int32>.GetResult(Int16 token)
   at System.Net.Security.SslStream.EnsureFullTlsFrameAsync[TIOAdapter](CancellationToken cancellationToken, Int32 estimatedSize)
   at System.Runtime.CompilerServices.PoolingAsyncValueTaskMethodBuilder`1.StateMachineBox`1.System.Threading.Tasks.Sources.IValueTaskSource<TResult>.GetResult(Int16 token)
   at System.Net.Security.SslStream.ReadAsyncInternal[TIOAdapter](Memory`1 buffer, CancellationToken cancellationToken)
   at System.Runtime.CompilerServices.PoolingAsyncValueTaskMethodBuilder`1.StateMachineBox`1.System.Threading.Tasks.Sources.IValueTaskSource<TResult>.GetResult(Int16 token)
   at System.Net.Http.HttpConnection.SendAsync(HttpRequestMessage request, Boolean async, CancellationToken cancellationToken)
   --- End of inner exception stack trace ---
   at System.Net.Http.HttpConnection.SendAsync(HttpRequestMessage request, Boolean async, CancellationToken cancellationToken)
   at System.Net.Http.AuthenticationHelper.SendWithNtAuthAsync(HttpRequestMessage request, Uri authUri, Boolean async, ICredentials credentials, Boolean isProxyAuth, HttpConnection connection, HttpConnectionPool connectionPool, CancellationToken cancellationToken)
   at System.Net.Http.HttpConnectionPool.SendWithVersionDetectionAndRetryAsync(HttpRequestMessage request, Boolean async, Boolean doRequestAuth, CancellationToken cancellationToken)
   at System.Net.Http.AuthenticationHelper.SendWithAuthAsync(HttpRequestMessage request, Uri authUri, Boolean async, ICredentials credentials, Boolean preAuthenticate, Boolean isProxyAuth, Boolean doRequestAuth, HttpConnectionPool pool, CancellationToken cancellationToken)
   at System.Net.Http.RedirectHandler.SendAsync(HttpRequestMessage request, Boolean async, CancellationToken cancellationToken)
   at GitHub.Services.Common.RawHttpMessageHandler.SendAsync(HttpRequestMessage request, CancellationToken cancellationToken)
   at GitHub.Services.Common.VssHttpRetryMessageHandler.SendAsync(HttpRequestMessage request, CancellationToken cancellationToken)
   at System.Net.Http.HttpClient.<SendAsync>g__Core|83_0(HttpRequestMessage request, HttpCompletionOption completionOption, CancellationTokenSource cts, Boolean disposeCts, CancellationTokenSource pendingRequestsCts, CancellationToken originalCancellationToken)
[2026-02-17 03:22:22Z ERR  BrokerServer] #####################################################
[2026-02-17 03:22:22Z ERR  BrokerServer] System.IO.IOException: Unable to read data from the transport connection: The I/O operation has been aborted because of either a thread exit or an application request..
 ---> System.Net.Sockets.SocketException (995): The I/O operation has been aborted because of either a thread exit or an application request.
   --- End of inner exception stack trace ---
   at System.Net.Sockets.Socket.AwaitableSocketAsyncEventArgs.ThrowException(SocketError error, CancellationToken cancellationToken)
   at System.Net.Sockets.Socket.AwaitableSocketAsyncEventArgs.System.Threading.Tasks.Sources.IValueTaskSource<System.Int32>.GetResult(Int16 token)
   at System.Net.Security.SslStream.EnsureFullTlsFrameAsync[TIOAdapter](CancellationToken cancellationToken, Int32 estimatedSize)
   at System.Runtime.CompilerServices.PoolingAsyncValueTaskMethodBuilder`1.StateMachineBox`1.System.Threading.Tasks.Sources.IValueTaskSource<TResult>.GetResult(Int16 token)
   at System.Net.Security.SslStream.ReadAsyncInternal[TIOAdapter](Memory`1 buffer, CancellationToken cancellationToken)
   at System.Runtime.CompilerServices.PoolingAsyncValueTaskMethodBuilder`1.StateMachineBox`1.System.Threading.Tasks.Sources.IValueTaskSource<TResult>.GetResult(Int16 token)
   at System.Net.Http.HttpConnection.SendAsync(HttpRequestMessage request, Boolean async, CancellationToken cancellationToken)
[2026-02-17 03:22:22Z ERR  BrokerServer] #####################################################
[2026-02-17 03:22:22Z ERR  BrokerServer] System.Net.Sockets.SocketException (995): The I/O operation has been aborted because of either a thread exit or an application request.
[2026-02-17 03:22:22Z WARN BrokerServer] Back off 10.109 seconds before next retry. 4 attempt left.
[2026-02-17 03:22:22Z INFO BrokerMessageListener] Get messages has been cancelled using local token source. Continue to get messages with new status.
[2026-02-17 03:22:43Z INFO Terminal] WRITE LINE: Exiting...
[2026-02-17 03:22:43Z INFO ConfigurationStore] IsServiceConfigured()
[2026-02-17 03:22:43Z INFO ConfigurationStore] IsServiceConfigured: False
[2026-02-17 03:22:43Z INFO HostContext] Runner will be shutdown for UserCancelled
[2026-02-17 03:22:43Z WARN GitHubActionsService] GET request to https://broker.actions.githubusercontent.com/message?sessionId=421d586b-d54e-43bb-a9c3-df241f03f9b1&status=Online&runnerVersion=2.331.0&os=Windows&architecture=X64&disableUpdate=false has been cancelled.
[2026-02-17 03:22:43Z ERR  BrokerServer] Catch exception during request
[2026-02-17 03:22:43Z ERR  BrokerServer] System.Threading.Tasks.TaskCanceledException: The operation was canceled.
 ---> System.Threading.Tasks.TaskCanceledException: The operation was canceled.
 ---> System.IO.IOException: Unable to read data from the transport connection: The I/O operation has been aborted because of either a thread exit or an application request..
 ---> System.Net.Sockets.SocketException (995): The I/O operation has been aborted because of either a thread exit or an application request.
   --- End of inner exception stack trace ---
   at System.Net.Sockets.Socket.AwaitableSocketAsyncEventArgs.ThrowException(SocketError error, CancellationToken cancellationToken)
   at System.Net.Sockets.Socket.AwaitableSocketAsyncEventArgs.System.Threading.Tasks.Sources.IValueTaskSource<System.Int32>.GetResult(Int16 token)
   at System.Net.Security.SslStream.EnsureFullTlsFrameAsync[TIOAdapter](CancellationToken cancellationToken, Int32 estimatedSize)
   at System.Runtime.CompilerServices.PoolingAsyncValueTaskMethodBuilder`1.StateMachineBox`1.System.Threading.Tasks.Sources.IValueTaskSource<TResult>.GetResult(Int16 token)
   at System.Net.Security.SslStream.ReadAsyncInternal[TIOAdapter](Memory`1 buffer, CancellationToken cancellationToken)
   at System.Runtime.CompilerServices.PoolingAsyncValueTaskMethodBuilder`1.StateMachineBox`1.System.Threading.Tasks.Sources.IValueTaskSource<TResult>.GetResult(Int16 token)
   at System.Net.Http.HttpConnection.InitialFillAsync(Boolean async)
   at System.Net.Http.HttpConnection.SendAsync(HttpRequestMessage request, Boolean async, CancellationToken cancellationToken)
   --- End of inner exception stack trace ---
   at System.Net.Http.HttpConnection.SendAsync(HttpRequestMessage request, Boolean async, CancellationToken cancellationToken)
   at System.Net.Http.AuthenticationHelper.SendWithNtAuthAsync(HttpRequestMessage request, Uri authUri, Boolean async, ICredentials credentials, Boolean isProxyAuth, HttpConnection connection, HttpConnectionPool connectionPool, CancellationToken cancellationToken)
   at System.Net.Http.HttpConnectionPool.SendWithVersionDetectionAndRetryAsync(HttpRequestMessage request, Boolean async, Boolean doRequestAuth, CancellationToken cancellationToken)
   at System.Net.Http.AuthenticationHelper.SendWithAuthAsync(HttpRequestMessage request, Uri authUri, Boolean async, ICredentials credentials, Boolean preAuthenticate, Boolean isProxyAuth, Boolean doRequestAuth, HttpConnectionPool pool, CancellationToken cancellationToken)
   at System.Net.Http.RedirectHandler.SendAsync(HttpRequestMessage request, Boolean async, CancellationToken cancellationToken)
   at GitHub.Services.Common.RawHttpMessageHandler.SendAsync(HttpRequestMessage request, CancellationToken cancellationToken)
   at GitHub.Services.Common.VssHttpRetryMessageHandler.SendAsync(HttpRequestMessage request, CancellationToken cancellationToken)
   at System.Net.Http.HttpClient.<SendAsync>g__Core|83_0(HttpRequestMessage request, HttpCompletionOption completionOption, CancellationTokenSource cts, Boolean disposeCts, CancellationTokenSource pendingRequestsCts, CancellationToken originalCancellationToken)
   --- End of inner exception stack trace ---
   at System.Net.Http.HttpClient.HandleFailure(Exception e, Boolean telemetryStarted, HttpResponseMessage response, CancellationTokenSource cts, CancellationToken cancellationToken, CancellationTokenSource pendingRequestsCts)
   at System.Net.Http.HttpClient.<SendAsync>g__Core|83_0(HttpRequestMessage request, HttpCompletionOption completionOption, CancellationTokenSource cts, Boolean disposeCts, CancellationTokenSource pendingRequestsCts, CancellationToken originalCancellationToken)
   at Sdk.WebApi.WebApi.RawHttpClientBase.SendAsync(HttpRequestMessage message, HttpCompletionOption completionOption, Object userState, CancellationToken cancellationToken)
   at Sdk.WebApi.WebApi.RawHttpClientBase.SendAsync[T](HttpRequestMessage message, Boolean readErrorBody, Object userState, CancellationToken cancellationToken)
   at Sdk.WebApi.WebApi.RawHttpClientBase.SendAsync[T](HttpMethod method, IEnumerable`1 additionalHeaders, Uri requestUri, HttpContent content, IEnumerable`1 queryParameters, Boolean readErrorBody, Object userState, CancellationToken cancellationToken)
   at GitHub.Actions.RunService.WebApi.BrokerHttpClient.GetRunnerMessageAsync(Nullable`1 sessionId, String runnerVersion, Nullable`1 status, String os, String architecture, Nullable`1 disableUpdate, CancellationToken cancellationToken)
   at GitHub.Runner.Common.BrokerServer.<>c__DisplayClass7_0.<<GetRunnerMessageAsync>b__0>d.MoveNext()
--- End of stack trace from previous location ---
   at GitHub.Runner.Common.RunnerService.RetryRequest[T](Func`1 func, CancellationToken cancellationToken, Int32 maxAttempts, Func`2 shouldRetry)
[2026-02-17 03:22:43Z ERR  BrokerServer] #####################################################
[2026-02-17 03:22:43Z ERR  BrokerServer] System.Threading.Tasks.TaskCanceledException: The operation was canceled.
 ---> System.IO.IOException: Unable to read data from the transport connection: The I/O operation has been aborted because of either a thread exit or an application request..
 ---> System.Net.Sockets.SocketException (995): The I/O operation has been aborted because of either a thread exit or an application request.
   --- End of inner exception stack trace ---
   at System.Net.Sockets.Socket.AwaitableSocketAsyncEventArgs.ThrowException(SocketError error, CancellationToken cancellationToken)
   at System.Net.Sockets.Socket.AwaitableSocketAsyncEventArgs.System.Threading.Tasks.Sources.IValueTaskSource<System.Int32>.GetResult(Int16 token)
   at System.Net.Security.SslStream.EnsureFullTlsFrameAsync[TIOAdapter](CancellationToken cancellationToken, Int32 estimatedSize)
   at System.Runtime.CompilerServices.PoolingAsyncValueTaskMethodBuilder`1.StateMachineBox`1.System.Threading.Tasks.Sources.IValueTaskSource<TResult>.GetResult(Int16 token)
   at System.Net.Security.SslStream.ReadAsyncInternal[TIOAdapter](Memory`1 buffer, CancellationToken cancellationToken)
   at System.Runtime.CompilerServices.PoolingAsyncValueTaskMethodBuilder`1.StateMachineBox`1.System.Threading.Tasks.Sources.IValueTaskSource<TResult>.GetResult(Int16 token)
   at System.Net.Http.HttpConnection.InitialFillAsync(Boolean async)
   at System.Net.Http.HttpConnection.SendAsync(HttpRequestMessage request, Boolean async, CancellationToken cancellationToken)
   --- End of inner exception stack trace ---
   at System.Net.Http.HttpConnection.SendAsync(HttpRequestMessage request, Boolean async, CancellationToken cancellationToken)
   at System.Net.Http.AuthenticationHelper.SendWithNtAuthAsync(HttpRequestMessage request, Uri authUri, Boolean async, ICredentials credentials, Boolean isProxyAuth, HttpConnection connection, HttpConnectionPool connectionPool, CancellationToken cancellationToken)
   at System.Net.Http.HttpConnectionPool.SendWithVersionDetectionAndRetryAsync(HttpRequestMessage request, Boolean async, Boolean doRequestAuth, CancellationToken cancellationToken)
   at System.Net.Http.AuthenticationHelper.SendWithAuthAsync(HttpRequestMessage request, Uri authUri, Boolean async, ICredentials credentials, Boolean preAuthenticate, Boolean isProxyAuth, Boolean doRequestAuth, HttpConnectionPool pool, CancellationToken cancellationToken)
   at System.Net.Http.RedirectHandler.SendAsync(HttpRequestMessage request, Boolean async, CancellationToken cancellationToken)
   at GitHub.Services.Common.RawHttpMessageHandler.SendAsync(HttpRequestMessage request, CancellationToken cancellationToken)
   at GitHub.Services.Common.VssHttpRetryMessageHandler.SendAsync(HttpRequestMessage request, CancellationToken cancellationToken)
   at System.Net.Http.HttpClient.<SendAsync>g__Core|83_0(HttpRequestMessage request, HttpCompletionOption completionOption, CancellationTokenSource cts, Boolean disposeCts, CancellationTokenSource pendingRequestsCts, CancellationToken originalCancellationToken)
[2026-02-17 03:22:43Z ERR  BrokerServer] #####################################################
[2026-02-17 03:22:43Z ERR  BrokerServer] System.IO.IOException: Unable to read data from the transport connection: The I/O operation has been aborted because of either a thread exit or an application request..
 ---> System.Net.Sockets.SocketException (995): The I/O operation has been aborted because of either a thread exit or an application request.
   --- End of inner exception stack trace ---
   at System.Net.Sockets.Socket.AwaitableSocketAsyncEventArgs.ThrowException(SocketError error, CancellationToken cancellationToken)
   at System.Net.Sockets.Socket.AwaitableSocketAsyncEventArgs.System.Threading.Tasks.Sources.IValueTaskSource<System.Int32>.GetResult(Int16 token)
   at System.Net.Security.SslStream.EnsureFullTlsFrameAsync[TIOAdapter](CancellationToken cancellationToken, Int32 estimatedSize)
   at System.Runtime.CompilerServices.PoolingAsyncValueTaskMethodBuilder`1.StateMachineBox`1.System.Threading.Tasks.Sources.IValueTaskSource<TResult>.GetResult(Int16 token)
   at System.Net.Security.SslStream.ReadAsyncInternal[TIOAdapter](Memory`1 buffer, CancellationToken cancellationToken)
   at System.Runtime.CompilerServices.PoolingAsyncValueTaskMethodBuilder`1.StateMachineBox`1.System.Threading.Tasks.Sources.IValueTaskSource<TResult>.GetResult(Int16 token)
   at System.Net.Http.HttpConnection.InitialFillAsync(Boolean async)
   at System.Net.Http.HttpConnection.SendAsync(HttpRequestMessage request, Boolean async, CancellationToken cancellationToken)
[2026-02-17 03:22:43Z ERR  BrokerServer] #####################################################
[2026-02-17 03:22:43Z ERR  BrokerServer] System.Net.Sockets.SocketException (995): The I/O operation has been aborted because of either a thread exit or an application request.
[2026-02-17 03:22:43Z WARN BrokerServer] Back off 6.22 seconds before next retry. 4 attempt left.
[2026-02-17 03:22:43Z INFO BrokerMessageListener] Get next message has been cancelled.
[2026-02-17 03:22:43Z INFO JobDispatcher] Shutting down JobDispatcher. Make sure all WorkerDispatcher has finished.
[2026-02-17 03:22:43Z INFO JobDispatcher] Ensure WorkerDispatcher for job 6bccac29-20be-5203-8b99-cdcc6062fe8c run to finish, cancel any running job.
[2026-02-17 03:22:43Z INFO JobDispatcher] Job request 6bccac29-20be-5203-8b99-cdcc6062fe8c processed succeed.
[2026-02-17 03:22:43Z INFO Runner] Deleting Runner Session...
[2026-02-17 03:22:44Z INFO Listener] Runner execution been cancelled.
